Symlinking /home/glab/fetch_TAMP/devel/include/fetchit_challenge/SchunkMachineResult.h
Symlinking /home/glab/fetch_TAMP/devel/include/fetchit_challenge/SchunkMachineActionResult.h
Symlinking /home/glab/fetch_TAMP/devel/include/fetchit_challenge/SickCameraGoal.h
Symlinking /home/glab/fetch_TAMP/devel/include/fetchit_challenge/SchunkMachineActionFeedback.h
Symlinking /home/glab/fetch_TAMP/devel/include/fetchit_challenge/SickCameraFeedback.h
Symlinking /home/glab/fetch_TAMP/devel/include/fetchit_challenge/SickCameraAction.h
Symlinking /home/glab/fetch_TAMP/devel/include/fetchit_challenge/SickCameraActionFeedback.h
Symlinking /home/glab/fetch_TAMP/devel/include/fetchit_challenge/SchunkMachineGoal.h
Symlinking /home/glab/fetch_TAMP/devel/include/fetchit_challenge/SickCameraActionGoal.h
Symlinking /home/glab/fetch_TAMP/devel/include/fetchit_challenge/SickCameraResult.h
Symlinking /home/glab/fetch_TAMP/devel/include/fetchit_challenge/SchunkMachineActionGoal.h
Symlinking /home/glab/fetch_TAMP/devel/include/fetchit_challenge/SickCameraActionResult.h
Symlinking /home/glab/fetch_TAMP/devel/include/fetchit_challenge/SchunkMachineFeedback.h
Symlinking /home/glab/fetch_TAMP/devel/include/fetchit_challenge/SchunkMachineAction.h
Symlinking /home/glab/fetch_TAMP/devel/share/fetchit_challenge/msg/SchunkMachineResult.msg
Symlinking /home/glab/fetch_TAMP/devel/share/fetchit_challenge/msg/SchunkMachineAction.msg
Symlinking /home/glab/fetch_TAMP/devel/share/fetchit_challenge/msg/SickCameraGoal.msg
Symlinking /home/glab/fetch_TAMP/devel/share/fetchit_challenge/msg/SchunkMachineActionResult.msg
Symlinking /home/glab/fetch_TAMP/devel/share/fetchit_challenge/msg/SchunkMachineGoal.msg
Symlinking /home/glab/fetch_TAMP/devel/share/fetchit_challenge/msg/SchunkMachineActionGoal.msg
Symlinking /home/glab/fetch_TAMP/devel/share/fetchit_challenge/msg/SchunkMachineActionFeedback.msg
Symlinking /home/glab/fetch_TAMP/devel/share/fetchit_challenge/msg/SickCameraResult.msg
Symlinking /home/glab/fetch_TAMP/devel/share/fetchit_challenge/msg/SchunkMachineFeedback.msg
Symlinking /home/glab/fetch_TAMP/devel/share/fetchit_challenge/msg/SickCameraActionFeedback.msg
Symlinking /home/glab/fetch_TAMP/devel/share/fetchit_challenge/msg/SickCameraActionGoal.msg
Symlinking /home/glab/fetch_TAMP/devel/share/fetchit_challenge/msg/SickCameraActionResult.msg
Symlinking /home/glab/fetch_TAMP/devel/share/fetchit_challenge/msg/SickCameraFeedback.msg
Symlinking /home/glab/fetch_TAMP/devel/share/fetchit_challenge/msg/SickCameraAction.msg
Symlinking /home/glab/fetch_TAMP/devel/share/fetchit_challenge/cmake/fetchit_challenge-msg-extras.cmake
Symlinking /home/glab/fetch_TAMP/devel/share/fetchit_challenge/cmake/fetchit_challenge-msg-paths.cmake
Symlinking /home/glab/fetch_TAMP/devel/share/fetchit_challenge/cmake/fetchit_challengeConfig-version.cmake
Symlinking /home/glab/fetch_TAMP/devel/share/fetchit_challenge/cmake/fetchit_challengeConfig.cmake
Symlinking /home/glab/fetch_TAMP/devel/share/common-lisp/ros/fetchit_challenge/msg/SickCameraActionGoal.lisp
Symlinking /home/glab/fetch_TAMP/devel/share/common-lisp/ros/fetchit_challenge/msg/_package_SchunkMachineAction.lisp
Symlinking /home/glab/fetch_TAMP/devel/share/common-lisp/ros/fetchit_challenge/msg/_package_SickCameraActionGoal.lisp
Symlinking /home/glab/fetch_TAMP/devel/share/common-lisp/ros/fetchit_challenge/msg/SchunkMachineFeedback.lisp
Symlinking /home/glab/fetch_TAMP/devel/share/common-lisp/ros/fetchit_challenge/msg/SickCameraActionResult.lisp
Symlinking /home/glab/fetch_TAMP/devel/share/common-lisp/ros/fetchit_challenge/msg/fetchit_challenge-msg.asd
Symlinking /home/glab/fetch_TAMP/devel/share/common-lisp/ros/fetchit_challenge/msg/_package_SchunkMachineResult.lisp
Symlinking /home/glab/fetch_TAMP/devel/share/common-lisp/ros/fetchit_challenge/msg/SchunkMachineGoal.lisp
Symlinking /home/glab/fetch_TAMP/devel/share/common-lisp/ros/fetchit_challenge/msg/_package_SickCameraActionResult.lisp
Symlinking /home/glab/fetch_TAMP/devel/share/common-lisp/ros/fetchit_challenge/msg/_package_SickCameraGoal.lisp
Symlinking /home/glab/fetch_TAMP/devel/share/common-lisp/ros/fetchit_challenge/msg/SickCameraAction.lisp
Symlinking /home/glab/fetch_TAMP/devel/share/common-lisp/ros/fetchit_challenge/msg/_package_SchunkMachineActionFeedback.lisp
Symlinking /home/glab/fetch_TAMP/devel/share/common-lisp/ros/fetchit_challenge/msg/_package.lisp
Symlinking /home/glab/fetch_TAMP/devel/share/common-lisp/ros/fetchit_challenge/msg/SchunkMachineResult.lisp
Symlinking /home/glab/fetch_TAMP/devel/share/common-lisp/ros/fetchit_challenge/msg/SchunkMachineActionGoal.lisp
Symlinking /home/glab/fetch_TAMP/devel/share/common-lisp/ros/fetchit_challenge/msg/_package_SickCameraResult.lisp
Symlinking /home/glab/fetch_TAMP/devel/share/common-lisp/ros/fetchit_challenge/msg/SickCameraFeedback.lisp
Symlinking /home/glab/fetch_TAMP/devel/share/common-lisp/ros/fetchit_challenge/msg/_package_SickCameraActionFeedback.lisp
Symlinking /home/glab/fetch_TAMP/devel/share/common-lisp/ros/fetchit_challenge/msg/_package_SickCameraAction.lisp
Symlinking /home/glab/fetch_TAMP/devel/share/common-lisp/ros/fetchit_challenge/msg/_package_SchunkMachineFeedback.lisp
Symlinking /home/glab/fetch_TAMP/devel/share/common-lisp/ros/fetchit_challenge/msg/_package_SchunkMachineActionResult.lisp
Symlinking /home/glab/fetch_TAMP/devel/share/common-lisp/ros/fetchit_challenge/msg/SickCameraResult.lisp
Symlinking /home/glab/fetch_TAMP/devel/share/common-lisp/ros/fetchit_challenge/msg/SickCameraActionFeedback.lisp
Symlinking /home/glab/fetch_TAMP/devel/share/common-lisp/ros/fetchit_challenge/msg/_package_SchunkMachineActionGoal.lisp
Symlinking /home/glab/fetch_TAMP/devel/share/common-lisp/ros/fetchit_challenge/msg/SickCameraGoal.lisp
Symlinking /home/glab/fetch_TAMP/devel/share/common-lisp/ros/fetchit_challenge/msg/SchunkMachineActionResult.lisp
Symlinking /home/glab/fetch_TAMP/devel/share/common-lisp/ros/fetchit_challenge/msg/SchunkMachineActionFeedback.lisp
Symlinking /home/glab/fetch_TAMP/devel/share/common-lisp/ros/fetchit_challenge/msg/_package_SchunkMachineGoal.lisp
Symlinking /home/glab/fetch_TAMP/devel/share/common-lisp/ros/fetchit_challenge/msg/SchunkMachineAction.lisp
Symlinking /home/glab/fetch_TAMP/devel/share/common-lisp/ros/fetchit_challenge/msg/_package_SickCameraFeedback.lisp
Symlinking /home/glab/fetch_TAMP/devel/share/roseus/ros/fetchit_challenge/manifest.l
Symlinking /home/glab/fetch_TAMP/devel/share/roseus/ros/fetchit_challenge/msg/SchunkMachineFeedback.l
Symlinking /home/glab/fetch_TAMP/devel/share/roseus/ros/fetchit_challenge/msg/SickCameraActionFeedback.l
Symlinking /home/glab/fetch_TAMP/devel/share/roseus/ros/fetchit_challenge/msg/SchunkMachineActionGoal.l
Symlinking /home/glab/fetch_TAMP/devel/share/roseus/ros/fetchit_challenge/msg/SchunkMachineGoal.l
Symlinking /home/glab/fetch_TAMP/devel/share/roseus/ros/fetchit_challenge/msg/SickCameraActionGoal.l
Symlinking /home/glab/fetch_TAMP/devel/share/roseus/ros/fetchit_challenge/msg/SickCameraGoal.l
Symlinking /home/glab/fetch_TAMP/devel/share/roseus/ros/fetchit_challenge/msg/SickCameraActionResult.l
Symlinking /home/glab/fetch_TAMP/devel/share/roseus/ros/fetchit_challenge/msg/SickCameraResult.l
Symlinking /home/glab/fetch_TAMP/devel/share/roseus/ros/fetchit_challenge/msg/SchunkMachineActionResult.l
Symlinking /home/glab/fetch_TAMP/devel/share/roseus/ros/fetchit_challenge/msg/SchunkMachineResult.l
Symlinking /home/glab/fetch_TAMP/devel/share/roseus/ros/fetchit_challenge/msg/SchunkMachineAction.l
Symlinking /home/glab/fetch_TAMP/devel/share/roseus/ros/fetchit_challenge/msg/SickCameraFeedback.l
Symlinking /home/glab/fetch_TAMP/devel/share/roseus/ros/fetchit_challenge/msg/SickCameraAction.l
Symlinking /home/glab/fetch_TAMP/devel/share/roseus/ros/fetchit_challenge/msg/SchunkMachineActionFeedback.l
Symlinking /home/glab/fetch_TAMP/devel/share/gennodejs/ros/fetchit_challenge/_index.js
Symlinking /home/glab/fetch_TAMP/devel/share/gennodejs/ros/fetchit_challenge/msg/SchunkMachineAction.js
Symlinking /home/glab/fetch_TAMP/devel/share/gennodejs/ros/fetchit_challenge/msg/SickCameraResult.js
Symlinking /home/glab/fetch_TAMP/devel/share/gennodejs/ros/fetchit_challenge/msg/SickCameraAction.js
Symlinking /home/glab/fetch_TAMP/devel/share/gennodejs/ros/fetchit_challenge/msg/SchunkMachineResult.js
Symlinking /home/glab/fetch_TAMP/devel/share/gennodejs/ros/fetchit_challenge/msg/SickCameraActionFeedback.js
Symlinking /home/glab/fetch_TAMP/devel/share/gennodejs/ros/fetchit_challenge/msg/SickCameraGoal.js
Symlinking /home/glab/fetch_TAMP/devel/share/gennodejs/ros/fetchit_challenge/msg/SchunkMachineActionResult.js
Symlinking /home/glab/fetch_TAMP/devel/share/gennodejs/ros/fetchit_challenge/msg/SchunkMachineGoal.js
Symlinking /home/glab/fetch_TAMP/devel/share/gennodejs/ros/fetchit_challenge/msg/SchunkMachineActionFeedback.js
Symlinking /home/glab/fetch_TAMP/devel/share/gennodejs/ros/fetchit_challenge/msg/SickCameraFeedback.js
Symlinking /home/glab/fetch_TAMP/devel/share/gennodejs/ros/fetchit_challenge/msg/SickCameraActionResult.js
Symlinking /home/glab/fetch_TAMP/devel/share/gennodejs/ros/fetchit_challenge/msg/_index.js
Symlinking /home/glab/fetch_TAMP/devel/share/gennodejs/ros/fetchit_challenge/msg/SickCameraActionGoal.js
Symlinking /home/glab/fetch_TAMP/devel/share/gennodejs/ros/fetchit_challenge/msg/SchunkMachineActionGoal.js
Symlinking /home/glab/fetch_TAMP/devel/share/gennodejs/ros/fetchit_challenge/msg/SchunkMachineFeedback.js
Symlinking /home/glab/fetch_TAMP/devel/lib/python2.7/dist-packages/fetchit_challenge/__init__.py
Symlinking /home/glab/fetch_TAMP/devel/lib/python2.7/dist-packages/fetchit_challenge/msg/_SickCameraActionResult.py
Symlinking /home/glab/fetch_TAMP/devel/lib/python2.7/dist-packages/fetchit_challenge/msg/_SickCameraResult.py
Symlinking /home/glab/fetch_TAMP/devel/lib/python2.7/dist-packages/fetchit_challenge/msg/_SchunkMachineActionFeedback.py
Symlinking /home/glab/fetch_TAMP/devel/lib/python2.7/dist-packages/fetchit_challenge/msg/_SchunkMachineActionGoal.py
Symlinking /home/glab/fetch_TAMP/devel/lib/python2.7/dist-packages/fetchit_challenge/msg/_SickCameraFeedback.py
Symlinking /home/glab/fetch_TAMP/devel/lib/python2.7/dist-packages/fetchit_challenge/msg/_SickCameraActionFeedback.py
Symlinking /home/glab/fetch_TAMP/devel/lib/python2.7/dist-packages/fetchit_challenge/msg/_SchunkMachineResult.py
Symlinking /home/glab/fetch_TAMP/devel/lib/python2.7/dist-packages/fetchit_challenge/msg/__init__.py
Symlinking /home/glab/fetch_TAMP/devel/lib/python2.7/dist-packages/fetchit_challenge/msg/_SickCameraAction.py
Symlinking /home/glab/fetch_TAMP/devel/lib/python2.7/dist-packages/fetchit_challenge/msg/_SchunkMachineActionResult.py
Symlinking /home/glab/fetch_TAMP/devel/lib/python2.7/dist-packages/fetchit_challenge/msg/_SchunkMachineGoal.py
Symlinking /home/glab/fetch_TAMP/devel/lib/python2.7/dist-packages/fetchit_challenge/msg/_SchunkMachineFeedback.py
Symlinking /home/glab/fetch_TAMP/devel/lib/python2.7/dist-packages/fetchit_challenge/msg/_SickCameraGoal.py
Symlinking /home/glab/fetch_TAMP/devel/lib/python2.7/dist-packages/fetchit_challenge/msg/_SchunkMachineAction.py
Symlinking /home/glab/fetch_TAMP/devel/lib/python2.7/dist-packages/fetchit_challenge/msg/_SickCameraActionGoal.py
Symlinking /home/glab/fetch_TAMP/devel/lib/pkgconfig/fetchit_challenge.pc
