[35m[1mScanning dependencies of target _fetchit_challenge_generate_messages_check_deps_SickCameraFeedback[0m
[35m[1mScanning dependencies of target _fetchit_challenge_generate_messages_check_deps_SickCameraActionFeedback[0m
[35m[1mScanning dependencies of target _fetchit_challenge_generate_messages_check_deps_SchunkMachineGoal[0m
[35m[1mScanning dependencies of target _fetchit_challenge_generate_messages_check_deps_SickCameraResult[0m
[35m[1mScanning dependencies of target _fetchit_challenge_generate_messages_check_deps_SchunkMachineActionGoal[0m
[  0%] Built target _fetchit_challenge_generate_messages_check_deps_SickCameraActionFeedback
[  0%] Built target _fetchit_challenge_generate_messages_check_deps_SchunkMachineActionGoal
[  0%] Built target _fetchit_challenge_generate_messages_check_deps_SickCameraFeedback
[  0%] Built target _fetchit_challenge_generate_messages_check_deps_SchunkMachineGoal
[  0%] Built target _fetchit_challenge_generate_messages_check_deps_SickCameraResult
[35m[1mScanning dependencies of target _fetchit_challenge_generate_messages_check_deps_SickCameraActionGoal[0m
[35m[1mScanning dependencies of target _fetchit_challenge_generate_messages_check_deps_SchunkMachineAction[0m
[35m[1mScanning dependencies of target _fetchit_challenge_generate_messages_check_deps_SchunkMachineActionFeedback[0m
[35m[1mScanning dependencies of target _fetchit_challenge_generate_messages_check_deps_SickCameraAction[0m
[35m[1mScanning dependencies of target _fetchit_challenge_generate_messages_check_deps_SickCameraActionResult[0m
[  0%] Built target _fetchit_challenge_generate_messages_check_deps_SchunkMachineAction
[  0%] Built target _fetchit_challenge_generate_messages_check_deps_SickCameraAction
[  0%] Built target _fetchit_challenge_generate_messages_check_deps_SickCameraActionGoal
[  0%] Built target _fetchit_challenge_generate_messages_check_deps_SchunkMachineActionFeedback
[35m[1mScanning dependencies of target actionlib_msgs_generate_messages_cpp[0m
[35m[1mScanning dependencies of target _fetchit_challenge_generate_messages_check_deps_SickCameraGoal[0m
[  0%] Built target _fetchit_challenge_generate_messages_check_deps_SickCameraActionResult
[35m[1mScanning dependencies of target _fetchit_challenge_generate_messages_check_deps_SchunkMachineResult[0m
[35m[1mScanning dependencies of target _fetchit_challenge_generate_messages_check_deps_SchunkMachineFeedback[0m
[  0%] Built target actionlib_msgs_generate_messages_cpp
[35m[1mScanning dependencies of target actionlib_msgs_generate_messages_py[0m
[35m[1mScanning dependencies of target _fetchit_challenge_generate_messages_check_deps_SchunkMachineActionResult[0m
[  0%] Built target actionlib_msgs_generate_messages_py
[  0%] Built target _fetchit_challenge_generate_messages_check_deps_SickCameraGoal
[  0%] Built target _fetchit_challenge_generate_messages_check_deps_SchunkMachineFeedback
[  0%] Built target _fetchit_challenge_generate_messages_check_deps_SchunkMachineResult
[35m[1mScanning dependencies of target actionlib_msgs_generate_messages_lisp[0m
[35m[1mScanning dependencies of target actionlib_msgs_generate_messages_eus[0m
[35m[1mScanning dependencies of target actionlib_msgs_generate_messages_nodejs[0m
[  0%] Built target _fetchit_challenge_generate_messages_check_deps_SchunkMachineActionResult
[  0%] Built target actionlib_msgs_generate_messages_lisp
[  0%] Built target actionlib_msgs_generate_messages_eus
[  0%] Built target actionlib_msgs_generate_messages_nodejs
[35m[1mScanning dependencies of target fetchit_challenge_generate_messages_lisp[0m
[35m[1mScanning dependencies of target fetchit_challenge_generate_messages_py[0m
[35m[1mScanning dependencies of target fetchit_challenge_generate_messages_eus[0m
[35m[1mScanning dependencies of target fetchit_challenge_generate_messages_cpp[0m
[35m[1mScanning dependencies of target fetchit_challenge_generate_messages_nodejs[0m
[  2%] [34m[1mGenerating Lisp code from fetchit_challenge/SchunkMachineActionResult.msg[0m
[  2%] [34m[1mGenerating Python from MSG fetchit_challenge/SchunkMachineActionResult[0m
[  4%] [34m[1mGenerating C++ code from fetchit_challenge/SchunkMachineActionResult.msg[0m
[  5%] [34m[1mGenerating EusLisp code from fetchit_challenge/SchunkMachineActionResult.msg[0m
[  6%] [34m[1mGenerating Javascript code from fetchit_challenge/SchunkMachineActionResult.msg[0m
[  8%] [34m[1mGenerating Lisp code from fetchit_challenge/SickCameraActionFeedback.msg[0m
[  9%] [34m[1mGenerating Javascript code from fetchit_challenge/SickCameraActionFeedback.msg[0m
[ 11%] [34m[1mGenerating EusLisp code from fetchit_challenge/SickCameraActionFeedback.msg[0m
[ 12%] [34m[1mGenerating Lisp code from fetchit_challenge/SickCameraFeedback.msg[0m
[ 13%] [34m[1mGenerating Javascript code from fetchit_challenge/SickCameraFeedback.msg[0m
[ 15%] [34m[1mGenerating Python from MSG fetchit_challenge/SickCameraActionFeedback[0m
[ 16%] [34m[1mGenerating C++ code from fetchit_challenge/SickCameraActionFeedback.msg[0m
[ 18%] [34m[1mGenerating EusLisp code from fetchit_challenge/SickCameraFeedback.msg[0m
[ 19%] [34m[1mGenerating Javascript code from fetchit_challenge/SchunkMachineFeedback.msg[0m
[ 20%] [34m[1mGenerating Lisp code from fetchit_challenge/SchunkMachineFeedback.msg[0m
[ 22%] [34m[1mGenerating Python from MSG fetchit_challenge/SickCameraFeedback[0m
[ 23%] [34m[1mGenerating Javascript code from fetchit_challenge/SchunkMachineActionGoal.msg[0m
[ 25%] [34m[1mGenerating EusLisp code from fetchit_challenge/SchunkMachineFeedback.msg[0m
[ 26%] [34m[1mGenerating Lisp code from fetchit_challenge/SchunkMachineActionGoal.msg[0m
[ 27%] [34m[1mGenerating Javascript code from fetchit_challenge/SchunkMachineActionFeedback.msg[0m
[ 29%] [34m[1mGenerating Lisp code from fetchit_challenge/SchunkMachineActionFeedback.msg[0m
[ 30%] [34m[1mGenerating C++ code from fetchit_challenge/SickCameraFeedback.msg[0m
[ 31%] [34m[1mGenerating EusLisp code from fetchit_challenge/SchunkMachineActionGoal.msg[0m
[ 33%] [34m[1mGenerating Python from MSG fetchit_challenge/SchunkMachineFeedback[0m
[ 34%] [34m[1mGenerating Javascript code from fetchit_challenge/SickCameraActionGoal.msg[0m
[ 36%] [34m[1mGenerating Lisp code from fetchit_challenge/SickCameraActionGoal.msg[0m
[ 37%] [34m[1mGenerating EusLisp code from fetchit_challenge/SchunkMachineActionFeedback.msg[0m
[ 38%] [34m[1mGenerating Javascript code from fetchit_challenge/SickCameraResult.msg[0m
[ 40%] [34m[1mGenerating Lisp code from fetchit_challenge/SickCameraResult.msg[0m
[ 41%] [34m[1mGenerating Python from MSG fetchit_challenge/SchunkMachineActionGoal[0m
[ 43%] [34m[1mGenerating Javascript code from fetchit_challenge/SickCameraActionResult.msg[0m
[ 44%] [34m[1mGenerating Lisp code from fetchit_challenge/SickCameraActionResult.msg[0m
[ 45%] [34m[1mGenerating EusLisp code from fetchit_challenge/SickCameraActionGoal.msg[0m
[ 47%] [34m[1mGenerating C++ code from fetchit_challenge/SchunkMachineFeedback.msg[0m
[ 48%] [34m[1mGenerating Javascript code from fetchit_challenge/SickCameraAction.msg[0m
[ 50%] [34m[1mGenerating Lisp code from fetchit_challenge/SickCameraAction.msg[0m
[ 51%] [34m[1mGenerating Python from MSG fetchit_challenge/SchunkMachineActionFeedback[0m
[ 52%] [34m[1mGenerating Javascript code from fetchit_challenge/SickCameraGoal.msg[0m
[ 54%] [34m[1mGenerating Lisp code from fetchit_challenge/SickCameraGoal.msg[0m
[ 55%] [34m[1mGenerating EusLisp code from fetchit_challenge/SickCameraResult.msg[0m
[ 56%] [34m[1mGenerating Javascript code from fetchit_challenge/SchunkMachineGoal.msg[0m
[ 58%] [34m[1mGenerating Lisp code from fetchit_challenge/SchunkMachineGoal.msg[0m
[ 59%] [34m[1mGenerating Python from MSG fetchit_challenge/SickCameraActionGoal[0m
[ 61%] [34m[1mGenerating C++ code from fetchit_challenge/SchunkMachineActionGoal.msg[0m
[ 62%] [34m[1mGenerating EusLisp code from fetchit_challenge/SickCameraActionResult.msg[0m
[ 63%] [34m[1mGenerating Javascript code from fetchit_challenge/SchunkMachineResult.msg[0m
[ 65%] [34m[1mGenerating Lisp code from fetchit_challenge/SchunkMachineResult.msg[0m
[ 66%] [34m[1mGenerating Javascript code from fetchit_challenge/SchunkMachineAction.msg[0m
[ 68%] [34m[1mGenerating Lisp code from fetchit_challenge/SchunkMachineAction.msg[0m
[ 70%] [34m[1mGenerating Python from MSG fetchit_challenge/SickCameraResult[0m
[ 70%] [34m[1mGenerating EusLisp code from fetchit_challenge/SickCameraAction.msg[0m
[ 70%] Built target fetchit_challenge_generate_messages_nodejs
[ 70%] Built target fetchit_challenge_generate_messages_lisp
[ 72%] [34m[1mGenerating EusLisp code from fetchit_challenge/SickCameraGoal.msg[0m
[ 73%] [34m[1mGenerating EusLisp code from fetchit_challenge/SchunkMachineGoal.msg[0m
[ 75%] [34m[1mGenerating EusLisp code from fetchit_challenge/SchunkMachineResult.msg[0m
[ 76%] [34m[1mGenerating C++ code from fetchit_challenge/SchunkMachineActionFeedback.msg[0m
[ 77%] [34m[1mGenerating Python from MSG fetchit_challenge/SickCameraActionResult[0m
[ 79%] [34m[1mGenerating Python from MSG fetchit_challenge/SickCameraAction[0m
[ 80%] [34m[1mGenerating EusLisp code from fetchit_challenge/SchunkMachineAction.msg[0m
[ 81%] [34m[1mGenerating EusLisp manifest code for fetchit_challenge[0m
[ 83%] [34m[1mGenerating C++ code from fetchit_challenge/SickCameraActionGoal.msg[0m
[ 84%] [34m[1mGenerating Python from MSG fetchit_challenge/SickCameraGoal[0m
[ 86%] [34m[1mGenerating C++ code from fetchit_challenge/SickCameraResult.msg[0m
[ 87%] [34m[1mGenerating C++ code from fetchit_challenge/SickCameraActionResult.msg[0m
[ 88%] [34m[1mGenerating Python from MSG fetchit_challenge/SchunkMachineGoal[0m
[ 90%] [34m[1mGenerating C++ code from fetchit_challenge/SickCameraAction.msg[0m
[ 91%] [34m[1mGenerating C++ code from fetchit_challenge/SickCameraGoal.msg[0m
[ 93%] [34m[1mGenerating Python from MSG fetchit_challenge/SchunkMachineResult[0m
[ 94%] [34m[1mGenerating C++ code from fetchit_challenge/SchunkMachineGoal.msg[0m
[ 95%] [34m[1mGenerating Python from MSG fetchit_challenge/SchunkMachineAction[0m
[ 97%] [34m[1mGenerating C++ code from fetchit_challenge/SchunkMachineResult.msg[0m
[ 98%] [34m[1mGenerating C++ code from fetchit_challenge/SchunkMachineAction.msg[0m
[100%] [34m[1mGenerating Python msg __init__.py for fetchit_challenge[0m
[100%] Built target fetchit_challenge_generate_messages_py
[100%] Built target fetchit_challenge_generate_messages_cpp
[100%] Built target fetchit_challenge_generate_messages_eus
[35m[1mScanning dependencies of target fetchit_challenge_generate_messages[0m
[100%] Built target fetchit_challenge_generate_messages
