Linked: (/home/glab/fetch_TAMP/devel/.private/fetchit_challenge/include/fetchit_challenge/SchunkMachineResult.h, /home/glab/fetch_TAMP/devel/include/fetchit_challenge/SchunkMachineResult.h)
Linked: (/home/glab/fetch_TAMP/devel/.private/fetchit_challenge/include/fetchit_challenge/SchunkMachineActionResult.h, /home/glab/fetch_TAMP/devel/include/fetchit_challenge/SchunkMachineActionResult.h)
Linked: (/home/glab/fetch_TAMP/devel/.private/fetchit_challenge/include/fetchit_challenge/SickCameraGoal.h, /home/glab/fetch_TAMP/devel/include/fetchit_challenge/SickCameraGoal.h)
Linked: (/home/glab/fetch_TAMP/devel/.private/fetchit_challenge/include/fetchit_challenge/SchunkMachineActionFeedback.h, /home/glab/fetch_TAMP/devel/include/fetchit_challenge/SchunkMachineActionFeedback.h)
Linked: (/home/glab/fetch_TAMP/devel/.private/fetchit_challenge/include/fetchit_challenge/SickCameraFeedback.h, /home/glab/fetch_TAMP/devel/include/fetchit_challenge/SickCameraFeedback.h)
Linked: (/home/glab/fetch_TAMP/devel/.private/fetchit_challenge/include/fetchit_challenge/SickCameraAction.h, /home/glab/fetch_TAMP/devel/include/fetchit_challenge/SickCameraAction.h)
Linked: (/home/glab/fetch_TAMP/devel/.private/fetchit_challenge/include/fetchit_challenge/SickCameraActionFeedback.h, /home/glab/fetch_TAMP/devel/include/fetchit_challenge/SickCameraActionFeedback.h)
Linked: (/home/glab/fetch_TAMP/devel/.private/fetchit_challenge/include/fetchit_challenge/SchunkMachineGoal.h, /home/glab/fetch_TAMP/devel/include/fetchit_challenge/SchunkMachineGoal.h)
Linked: (/home/glab/fetch_TAMP/devel/.private/fetchit_challenge/include/fetchit_challenge/SickCameraActionGoal.h, /home/glab/fetch_TAMP/devel/include/fetchit_challenge/SickCameraActionGoal.h)
Linked: (/home/glab/fetch_TAMP/devel/.private/fetchit_challenge/include/fetchit_challenge/SickCameraResult.h, /home/glab/fetch_TAMP/devel/include/fetchit_challenge/SickCameraResult.h)
Linked: (/home/glab/fetch_TAMP/devel/.private/fetchit_challenge/include/fetchit_challenge/SchunkMachineActionGoal.h, /home/glab/fetch_TAMP/devel/include/fetchit_challenge/SchunkMachineActionGoal.h)
Linked: (/home/glab/fetch_TAMP/devel/.private/fetchit_challenge/include/fetchit_challenge/SickCameraActionResult.h, /home/glab/fetch_TAMP/devel/include/fetchit_challenge/SickCameraActionResult.h)
Linked: (/home/glab/fetch_TAMP/devel/.private/fetchit_challenge/include/fetchit_challenge/SchunkMachineFeedback.h, /home/glab/fetch_TAMP/devel/include/fetchit_challenge/SchunkMachineFeedback.h)
Linked: (/home/glab/fetch_TAMP/devel/.private/fetchit_challenge/include/fetchit_challenge/SchunkMachineAction.h, /home/glab/fetch_TAMP/devel/include/fetchit_challenge/SchunkMachineAction.h)
Linked: (/home/glab/fetch_TAMP/devel/.private/fetchit_challenge/share/fetchit_challenge/msg/SchunkMachineResult.msg, /home/glab/fetch_TAMP/devel/share/fetchit_challenge/msg/SchunkMachineResult.msg)
Linked: (/home/glab/fetch_TAMP/devel/.private/fetchit_challenge/share/fetchit_challenge/msg/SchunkMachineAction.msg, /home/glab/fetch_TAMP/devel/share/fetchit_challenge/msg/SchunkMachineAction.msg)
Linked: (/home/glab/fetch_TAMP/devel/.private/fetchit_challenge/share/fetchit_challenge/msg/SickCameraGoal.msg, /home/glab/fetch_TAMP/devel/share/fetchit_challenge/msg/SickCameraGoal.msg)
Linked: (/home/glab/fetch_TAMP/devel/.private/fetchit_challenge/share/fetchit_challenge/msg/SchunkMachineActionResult.msg, /home/glab/fetch_TAMP/devel/share/fetchit_challenge/msg/SchunkMachineActionResult.msg)
Linked: (/home/glab/fetch_TAMP/devel/.private/fetchit_challenge/share/fetchit_challenge/msg/SchunkMachineGoal.msg, /home/glab/fetch_TAMP/devel/share/fetchit_challenge/msg/SchunkMachineGoal.msg)
Linked: (/home/glab/fetch_TAMP/devel/.private/fetchit_challenge/share/fetchit_challenge/msg/SchunkMachineActionGoal.msg, /home/glab/fetch_TAMP/devel/share/fetchit_challenge/msg/SchunkMachineActionGoal.msg)
Linked: (/home/glab/fetch_TAMP/devel/.private/fetchit_challenge/share/fetchit_challenge/msg/SchunkMachineActionFeedback.msg, /home/glab/fetch_TAMP/devel/share/fetchit_challenge/msg/SchunkMachineActionFeedback.msg)
Linked: (/home/glab/fetch_TAMP/devel/.private/fetchit_challenge/share/fetchit_challenge/msg/SickCameraResult.msg, /home/glab/fetch_TAMP/devel/share/fetchit_challenge/msg/SickCameraResult.msg)
Linked: (/home/glab/fetch_TAMP/devel/.private/fetchit_challenge/share/fetchit_challenge/msg/SchunkMachineFeedback.msg, /home/glab/fetch_TAMP/devel/share/fetchit_challenge/msg/SchunkMachineFeedback.msg)
Linked: (/home/glab/fetch_TAMP/devel/.private/fetchit_challenge/share/fetchit_challenge/msg/SickCameraActionFeedback.msg, /home/glab/fetch_TAMP/devel/share/fetchit_challenge/msg/SickCameraActionFeedback.msg)
Linked: (/home/glab/fetch_TAMP/devel/.private/fetchit_challenge/share/fetchit_challenge/msg/SickCameraActionGoal.msg, /home/glab/fetch_TAMP/devel/share/fetchit_challenge/msg/SickCameraActionGoal.msg)
Linked: (/home/glab/fetch_TAMP/devel/.private/fetchit_challenge/share/fetchit_challenge/msg/SickCameraActionResult.msg, /home/glab/fetch_TAMP/devel/share/fetchit_challenge/msg/SickCameraActionResult.msg)
Linked: (/home/glab/fetch_TAMP/devel/.private/fetchit_challenge/share/fetchit_challenge/msg/SickCameraFeedback.msg, /home/glab/fetch_TAMP/devel/share/fetchit_challenge/msg/SickCameraFeedback.msg)
Linked: (/home/glab/fetch_TAMP/devel/.private/fetchit_challenge/share/fetchit_challenge/msg/SickCameraAction.msg, /home/glab/fetch_TAMP/devel/share/fetchit_challenge/msg/SickCameraAction.msg)
Linked: (/home/glab/fetch_TAMP/devel/.private/fetchit_challenge/share/fetchit_challenge/cmake/fetchit_challenge-msg-extras.cmake, /home/glab/fetch_TAMP/devel/share/fetchit_challenge/cmake/fetchit_challenge-msg-extras.cmake)
Linked: (/home/glab/fetch_TAMP/devel/.private/fetchit_challenge/share/fetchit_challenge/cmake/fetchit_challenge-msg-paths.cmake, /home/glab/fetch_TAMP/devel/share/fetchit_challenge/cmake/fetchit_challenge-msg-paths.cmake)
Linked: (/home/glab/fetch_TAMP/devel/.private/fetchit_challenge/share/fetchit_challenge/cmake/fetchit_challengeConfig-version.cmake, /home/glab/fetch_TAMP/devel/share/fetchit_challenge/cmake/fetchit_challengeConfig-version.cmake)
Linked: (/home/glab/fetch_TAMP/devel/.private/fetchit_challenge/share/fetchit_challenge/cmake/fetchit_challengeConfig.cmake, /home/glab/fetch_TAMP/devel/share/fetchit_challenge/cmake/fetchit_challengeConfig.cmake)
Linked: (/home/glab/fetch_TAMP/devel/.private/fetchit_challenge/share/common-lisp/ros/fetchit_challenge/msg/SickCameraActionGoal.lisp, /home/glab/fetch_TAMP/devel/share/common-lisp/ros/fetchit_challenge/msg/SickCameraActionGoal.lisp)
Linked: (/home/glab/fetch_TAMP/devel/.private/fetchit_challenge/share/common-lisp/ros/fetchit_challenge/msg/_package_SchunkMachineAction.lisp, /home/glab/fetch_TAMP/devel/share/common-lisp/ros/fetchit_challenge/msg/_package_SchunkMachineAction.lisp)
Linked: (/home/glab/fetch_TAMP/devel/.private/fetchit_challenge/share/common-lisp/ros/fetchit_challenge/msg/_package_SickCameraActionGoal.lisp, /home/glab/fetch_TAMP/devel/share/common-lisp/ros/fetchit_challenge/msg/_package_SickCameraActionGoal.lisp)
Linked: (/home/glab/fetch_TAMP/devel/.private/fetchit_challenge/share/common-lisp/ros/fetchit_challenge/msg/SchunkMachineFeedback.lisp, /home/glab/fetch_TAMP/devel/share/common-lisp/ros/fetchit_challenge/msg/SchunkMachineFeedback.lisp)
Linked: (/home/glab/fetch_TAMP/devel/.private/fetchit_challenge/share/common-lisp/ros/fetchit_challenge/msg/SickCameraActionResult.lisp, /home/glab/fetch_TAMP/devel/share/common-lisp/ros/fetchit_challenge/msg/SickCameraActionResult.lisp)
Linked: (/home/glab/fetch_TAMP/devel/.private/fetchit_challenge/share/common-lisp/ros/fetchit_challenge/msg/fetchit_challenge-msg.asd, /home/glab/fetch_TAMP/devel/share/common-lisp/ros/fetchit_challenge/msg/fetchit_challenge-msg.asd)
Linked: (/home/glab/fetch_TAMP/devel/.private/fetchit_challenge/share/common-lisp/ros/fetchit_challenge/msg/_package_SchunkMachineResult.lisp, /home/glab/fetch_TAMP/devel/share/common-lisp/ros/fetchit_challenge/msg/_package_SchunkMachineResult.lisp)
Linked: (/home/glab/fetch_TAMP/devel/.private/fetchit_challenge/share/common-lisp/ros/fetchit_challenge/msg/SchunkMachineGoal.lisp, /home/glab/fetch_TAMP/devel/share/common-lisp/ros/fetchit_challenge/msg/SchunkMachineGoal.lisp)
Linked: (/home/glab/fetch_TAMP/devel/.private/fetchit_challenge/share/common-lisp/ros/fetchit_challenge/msg/_package_SickCameraActionResult.lisp, /home/glab/fetch_TAMP/devel/share/common-lisp/ros/fetchit_challenge/msg/_package_SickCameraActionResult.lisp)
Linked: (/home/glab/fetch_TAMP/devel/.private/fetchit_challenge/share/common-lisp/ros/fetchit_challenge/msg/_package_SickCameraGoal.lisp, /home/glab/fetch_TAMP/devel/share/common-lisp/ros/fetchit_challenge/msg/_package_SickCameraGoal.lisp)
Linked: (/home/glab/fetch_TAMP/devel/.private/fetchit_challenge/share/common-lisp/ros/fetchit_challenge/msg/SickCameraAction.lisp, /home/glab/fetch_TAMP/devel/share/common-lisp/ros/fetchit_challenge/msg/SickCameraAction.lisp)
Linked: (/home/glab/fetch_TAMP/devel/.private/fetchit_challenge/share/common-lisp/ros/fetchit_challenge/msg/_package_SchunkMachineActionFeedback.lisp, /home/glab/fetch_TAMP/devel/share/common-lisp/ros/fetchit_challenge/msg/_package_SchunkMachineActionFeedback.lisp)
Linked: (/home/glab/fetch_TAMP/devel/.private/fetchit_challenge/share/common-lisp/ros/fetchit_challenge/msg/_package.lisp, /home/glab/fetch_TAMP/devel/share/common-lisp/ros/fetchit_challenge/msg/_package.lisp)
Linked: (/home/glab/fetch_TAMP/devel/.private/fetchit_challenge/share/common-lisp/ros/fetchit_challenge/msg/SchunkMachineResult.lisp, /home/glab/fetch_TAMP/devel/share/common-lisp/ros/fetchit_challenge/msg/SchunkMachineResult.lisp)
Linked: (/home/glab/fetch_TAMP/devel/.private/fetchit_challenge/share/common-lisp/ros/fetchit_challenge/msg/SchunkMachineActionGoal.lisp, /home/glab/fetch_TAMP/devel/share/common-lisp/ros/fetchit_challenge/msg/SchunkMachineActionGoal.lisp)
Linked: (/home/glab/fetch_TAMP/devel/.private/fetchit_challenge/share/common-lisp/ros/fetchit_challenge/msg/_package_SickCameraResult.lisp, /home/glab/fetch_TAMP/devel/share/common-lisp/ros/fetchit_challenge/msg/_package_SickCameraResult.lisp)
Linked: (/home/glab/fetch_TAMP/devel/.private/fetchit_challenge/share/common-lisp/ros/fetchit_challenge/msg/SickCameraFeedback.lisp, /home/glab/fetch_TAMP/devel/share/common-lisp/ros/fetchit_challenge/msg/SickCameraFeedback.lisp)
Linked: (/home/glab/fetch_TAMP/devel/.private/fetchit_challenge/share/common-lisp/ros/fetchit_challenge/msg/_package_SickCameraActionFeedback.lisp, /home/glab/fetch_TAMP/devel/share/common-lisp/ros/fetchit_challenge/msg/_package_SickCameraActionFeedback.lisp)
Linked: (/home/glab/fetch_TAMP/devel/.private/fetchit_challenge/share/common-lisp/ros/fetchit_challenge/msg/_package_SickCameraAction.lisp, /home/glab/fetch_TAMP/devel/share/common-lisp/ros/fetchit_challenge/msg/_package_SickCameraAction.lisp)
Linked: (/home/glab/fetch_TAMP/devel/.private/fetchit_challenge/share/common-lisp/ros/fetchit_challenge/msg/_package_SchunkMachineFeedback.lisp, /home/glab/fetch_TAMP/devel/share/common-lisp/ros/fetchit_challenge/msg/_package_SchunkMachineFeedback.lisp)
Linked: (/home/glab/fetch_TAMP/devel/.private/fetchit_challenge/share/common-lisp/ros/fetchit_challenge/msg/_package_SchunkMachineActionResult.lisp, /home/glab/fetch_TAMP/devel/share/common-lisp/ros/fetchit_challenge/msg/_package_SchunkMachineActionResult.lisp)
Linked: (/home/glab/fetch_TAMP/devel/.private/fetchit_challenge/share/common-lisp/ros/fetchit_challenge/msg/SickCameraResult.lisp, /home/glab/fetch_TAMP/devel/share/common-lisp/ros/fetchit_challenge/msg/SickCameraResult.lisp)
Linked: (/home/glab/fetch_TAMP/devel/.private/fetchit_challenge/share/common-lisp/ros/fetchit_challenge/msg/SickCameraActionFeedback.lisp, /home/glab/fetch_TAMP/devel/share/common-lisp/ros/fetchit_challenge/msg/SickCameraActionFeedback.lisp)
Linked: (/home/glab/fetch_TAMP/devel/.private/fetchit_challenge/share/common-lisp/ros/fetchit_challenge/msg/_package_SchunkMachineActionGoal.lisp, /home/glab/fetch_TAMP/devel/share/common-lisp/ros/fetchit_challenge/msg/_package_SchunkMachineActionGoal.lisp)
Linked: (/home/glab/fetch_TAMP/devel/.private/fetchit_challenge/share/common-lisp/ros/fetchit_challenge/msg/SickCameraGoal.lisp, /home/glab/fetch_TAMP/devel/share/common-lisp/ros/fetchit_challenge/msg/SickCameraGoal.lisp)
Linked: (/home/glab/fetch_TAMP/devel/.private/fetchit_challenge/share/common-lisp/ros/fetchit_challenge/msg/SchunkMachineActionResult.lisp, /home/glab/fetch_TAMP/devel/share/common-lisp/ros/fetchit_challenge/msg/SchunkMachineActionResult.lisp)
Linked: (/home/glab/fetch_TAMP/devel/.private/fetchit_challenge/share/common-lisp/ros/fetchit_challenge/msg/SchunkMachineActionFeedback.lisp, /home/glab/fetch_TAMP/devel/share/common-lisp/ros/fetchit_challenge/msg/SchunkMachineActionFeedback.lisp)
Linked: (/home/glab/fetch_TAMP/devel/.private/fetchit_challenge/share/common-lisp/ros/fetchit_challenge/msg/_package_SchunkMachineGoal.lisp, /home/glab/fetch_TAMP/devel/share/common-lisp/ros/fetchit_challenge/msg/_package_SchunkMachineGoal.lisp)
Linked: (/home/glab/fetch_TAMP/devel/.private/fetchit_challenge/share/common-lisp/ros/fetchit_challenge/msg/SchunkMachineAction.lisp, /home/glab/fetch_TAMP/devel/share/common-lisp/ros/fetchit_challenge/msg/SchunkMachineAction.lisp)
Linked: (/home/glab/fetch_TAMP/devel/.private/fetchit_challenge/share/common-lisp/ros/fetchit_challenge/msg/_package_SickCameraFeedback.lisp, /home/glab/fetch_TAMP/devel/share/common-lisp/ros/fetchit_challenge/msg/_package_SickCameraFeedback.lisp)
Linked: (/home/glab/fetch_TAMP/devel/.private/fetchit_challenge/share/roseus/ros/fetchit_challenge/manifest.l, /home/glab/fetch_TAMP/devel/share/roseus/ros/fetchit_challenge/manifest.l)
Linked: (/home/glab/fetch_TAMP/devel/.private/fetchit_challenge/share/roseus/ros/fetchit_challenge/msg/SchunkMachineFeedback.l, /home/glab/fetch_TAMP/devel/share/roseus/ros/fetchit_challenge/msg/SchunkMachineFeedback.l)
Linked: (/home/glab/fetch_TAMP/devel/.private/fetchit_challenge/share/roseus/ros/fetchit_challenge/msg/SickCameraActionFeedback.l, /home/glab/fetch_TAMP/devel/share/roseus/ros/fetchit_challenge/msg/SickCameraActionFeedback.l)
Linked: (/home/glab/fetch_TAMP/devel/.private/fetchit_challenge/share/roseus/ros/fetchit_challenge/msg/SchunkMachineActionGoal.l, /home/glab/fetch_TAMP/devel/share/roseus/ros/fetchit_challenge/msg/SchunkMachineActionGoal.l)
Linked: (/home/glab/fetch_TAMP/devel/.private/fetchit_challenge/share/roseus/ros/fetchit_challenge/msg/SchunkMachineGoal.l, /home/glab/fetch_TAMP/devel/share/roseus/ros/fetchit_challenge/msg/SchunkMachineGoal.l)
Linked: (/home/glab/fetch_TAMP/devel/.private/fetchit_challenge/share/roseus/ros/fetchit_challenge/msg/SickCameraActionGoal.l, /home/glab/fetch_TAMP/devel/share/roseus/ros/fetchit_challenge/msg/SickCameraActionGoal.l)
Linked: (/home/glab/fetch_TAMP/devel/.private/fetchit_challenge/share/roseus/ros/fetchit_challenge/msg/SickCameraGoal.l, /home/glab/fetch_TAMP/devel/share/roseus/ros/fetchit_challenge/msg/SickCameraGoal.l)
Linked: (/home/glab/fetch_TAMP/devel/.private/fetchit_challenge/share/roseus/ros/fetchit_challenge/msg/SickCameraActionResult.l, /home/glab/fetch_TAMP/devel/share/roseus/ros/fetchit_challenge/msg/SickCameraActionResult.l)
Linked: (/home/glab/fetch_TAMP/devel/.private/fetchit_challenge/share/roseus/ros/fetchit_challenge/msg/SickCameraResult.l, /home/glab/fetch_TAMP/devel/share/roseus/ros/fetchit_challenge/msg/SickCameraResult.l)
Linked: (/home/glab/fetch_TAMP/devel/.private/fetchit_challenge/share/roseus/ros/fetchit_challenge/msg/SchunkMachineActionResult.l, /home/glab/fetch_TAMP/devel/share/roseus/ros/fetchit_challenge/msg/SchunkMachineActionResult.l)
Linked: (/home/glab/fetch_TAMP/devel/.private/fetchit_challenge/share/roseus/ros/fetchit_challenge/msg/SchunkMachineResult.l, /home/glab/fetch_TAMP/devel/share/roseus/ros/fetchit_challenge/msg/SchunkMachineResult.l)
Linked: (/home/glab/fetch_TAMP/devel/.private/fetchit_challenge/share/roseus/ros/fetchit_challenge/msg/SchunkMachineAction.l, /home/glab/fetch_TAMP/devel/share/roseus/ros/fetchit_challenge/msg/SchunkMachineAction.l)
Linked: (/home/glab/fetch_TAMP/devel/.private/fetchit_challenge/share/roseus/ros/fetchit_challenge/msg/SickCameraFeedback.l, /home/glab/fetch_TAMP/devel/share/roseus/ros/fetchit_challenge/msg/SickCameraFeedback.l)
Linked: (/home/glab/fetch_TAMP/devel/.private/fetchit_challenge/share/roseus/ros/fetchit_challenge/msg/SickCameraAction.l, /home/glab/fetch_TAMP/devel/share/roseus/ros/fetchit_challenge/msg/SickCameraAction.l)
Linked: (/home/glab/fetch_TAMP/devel/.private/fetchit_challenge/share/roseus/ros/fetchit_challenge/msg/SchunkMachineActionFeedback.l, /home/glab/fetch_TAMP/devel/share/roseus/ros/fetchit_challenge/msg/SchunkMachineActionFeedback.l)
Linked: (/home/glab/fetch_TAMP/devel/.private/fetchit_challenge/share/gennodejs/ros/fetchit_challenge/_index.js, /home/glab/fetch_TAMP/devel/share/gennodejs/ros/fetchit_challenge/_index.js)
Linked: (/home/glab/fetch_TAMP/devel/.private/fetchit_challenge/share/gennodejs/ros/fetchit_challenge/msg/SchunkMachineAction.js, /home/glab/fetch_TAMP/devel/share/gennodejs/ros/fetchit_challenge/msg/SchunkMachineAction.js)
Linked: (/home/glab/fetch_TAMP/devel/.private/fetchit_challenge/share/gennodejs/ros/fetchit_challenge/msg/SickCameraResult.js, /home/glab/fetch_TAMP/devel/share/gennodejs/ros/fetchit_challenge/msg/SickCameraResult.js)
Linked: (/home/glab/fetch_TAMP/devel/.private/fetchit_challenge/share/gennodejs/ros/fetchit_challenge/msg/SickCameraAction.js, /home/glab/fetch_TAMP/devel/share/gennodejs/ros/fetchit_challenge/msg/SickCameraAction.js)
Linked: (/home/glab/fetch_TAMP/devel/.private/fetchit_challenge/share/gennodejs/ros/fetchit_challenge/msg/SchunkMachineResult.js, /home/glab/fetch_TAMP/devel/share/gennodejs/ros/fetchit_challenge/msg/SchunkMachineResult.js)
Linked: (/home/glab/fetch_TAMP/devel/.private/fetchit_challenge/share/gennodejs/ros/fetchit_challenge/msg/SickCameraActionFeedback.js, /home/glab/fetch_TAMP/devel/share/gennodejs/ros/fetchit_challenge/msg/SickCameraActionFeedback.js)
Linked: (/home/glab/fetch_TAMP/devel/.private/fetchit_challenge/share/gennodejs/ros/fetchit_challenge/msg/SickCameraGoal.js, /home/glab/fetch_TAMP/devel/share/gennodejs/ros/fetchit_challenge/msg/SickCameraGoal.js)
Linked: (/home/glab/fetch_TAMP/devel/.private/fetchit_challenge/share/gennodejs/ros/fetchit_challenge/msg/SchunkMachineActionResult.js, /home/glab/fetch_TAMP/devel/share/gennodejs/ros/fetchit_challenge/msg/SchunkMachineActionResult.js)
Linked: (/home/glab/fetch_TAMP/devel/.private/fetchit_challenge/share/gennodejs/ros/fetchit_challenge/msg/SchunkMachineGoal.js, /home/glab/fetch_TAMP/devel/share/gennodejs/ros/fetchit_challenge/msg/SchunkMachineGoal.js)
Linked: (/home/glab/fetch_TAMP/devel/.private/fetchit_challenge/share/gennodejs/ros/fetchit_challenge/msg/SchunkMachineActionFeedback.js, /home/glab/fetch_TAMP/devel/share/gennodejs/ros/fetchit_challenge/msg/SchunkMachineActionFeedback.js)
Linked: (/home/glab/fetch_TAMP/devel/.private/fetchit_challenge/share/gennodejs/ros/fetchit_challenge/msg/SickCameraFeedback.js, /home/glab/fetch_TAMP/devel/share/gennodejs/ros/fetchit_challenge/msg/SickCameraFeedback.js)
Linked: (/home/glab/fetch_TAMP/devel/.private/fetchit_challenge/share/gennodejs/ros/fetchit_challenge/msg/SickCameraActionResult.js, /home/glab/fetch_TAMP/devel/share/gennodejs/ros/fetchit_challenge/msg/SickCameraActionResult.js)
Linked: (/home/glab/fetch_TAMP/devel/.private/fetchit_challenge/share/gennodejs/ros/fetchit_challenge/msg/_index.js, /home/glab/fetch_TAMP/devel/share/gennodejs/ros/fetchit_challenge/msg/_index.js)
Linked: (/home/glab/fetch_TAMP/devel/.private/fetchit_challenge/share/gennodejs/ros/fetchit_challenge/msg/SickCameraActionGoal.js, /home/glab/fetch_TAMP/devel/share/gennodejs/ros/fetchit_challenge/msg/SickCameraActionGoal.js)
Linked: (/home/glab/fetch_TAMP/devel/.private/fetchit_challenge/share/gennodejs/ros/fetchit_challenge/msg/SchunkMachineActionGoal.js, /home/glab/fetch_TAMP/devel/share/gennodejs/ros/fetchit_challenge/msg/SchunkMachineActionGoal.js)
Linked: (/home/glab/fetch_TAMP/devel/.private/fetchit_challenge/share/gennodejs/ros/fetchit_challenge/msg/SchunkMachineFeedback.js, /home/glab/fetch_TAMP/devel/share/gennodejs/ros/fetchit_challenge/msg/SchunkMachineFeedback.js)
Linked: (/home/glab/fetch_TAMP/devel/.private/fetchit_challenge/lib/python2.7/dist-packages/fetchit_challenge/__init__.py, /home/glab/fetch_TAMP/devel/lib/python2.7/dist-packages/fetchit_challenge/__init__.py)
Linked: (/home/glab/fetch_TAMP/devel/.private/fetchit_challenge/lib/python2.7/dist-packages/fetchit_challenge/msg/_SickCameraActionResult.py, /home/glab/fetch_TAMP/devel/lib/python2.7/dist-packages/fetchit_challenge/msg/_SickCameraActionResult.py)
Linked: (/home/glab/fetch_TAMP/devel/.private/fetchit_challenge/lib/python2.7/dist-packages/fetchit_challenge/msg/_SickCameraResult.py, /home/glab/fetch_TAMP/devel/lib/python2.7/dist-packages/fetchit_challenge/msg/_SickCameraResult.py)
Linked: (/home/glab/fetch_TAMP/devel/.private/fetchit_challenge/lib/python2.7/dist-packages/fetchit_challenge/msg/_SchunkMachineActionFeedback.py, /home/glab/fetch_TAMP/devel/lib/python2.7/dist-packages/fetchit_challenge/msg/_SchunkMachineActionFeedback.py)
Linked: (/home/glab/fetch_TAMP/devel/.private/fetchit_challenge/lib/python2.7/dist-packages/fetchit_challenge/msg/_SchunkMachineActionGoal.py, /home/glab/fetch_TAMP/devel/lib/python2.7/dist-packages/fetchit_challenge/msg/_SchunkMachineActionGoal.py)
Linked: (/home/glab/fetch_TAMP/devel/.private/fetchit_challenge/lib/python2.7/dist-packages/fetchit_challenge/msg/_SickCameraFeedback.py, /home/glab/fetch_TAMP/devel/lib/python2.7/dist-packages/fetchit_challenge/msg/_SickCameraFeedback.py)
Linked: (/home/glab/fetch_TAMP/devel/.private/fetchit_challenge/lib/python2.7/dist-packages/fetchit_challenge/msg/_SickCameraActionFeedback.py, /home/glab/fetch_TAMP/devel/lib/python2.7/dist-packages/fetchit_challenge/msg/_SickCameraActionFeedback.py)
Linked: (/home/glab/fetch_TAMP/devel/.private/fetchit_challenge/lib/python2.7/dist-packages/fetchit_challenge/msg/_SchunkMachineResult.py, /home/glab/fetch_TAMP/devel/lib/python2.7/dist-packages/fetchit_challenge/msg/_SchunkMachineResult.py)
Linked: (/home/glab/fetch_TAMP/devel/.private/fetchit_challenge/lib/python2.7/dist-packages/fetchit_challenge/msg/__init__.py, /home/glab/fetch_TAMP/devel/lib/python2.7/dist-packages/fetchit_challenge/msg/__init__.py)
Linked: (/home/glab/fetch_TAMP/devel/.private/fetchit_challenge/lib/python2.7/dist-packages/fetchit_challenge/msg/_SickCameraAction.py, /home/glab/fetch_TAMP/devel/lib/python2.7/dist-packages/fetchit_challenge/msg/_SickCameraAction.py)
Linked: (/home/glab/fetch_TAMP/devel/.private/fetchit_challenge/lib/python2.7/dist-packages/fetchit_challenge/msg/_SchunkMachineActionResult.py, /home/glab/fetch_TAMP/devel/lib/python2.7/dist-packages/fetchit_challenge/msg/_SchunkMachineActionResult.py)
Linked: (/home/glab/fetch_TAMP/devel/.private/fetchit_challenge/lib/python2.7/dist-packages/fetchit_challenge/msg/_SchunkMachineGoal.py, /home/glab/fetch_TAMP/devel/lib/python2.7/dist-packages/fetchit_challenge/msg/_SchunkMachineGoal.py)
Linked: (/home/glab/fetch_TAMP/devel/.private/fetchit_challenge/lib/python2.7/dist-packages/fetchit_challenge/msg/_SchunkMachineFeedback.py, /home/glab/fetch_TAMP/devel/lib/python2.7/dist-packages/fetchit_challenge/msg/_SchunkMachineFeedback.py)
Linked: (/home/glab/fetch_TAMP/devel/.private/fetchit_challenge/lib/python2.7/dist-packages/fetchit_challenge/msg/_SickCameraGoal.py, /home/glab/fetch_TAMP/devel/lib/python2.7/dist-packages/fetchit_challenge/msg/_SickCameraGoal.py)
Linked: (/home/glab/fetch_TAMP/devel/.private/fetchit_challenge/lib/python2.7/dist-packages/fetchit_challenge/msg/_SchunkMachineAction.py, /home/glab/fetch_TAMP/devel/lib/python2.7/dist-packages/fetchit_challenge/msg/_SchunkMachineAction.py)
Linked: (/home/glab/fetch_TAMP/devel/.private/fetchit_challenge/lib/python2.7/dist-packages/fetchit_challenge/msg/_SickCameraActionGoal.py, /home/glab/fetch_TAMP/devel/lib/python2.7/dist-packages/fetchit_challenge/msg/_SickCameraActionGoal.py)
Linked: (/home/glab/fetch_TAMP/devel/.private/fetchit_challenge/lib/pkgconfig/fetchit_challenge.pc, /home/glab/fetch_TAMP/devel/lib/pkgconfig/fetchit_challenge.pc)
