[35m[1mScanning dependencies of target sensor_msgs_generate_messages_cpp[0m
[  0%] Built target sensor_msgs_generate_messages_cpp
[35m[1mScanning dependencies of target nav_msgs_generate_messages_cpp[0m
[  0%] Built target nav_msgs_generate_messages_cpp
[35m[1mScanning dependencies of target _occupancy_grid_utils_generate_messages_check_deps_NavigationFunction[0m
[  0%] Built target _occupancy_grid_utils_generate_messages_check_deps_NavigationFunction
[35m[1mScanning dependencies of target geometry_msgs_generate_messages_cpp[0m
[  0%] Built target geometry_msgs_generate_messages_cpp
[35m[1mScanning dependencies of target _occupancy_grid_utils_generate_messages_check_deps_OverlayClouds[0m
[  0%] Built target _occupancy_grid_utils_generate_messages_check_deps_OverlayClouds
[35m[1mScanning dependencies of target _occupancy_grid_utils_generate_messages_check_deps_LocalizedCloud[0m
[  0%] Built target _occupancy_grid_utils_generate_messages_check_deps_LocalizedCloud
[35m[1mScanning dependencies of target sensor_msgs_generate_messages_lisp[0m
[  0%] Built target sensor_msgs_generate_messages_lisp
[35m[1mScanning dependencies of target geometry_msgs_generate_messages_lisp[0m
[  0%] Built target geometry_msgs_generate_messages_lisp
[35m[1mScanning dependencies of target nav_msgs_generate_messages_lisp[0m
[  0%] Built target nav_msgs_generate_messages_lisp
[35m[1mScanning dependencies of target sensor_msgs_generate_messages_nodejs[0m
[  0%] Built target sensor_msgs_generate_messages_nodejs
[35m[1mScanning dependencies of target geometry_msgs_generate_messages_nodejs[0m
[  0%] Built target geometry_msgs_generate_messages_nodejs
[35m[1mScanning dependencies of target nav_msgs_generate_messages_nodejs[0m
[  0%] Built target nav_msgs_generate_messages_nodejs
[35m[1mScanning dependencies of target sensor_msgs_generate_messages_py[0m
[  0%] Built target sensor_msgs_generate_messages_py
[35m[1mScanning dependencies of target geometry_msgs_generate_messages_py[0m
[  0%] Built target geometry_msgs_generate_messages_py
[35m[1mScanning dependencies of target nav_msgs_generate_messages_py[0m
[  0%] Built target nav_msgs_generate_messages_py
[35m[1mScanning dependencies of target sensor_msgs_generate_messages_eus[0m
[  0%] Built target sensor_msgs_generate_messages_eus
[35m[1mScanning dependencies of target geometry_msgs_generate_messages_eus[0m
[  0%] Built target geometry_msgs_generate_messages_eus
[35m[1mScanning dependencies of target nav_msgs_generate_messages_eus[0m
[  0%] Built target nav_msgs_generate_messages_eus
[35m[1mScanning dependencies of target occupancy_grid_utils_generate_messages_cpp[0m
[  3%] [34m[1mGenerating C++ code from occupancy_grid_utils/NavigationFunction.msg[0m
[  6%] [34m[1mGenerating C++ code from occupancy_grid_utils/OverlayClouds.msg[0m
[ 10%] [34m[1mGenerating C++ code from occupancy_grid_utils/LocalizedCloud.msg[0m
[ 10%] Built target occupancy_grid_utils_generate_messages_cpp
[35m[1mScanning dependencies of target occupancy_grid_utils_generate_messages_lisp[0m
[ 13%] [34m[1mGenerating Lisp code from occupancy_grid_utils/NavigationFunction.msg[0m
[ 17%] [34m[1mGenerating Lisp code from occupancy_grid_utils/OverlayClouds.msg[0m
[ 20%] [34m[1mGenerating Lisp code from occupancy_grid_utils/LocalizedCloud.msg[0m
[ 20%] Built target occupancy_grid_utils_generate_messages_lisp
[35m[1mScanning dependencies of target occupancy_grid_utils_generate_messages_nodejs[0m
[ 24%] [34m[1mGenerating Javascript code from occupancy_grid_utils/NavigationFunction.msg[0m
[ 27%] [34m[1mGenerating Javascript code from occupancy_grid_utils/OverlayClouds.msg[0m
[ 31%] [34m[1mGenerating Javascript code from occupancy_grid_utils/LocalizedCloud.msg[0m
[ 31%] Built target occupancy_grid_utils_generate_messages_nodejs
[35m[1mScanning dependencies of target occupancy_grid_utils_generate_messages_py[0m
[ 34%] [34m[1mGenerating Python from MSG occupancy_grid_utils/NavigationFunction[0m
[35m[1mScanning dependencies of target occupancy_grid_utils_generate_messages_eus[0m
[ 37%] [34m[1mGenerating EusLisp code from occupancy_grid_utils/NavigationFunction.msg[0m
[ 41%] [34m[1mGenerating EusLisp code from occupancy_grid_utils/OverlayClouds.msg[0m
[ 44%] [34m[1mGenerating Python from MSG occupancy_grid_utils/OverlayClouds[0m
[ 48%] [34m[1mGenerating EusLisp code from occupancy_grid_utils/LocalizedCloud.msg[0m
[ 51%] [34m[1mGenerating Python from MSG occupancy_grid_utils/LocalizedCloud[0m
[ 55%] [34m[1mGenerating EusLisp manifest code for occupancy_grid_utils[0m
[ 58%] [34m[1mGenerating Python msg __init__.py for occupancy_grid_utils[0m
[ 58%] Built target occupancy_grid_utils_generate_messages_py
[35m[1mScanning dependencies of target grid_utils[0m
[ 62%] [32mBuilding CXX object CMakeFiles/grid_utils.dir/src/ray_tracer.cpp.o[0m
[ 62%] Built target occupancy_grid_utils_generate_messages_eus
[35m[1mScanning dependencies of target occupancy_grid_utils_generate_messages[0m
[ 62%] Built target occupancy_grid_utils_generate_messages
[ 65%] [32mBuilding CXX object CMakeFiles/grid_utils.dir/src/grid_overlay.cpp.o[0m
[ 68%] [32mBuilding CXX object CMakeFiles/grid_utils.dir/src/shortest_path.cpp.o[0m
[ 72%] [32mBuilding CXX object CMakeFiles/grid_utils.dir/src/coordinate_conversions.cpp.o[0m
[ 75%] [32mBuilding CXX object CMakeFiles/grid_utils.dir/src/combine_grids.cpp.o[0m
[ 79%] [32mBuilding CXX object CMakeFiles/grid_utils.dir/src/geometry.cpp.o[0m
[ 82%] [32mBuilding CXX object CMakeFiles/grid_utils.dir/src/file.cpp.o[0m
[ 86%] [32m[1mLinking CXX shared library /home/glab/fetch_TAMP/devel/.private/occupancy_grid_utils/lib/libgrid_utils.so[0m
[ 86%] Built target grid_utils
[35m[1mScanning dependencies of target grid_construction_node[0m
[ 89%] [32mBuilding CXX object CMakeFiles/grid_construction_node.dir/src/examples/grid_construction_node.cpp.o[0m
[35m[1mScanning dependencies of target grid_utils_boost_python_exports[0m
[ 93%] [32mBuilding CXX object CMakeFiles/grid_utils_boost_python_exports.dir/src/boost_python_exports.cpp.o[0m
[ 96%] [32m[1mLinking CXX executable /home/glab/fetch_TAMP/devel/.private/occupancy_grid_utils/lib/occupancy_grid_utils/grid_construction_node[0m
[ 96%] Built target grid_construction_node
[100%] [32m[1mLinking CXX shared library /home/glab/fetch_TAMP/devel/.private/occupancy_grid_utils/lib/libgrid_utils_boost_python_exports.so[0m
[100%] Built target grid_utils_boost_python_exports
