[  0%] Built target rosgraph_msgs_generate_messages_lisp
[  0%] Built target diagnostic_msgs_generate_messages_lisp
[  0%] Built target diagnostic_msgs_generate_messages_eus
[  0%] Built target diagnostic_msgs_generate_messages_cpp
[  0%] Built target roscpp_generate_messages_cpp
[  0%] Built target rosplan_knowledge_msgs_generate_messages_lisp
[  0%] Built target rosplan_knowledge_msgs_generate_messages_eus
[  0%] Built target roscpp_generate_messages_py
[  0%] Built target diagnostic_msgs_generate_messages_nodejs
[  0%] Built target _catkin_empty_exported_target
[  0%] Built target rosgraph_msgs_generate_messages_cpp
[  0%] Built target std_msgs_generate_messages_cpp
[  0%] Built target rosplan_knowledge_msgs_generate_messages_py
[  0%] Built target rosplan_knowledge_msgs_generate_messages_cpp
[  0%] Built target std_msgs_generate_messages_eus
[  0%] Built target diagnostic_msgs_generate_messages_py
[  0%] Built target rosgraph_msgs_generate_messages_nodejs
[  0%] Built target rosgraph_msgs_generate_messages_py
[  0%] Built target rosplan_knowledge_msgs_generate_messages_nodejs
[  0%] Built target std_msgs_generate_messages_lisp
[  0%] Built target std_msgs_generate_messages_nodejs
[  0%] Built target std_msgs_generate_messages_py
[  0%] Built target geometry_msgs_generate_messages_lisp
[  0%] Built target geometry_msgs_generate_messages_cpp
[  0%] Built target roscpp_generate_messages_lisp
[  0%] Built target geometry_msgs_generate_messages_nodejs
[  0%] Built target geometry_msgs_generate_messages_eus
[  0%] Built target geometry_msgs_generate_messages_py
[  0%] Built target roscpp_generate_messages_nodejs
[  0%] Built target roscpp_generate_messages_eus
[  0%] Built target rosgraph_msgs_generate_messages_eus
[  7%] Built target ippc_server
[ 15%] Built target val_kcl
[ 50%] Built target rddl_parser
[100%] Built target ppddl_parser
