Determining if the pthread_create exist failed with the following output:
Change Dir: /home/glab/fetch_TAMP/build/fetch_gazebo_demo/CMakeFiles/CMakeTmp

Run Build Command:"/usr/bin/make" "cmTC_43859/fast"
/usr/bin/make -f CMakeFiles/cmTC_43859.dir/build.make CMakeFiles/cmTC_43859.dir/build
make[1]: 디렉터리 '/home/glab/fetch_TAMP/build/fetch_gazebo_demo/CMakeFiles/CMakeTmp' 들어감
Building C object CMakeFiles/cmTC_43859.dir/CheckSymbolExists.c.o
/usr/bin/cc    -o CMakeFiles/cmTC_43859.dir/CheckSymbolExists.c.o   -c /home/glab/fetch_TAMP/build/fetch_gazebo_demo/CMakeFiles/CMakeTmp/CheckSymbolExists.c
Linking C executable cmTC_43859
/usr/bin/cmake -E cmake_link_script CMakeFiles/cmTC_43859.dir/link.txt --verbose=1
/usr/bin/cc      -rdynamic CMakeFiles/cmTC_43859.dir/CheckSymbolExists.c.o  -o cmTC_43859 
CMakeFiles/cmTC_43859.dir/CheckSymbolExists.c.o: In function `main':
CheckSymbolExists.c:(.text+0x1b): undefined reference to `pthread_create'
collect2: error: ld returned 1 exit status
CMakeFiles/cmTC_43859.dir/build.make:97: recipe for target 'cmTC_43859' failed
make[1]: *** [cmTC_43859] Error 1
make[1]: 디렉터리 '/home/glab/fetch_TAMP/build/fetch_gazebo_demo/CMakeFiles/CMakeTmp' 나감
Makefile:126: recipe for target 'cmTC_43859/fast' failed
make: *** [cmTC_43859/fast] Error 2

File /home/glab/fetch_TAMP/build/fetch_gazebo_demo/CMakeFiles/CMakeTmp/CheckSymbolExists.c:
/* */
#include <pthread.h>

int main(int argc, char** argv)
{
  (void)argv;
#ifndef pthread_create
  return ((int*)(&pthread_create))[argc];
#else
  (void)argc;
  return 0;
#endif
}

Determining if the function pthread_create exists in the pthreads failed with the following output:
Change Dir: /home/glab/fetch_TAMP/build/fetch_gazebo_demo/CMakeFiles/CMakeTmp

Run Build Command:"/usr/bin/make" "cmTC_0f7ad/fast"
/usr/bin/make -f CMakeFiles/cmTC_0f7ad.dir/build.make CMakeFiles/cmTC_0f7ad.dir/build
make[1]: 디렉터리 '/home/glab/fetch_TAMP/build/fetch_gazebo_demo/CMakeFiles/CMakeTmp' 들어감
Building C object CMakeFiles/cmTC_0f7ad.dir/CheckFunctionExists.c.o
/usr/bin/cc   -DCHECK_FUNCTION_EXISTS=pthread_create   -o CMakeFiles/cmTC_0f7ad.dir/CheckFunctionExists.c.o   -c /usr/share/cmake-3.10/Modules/CheckFunctionExists.c
Linking C executable cmTC_0f7ad
/usr/bin/cmake -E cmake_link_script CMakeFiles/cmTC_0f7ad.dir/link.txt --verbose=1
/usr/bin/cc  -DCHECK_FUNCTION_EXISTS=pthread_create    -rdynamic CMakeFiles/cmTC_0f7ad.dir/CheckFunctionExists.c.o  -o cmTC_0f7ad -lpthreads 
/usr/bin/ld: cannot find -lpthreads
collect2: error: ld returned 1 exit status
CMakeFiles/cmTC_0f7ad.dir/build.make:97: recipe for target 'cmTC_0f7ad' failed
make[1]: *** [cmTC_0f7ad] Error 1
make[1]: 디렉터리 '/home/glab/fetch_TAMP/build/fetch_gazebo_demo/CMakeFiles/CMakeTmp' 나감
Makefile:126: recipe for target 'cmTC_0f7ad/fast' failed
make: *** [cmTC_0f7ad/fast] Error 2


