Determining if the pthread_create exist failed with the following output:
Change Dir: /home/glab/fetch_TAMP/build/rosplan_stage_demo/CMakeFiles/CMakeTmp

Run Build Command:"/usr/bin/make" "cmTC_13d87/fast"
/usr/bin/make -f CMakeFiles/cmTC_13d87.dir/build.make CMakeFiles/cmTC_13d87.dir/build
make[1]: 디렉터리 '/home/glab/fetch_TAMP/build/rosplan_stage_demo/CMakeFiles/CMakeTmp' 들어감
Building C object CMakeFiles/cmTC_13d87.dir/CheckSymbolExists.c.o
/usr/bin/cc    -o CMakeFiles/cmTC_13d87.dir/CheckSymbolExists.c.o   -c /home/glab/fetch_TAMP/build/rosplan_stage_demo/CMakeFiles/CMakeTmp/CheckSymbolExists.c
Linking C executable cmTC_13d87
/usr/bin/cmake -E cmake_link_script CMakeFiles/cmTC_13d87.dir/link.txt --verbose=1
/usr/bin/cc      -rdynamic CMakeFiles/cmTC_13d87.dir/CheckSymbolExists.c.o  -o cmTC_13d87 
CMakeFiles/cmTC_13d87.dir/CheckSymbolExists.c.o: In function `main':
CheckSymbolExists.c:(.text+0x1b): undefined reference to `pthread_create'
collect2: error: ld returned 1 exit status
CMakeFiles/cmTC_13d87.dir/build.make:97: recipe for target 'cmTC_13d87' failed
make[1]: *** [cmTC_13d87] Error 1
make[1]: 디렉터리 '/home/glab/fetch_TAMP/build/rosplan_stage_demo/CMakeFiles/CMakeTmp' 나감
Makefile:126: recipe for target 'cmTC_13d87/fast' failed
make: *** [cmTC_13d87/fast] Error 2

File /home/glab/fetch_TAMP/build/rosplan_stage_demo/CMakeFiles/CMakeTmp/CheckSymbolExists.c:
/* */
#include <pthread.h>

int main(int argc, char** argv)
{
  (void)argv;
#ifndef pthread_create
  return ((int*)(&pthread_create))[argc];
#else
  (void)argc;
  return 0;
#endif
}

Determining if the function pthread_create exists in the pthreads failed with the following output:
Change Dir: /home/glab/fetch_TAMP/build/rosplan_stage_demo/CMakeFiles/CMakeTmp

Run Build Command:"/usr/bin/make" "cmTC_1031f/fast"
/usr/bin/make -f CMakeFiles/cmTC_1031f.dir/build.make CMakeFiles/cmTC_1031f.dir/build
make[1]: 디렉터리 '/home/glab/fetch_TAMP/build/rosplan_stage_demo/CMakeFiles/CMakeTmp' 들어감
Building C object CMakeFiles/cmTC_1031f.dir/CheckFunctionExists.c.o
/usr/bin/cc   -DCHECK_FUNCTION_EXISTS=pthread_create   -o CMakeFiles/cmTC_1031f.dir/CheckFunctionExists.c.o   -c /usr/share/cmake-3.10/Modules/CheckFunctionExists.c
Linking C executable cmTC_1031f
/usr/bin/cmake -E cmake_link_script CMakeFiles/cmTC_1031f.dir/link.txt --verbose=1
/usr/bin/cc  -DCHECK_FUNCTION_EXISTS=pthread_create    -rdynamic CMakeFiles/cmTC_1031f.dir/CheckFunctionExists.c.o  -o cmTC_1031f -lpthreads 
/usr/bin/ld: cannot find -lpthreads
collect2: error: ld returned 1 exit status
CMakeFiles/cmTC_1031f.dir/build.make:97: recipe for target 'cmTC_1031f' failed
make[1]: *** [cmTC_1031f] Error 1
make[1]: 디렉터리 '/home/glab/fetch_TAMP/build/rosplan_stage_demo/CMakeFiles/CMakeTmp' 나감
Makefile:126: recipe for target 'cmTC_1031f/fast' failed
make: *** [cmTC_1031f/fast] Error 2


