Determining if the pthread_create exist failed with the following output:
Change Dir: /home/glab/fetch_TAMP/build/rosplan_stage_waypoint_demo/CMakeFiles/CMakeTmp

Run Build Command:"/usr/bin/make" "cmTC_0993f/fast"
/usr/bin/make -f CMakeFiles/cmTC_0993f.dir/build.make CMakeFiles/cmTC_0993f.dir/build
make[1]: 디렉터리 '/home/glab/fetch_TAMP/build/rosplan_stage_waypoint_demo/CMakeFiles/CMakeTmp' 들어감
Building C object CMakeFiles/cmTC_0993f.dir/CheckSymbolExists.c.o
/usr/bin/cc    -o CMakeFiles/cmTC_0993f.dir/CheckSymbolExists.c.o   -c /home/glab/fetch_TAMP/build/rosplan_stage_waypoint_demo/CMakeFiles/CMakeTmp/CheckSymbolExists.c
Linking C executable cmTC_0993f
/usr/bin/cmake -E cmake_link_script CMakeFiles/cmTC_0993f.dir/link.txt --verbose=1
/usr/bin/cc      -rdynamic CMakeFiles/cmTC_0993f.dir/CheckSymbolExists.c.o  -o cmTC_0993f 
CMakeFiles/cmTC_0993f.dir/CheckSymbolExists.c.o: In function `main':
CheckSymbolExists.c:(.text+0x1b): undefined reference to `pthread_create'
collect2: error: ld returned 1 exit status
CMakeFiles/cmTC_0993f.dir/build.make:97: recipe for target 'cmTC_0993f' failed
make[1]: *** [cmTC_0993f] Error 1
make[1]: 디렉터리 '/home/glab/fetch_TAMP/build/rosplan_stage_waypoint_demo/CMakeFiles/CMakeTmp' 나감
Makefile:126: recipe for target 'cmTC_0993f/fast' failed
make: *** [cmTC_0993f/fast] Error 2

File /home/glab/fetch_TAMP/build/rosplan_stage_waypoint_demo/CMakeFiles/CMakeTmp/CheckSymbolExists.c:
/* */
#include <pthread.h>

int main(int argc, char** argv)
{
  (void)argv;
#ifndef pthread_create
  return ((int*)(&pthread_create))[argc];
#else
  (void)argc;
  return 0;
#endif
}

Determining if the function pthread_create exists in the pthreads failed with the following output:
Change Dir: /home/glab/fetch_TAMP/build/rosplan_stage_waypoint_demo/CMakeFiles/CMakeTmp

Run Build Command:"/usr/bin/make" "cmTC_27c93/fast"
/usr/bin/make -f CMakeFiles/cmTC_27c93.dir/build.make CMakeFiles/cmTC_27c93.dir/build
make[1]: 디렉터리 '/home/glab/fetch_TAMP/build/rosplan_stage_waypoint_demo/CMakeFiles/CMakeTmp' 들어감
Building C object CMakeFiles/cmTC_27c93.dir/CheckFunctionExists.c.o
/usr/bin/cc   -DCHECK_FUNCTION_EXISTS=pthread_create   -o CMakeFiles/cmTC_27c93.dir/CheckFunctionExists.c.o   -c /usr/share/cmake-3.10/Modules/CheckFunctionExists.c
Linking C executable cmTC_27c93
/usr/bin/cmake -E cmake_link_script CMakeFiles/cmTC_27c93.dir/link.txt --verbose=1
/usr/bin/cc  -DCHECK_FUNCTION_EXISTS=pthread_create    -rdynamic CMakeFiles/cmTC_27c93.dir/CheckFunctionExists.c.o  -o cmTC_27c93 -lpthreads 
/usr/bin/ld: cannot find -lpthreads
collect2: error: ld returned 1 exit status
CMakeFiles/cmTC_27c93.dir/build.make:97: recipe for target 'cmTC_27c93' failed
make[1]: *** [cmTC_27c93] Error 1
make[1]: 디렉터리 '/home/glab/fetch_TAMP/build/rosplan_stage_waypoint_demo/CMakeFiles/CMakeTmp' 나감
Makefile:126: recipe for target 'cmTC_27c93/fast' failed
make: *** [cmTC_27c93/fast] Error 2


