[  0%] Built target actionlib_generate_messages_py
[  0%] Built target std_srvs_generate_messages_nodejs
[  0%] Built target actionlib_msgs_generate_messages_lisp
[  0%] Built target std_srvs_generate_messages_py
[  0%] Built target rosplan_knowledge_msgs_generate_messages_py
[  0%] Built target actionlib_msgs_generate_messages_py
[  0%] Built target roscpp_generate_messages_nodejs
[  0%] Built target actionlib_generate_messages_eus
[  0%] Built target actionlib_generate_messages_nodejs
[  0%] Built target std_msgs_generate_messages_nodejs
[  0%] Built target rosplan_dispatch_msgs_generate_messages_eus
[  0%] Built target actionlib_msgs_generate_messages_nodejs
[  0%] Built target diagnostic_msgs_generate_messages_cpp
[  0%] Built target actionlib_generate_messages_cpp
[  0%] Built target geometry_msgs_generate_messages_nodejs
[  0%] Built target roscpp_generate_messages_lisp
[  0%] Built target rosplan_dispatch_msgs_generate_messages_cpp
[  0%] Built target std_srvs_generate_messages_eus
[  0%] Built target geometry_msgs_generate_messages_eus
[  0%] Built target std_msgs_generate_messages_py
[  0%] Built target std_srvs_generate_messages_lisp
[  0%] Built target rosgraph_msgs_generate_messages_cpp
[  0%] Built target actionlib_msgs_generate_messages_cpp
[  0%] Built target std_srvs_generate_messages_cpp
[  0%] Built target rosgraph_msgs_generate_messages_eus
[  0%] Built target rosgraph_msgs_generate_messages_lisp
[  0%] Built target std_msgs_generate_messages_eus
[  0%] Built target rosgraph_msgs_generate_messages_nodejs
[  0%] Built target diagnostic_msgs_generate_messages_eus
[  0%] Built target diagnostic_msgs_generate_messages_py
[  0%] Built target diagnostic_msgs_generate_messages_lisp
[  0%] Built target rosplan_knowledge_msgs_generate_messages_cpp
[  0%] Built target rosplan_knowledge_msgs_generate_messages_eus
[  0%] Built target rosplan_dispatch_msgs_generate_messages_lisp
[  0%] Built target rosplan_dispatch_msgs_generate_messages_nodejs
[  0%] Built target rosplan_knowledge_msgs_generate_messages_lisp
[  0%] Built target actionlib_generate_messages_lisp
[  0%] Built target geometry_msgs_generate_messages_cpp
[  0%] Built target rosplan_knowledge_msgs_generate_messages_nodejs
[  0%] Built target geometry_msgs_generate_messages_lisp
[  0%] Built target geometry_msgs_generate_messages_py
[  0%] Built target rosplan_dispatch_msgs_generate_messages_py
[  0%] Built target diagnostic_msgs_generate_messages_nodejs
[  0%] Built target roscpp_generate_messages_cpp
[  0%] Built target actionlib_msgs_generate_messages_eus
[  0%] Built target roscpp_generate_messages_eus
[  0%] Built target rosgraph_msgs_generate_messages_py
[  0%] Built target std_msgs_generate_messages_cpp
[  0%] Built target roscpp_generate_messages_py
[  0%] Built target std_msgs_generate_messages_lisp
[  5%] Built target online_planner_interface
[ 10%] Built target simulatedAction
[ 15%] Built target lpg_planner_interface
[ 20%] Built target smt_planner_interface
[ 25%] Built target pddl_esterel_plan_dispatcher
[ 35%] Built target problemInterface
[ 40%] Built target tfd_planner_interface
[ 45%] Built target popf_planner_interface
[ 50%] Built target ff_planner_interface
[ 55%] Built target rddlsim_planner_interface
[ 61%] Built target metricff_planner_interface
[ 66%] Built target fd_planner_interface
[ 71%] Built target upm_planner_interface
[ 76%] Built target pprp_planner_interface
[ 81%] Built target pddl_simple_plan_parser
[ 86%] Built target pddl_esterel_plan_parser
[ 91%] Built target pddl_simple_plan_dispatcher
[ 96%] Built target online_plan_dispatcher
[100%] Built target rosplan_action_interface
