[01m[K/home/glab/fetch_TAMP/src/moveit_tutorials/doc/robot_model_and_robot_state/src/robot_model_and_robot_state_tutorial.cpp:[m[K In function ‘[01m[Kint main(int, char**)[m[K’:
[01m[K/home/glab/fetch_TAMP/src/moveit_tutorials/doc/robot_model_and_robot_state/src/robot_model_and_robot_state_tutorial.cpp:135:102:[m[K [01;35m[Kwarning: [m[K‘[01m[Kbool moveit::core::RobotState::setFromIK(const moveit::core::JointModelGroup*, const Isometry3d&, unsigned int, double, const GroupStateValidityCallbackFn&, const kinematics::KinematicsQueryOptions&)[m[K’ is deprecated: The attempts argument is not supported anymore. [[01;35m[K-Wdeprecated-declarations[m[K]
   bool found_ik = kinematic_state->setFromIK(joint_model_group, end_effector_state, attempts, timeout[01;35m[K)[m[K;
                                                                                                      [01;35m[K^[m[K
In file included from [01m[K/home/glab/fetch_TAMP/src/moveit_tutorials/doc/robot_model_and_robot_state/src/robot_model_and_robot_state_tutorial.cpp:42:0[m[K:
[01m[K/opt/ros/melodic/include/moveit/robot_state/robot_state.h:996:3:[m[K [01;36m[Knote: [m[Kdeclared here
   [01;36m[KsetFromIK[m[K(const JointModelGroup* group, const Eigen::Isometry3d& pose, unsigned int /*attempts*/,
   [01;36m[K^~~~~~~~~[m[K
[01m[K/home/glab/fetch_TAMP/src/moveit_tutorials/doc/state_display/src/state_display_tutorial.cpp:[m[K In function ‘[01m[Kint main(int, char**)[m[K’:
[01m[K/home/glab/fetch_TAMP/src/moveit_tutorials/doc/state_display/src/state_display_tutorial.cpp:115:93:[m[K [01;35m[Kwarning: [m[K‘[01m[Kbool moveit::core::RobotState::setFromIK(const moveit::core::JointModelGroup*, const Isometry3d&, unsigned int, double, const GroupStateValidityCallbackFn&, const kinematics::KinematicsQueryOptions&)[m[K’ is deprecated: The attempts argument is not supported anymore. [[01;35m[K-Wdeprecated-declarations[m[K]
     bool found_ik = kinematic_state->setFromIK(joint_model_group, end_effector_pose, 10, 0.1[01;35m[K)[m[K;
                                                                                             [01;35m[K^[m[K
In file included from [01m[K/home/glab/fetch_TAMP/src/moveit_tutorials/doc/state_display/src/state_display_tutorial.cpp:42:0[m[K:
[01m[K/opt/ros/melodic/include/moveit/robot_state/robot_state.h:996:3:[m[K [01;36m[Knote: [m[Kdeclared here
   [01;36m[KsetFromIK[m[K(const JointModelGroup* group, const Eigen::Isometry3d& pose, unsigned int /*attempts*/,
   [01;36m[K^~~~~~~~~[m[K
In file included from [01m[K/usr/include/eigen3/Eigen/Core:347:0[m[K,
                 from [01m[K/usr/include/eigen3/Eigen/Geometry:11[m[K,
                 from [01m[K/opt/ros/melodic/include/moveit/robot_model/joint_model.h:47[m[K,
                 from [01m[K/opt/ros/melodic/include/moveit/robot_model/joint_model_group.h:41[m[K,
                 from [01m[K/opt/ros/melodic/include/moveit/robot_model/robot_model.h:47[m[K,
                 from [01m[K/opt/ros/melodic/include/moveit/robot_model_loader/robot_model_loader.h:41[m[K,
                 from [01m[K/home/glab/fetch_TAMP/src/moveit_tutorials/doc/robot_model_and_robot_state/src/robot_model_and_robot_state_tutorial.cpp:40[m[K:
/usr/include/eigen3/Eigen/src/Geometry/Transform.h: In instantiation of ‘[01m[KEigen::Transform<Scalar, Dim, Mode, _Options>::Transform(const Eigen::Transform<_Scalar, Dim, OtherMode, OtherOptions>&) [with int OtherMode = 2; int OtherOptions = 0; _Scalar = double; int _Dim = 3; int _Mode = 1; int _Options = 0][m[K’:
[01m[K/home/glab/fetch_TAMP/src/moveit_tutorials/doc/robot_model_and_robot_state/src/robot_model_and_robot_state_tutorial.cpp:135:102:[m[K   required from here
[01m[K/usr/include/eigen3/Eigen/src/Geometry/Transform.h:331:5:[m[K [01;31m[Kerror: [m[Kstatic assertion failed: YOU_PERFORMED_AN_INVALID_TRANSFORMATION_CONVERSION
     [01;31m[KE[m[KIGEN_STATIC_ASSERT(EIGEN_IMPLIES(OtherMode==int(Affine)||OtherMode==int(AffineCompact), Mode!=int(Isometry)),
     [01;31m[K^[m[K
In file included from [01m[K/usr/include/eigen3/Eigen/Core:347:0[m[K,
                 from [01m[K/usr/include/eigen3/Eigen/Geometry:11[m[K,
                 from [01m[K/opt/ros/melodic/include/moveit/robot_model/joint_model.h:47[m[K,
                 from [01m[K/opt/ros/melodic/include/moveit/robot_model/joint_model_group.h:41[m[K,
                 from [01m[K/opt/ros/melodic/include/moveit/robot_model/robot_model.h:47[m[K,
                 from [01m[K/opt/ros/melodic/include/moveit/robot_model_loader/robot_model_loader.h:41[m[K,
                 from [01m[K/home/glab/fetch_TAMP/src/moveit_tutorials/doc/state_display/src/state_display_tutorial.cpp:40[m[K:
/usr/include/eigen3/Eigen/src/Geometry/Transform.h: In instantiation of ‘[01m[KEigen::Transform<Scalar, Dim, Mode, _Options>::Transform(const Eigen::Transform<_Scalar, Dim, OtherMode, OtherOptions>&) [with int OtherMode = 2; int OtherOptions = 0; _Scalar = double; int _Dim = 3; int _Mode = 1; int _Options = 0][m[K’:
[01m[K/home/glab/fetch_TAMP/src/moveit_tutorials/doc/state_display/src/state_display_tutorial.cpp:115:93:[m[K   required from here
[01m[K/usr/include/eigen3/Eigen/src/Geometry/Transform.h:331:5:[m[K [01;31m[Kerror: [m[Kstatic assertion failed: YOU_PERFORMED_AN_INVALID_TRANSFORMATION_CONVERSION
     [01;31m[KE[m[KIGEN_STATIC_ASSERT(EIGEN_IMPLIES(OtherMode==int(Affine)||OtherMode==int(AffineCompact), Mode!=int(Isometry)),
     [01;31m[K^[m[K
[01m[K/home/glab/fetch_TAMP/src/moveit_tutorials/doc/interactivity/src/interactive_robot.cpp:[m[K In member function ‘[01m[Kvoid InteractiveRobot::updateAll()[m[K’:
[01m[K/home/glab/fetch_TAMP/src/moveit_tutorials/doc/interactivity/src/interactive_robot.cpp:235:76:[m[K [01;35m[Kwarning: [m[K‘[01m[Kbool moveit::core::RobotState::setFromIK(const moveit::core::JointModelGroup*, const Isometry3d&, unsigned int, double, const GroupStateValidityCallbackFn&, const kinematics::KinematicsQueryOptions&)[m[K’ is deprecated: The attempts argument is not supported anymore. [[01;35m[K-Wdeprecated-declarations[m[K]
   if (robot_state_->setFromIK(group_, desired_group_end_link_pose_, 10, 0.1[01;35m[K)[m[K)
                                                                            [01;35m[K^[m[K
In file included from [01m[K/home/glab/fetch_TAMP/src/moveit_tutorials/doc/interactivity/include/interactivity/interactive_robot.h:45:0[m[K,
                 from [01m[K/home/glab/fetch_TAMP/src/moveit_tutorials/doc/interactivity/src/interactive_robot.cpp:39[m[K:
[01m[K/opt/ros/melodic/include/moveit/robot_state/robot_state.h:996:3:[m[K [01;36m[Knote: [m[Kdeclared here
   [01;36m[KsetFromIK[m[K(const JointModelGroup* group, const Eigen::Isometry3d& pose, unsigned int /*attempts*/,
   [01;36m[K^~~~~~~~~[m[K
In file included from [01m[K/usr/include/eigen3/Eigen/Core:347:0[m[K,
                 from [01m[K/usr/include/eigen3/Eigen/Geometry:11[m[K,
                 from [01m[K/opt/ros/melodic/include/moveit/robot_model/joint_model.h:47[m[K,
                 from [01m[K/opt/ros/melodic/include/moveit/robot_model/joint_model_group.h:41[m[K,
                 from [01m[K/opt/ros/melodic/include/moveit/robot_model/robot_model.h:47[m[K,
                 from [01m[K/opt/ros/melodic/include/moveit/robot_model_loader/robot_model_loader.h:41[m[K,
                 from [01m[K/home/glab/fetch_TAMP/src/moveit_tutorials/doc/interactivity/include/interactivity/interactive_robot.h:43[m[K,
                 from [01m[K/home/glab/fetch_TAMP/src/moveit_tutorials/doc/interactivity/src/interactive_robot.cpp:39[m[K:
/usr/include/eigen3/Eigen/src/Geometry/Transform.h: In instantiation of ‘[01m[KEigen::Transform<Scalar, Dim, Mode, _Options>::Transform(const Eigen::Transform<_Scalar, Dim, OtherMode, OtherOptions>&) [with int OtherMode = 2; int OtherOptions = 0; _Scalar = double; int _Dim = 3; int _Mode = 1; int _Options = 0][m[K’:
[01m[K/home/glab/fetch_TAMP/src/moveit_tutorials/doc/interactivity/src/interactive_robot.cpp:235:76:[m[K   required from here
[01m[K/usr/include/eigen3/Eigen/src/Geometry/Transform.h:331:5:[m[K [01;31m[Kerror: [m[Kstatic assertion failed: YOU_PERFORMED_AN_INVALID_TRANSFORMATION_CONVERSION
     [01;31m[KE[m[KIGEN_STATIC_ASSERT(EIGEN_IMPLIES(OtherMode==int(Affine)||OtherMode==int(AffineCompact), Mode!=int(Isometry)),
     [01;31m[K^[m[K
make[2]: *** [doc/robot_model_and_robot_state/CMakeFiles/robot_model_and_robot_state_tutorial.dir/src/robot_model_and_robot_state_tutorial.cpp.o] Error 1
make[1]: *** [doc/robot_model_and_robot_state/CMakeFiles/robot_model_and_robot_state_tutorial.dir/all] Error 2
make[1]: *** 끝나지 않은 작업을 기다리고 있습니다....
make[2]: *** [doc/state_display/CMakeFiles/state_display_tutorial.dir/src/state_display_tutorial.cpp.o] Error 1
make[1]: *** [doc/state_display/CMakeFiles/state_display_tutorial.dir/all] Error 2
In file included from [01m[K/usr/include/eigen3/Eigen/Core:347:0[m[K,
                 from [01m[K/usr/include/eigen3/Eigen/Geometry:11[m[K,
                 from [01m[K/opt/ros/melodic/include/moveit/robot_model/joint_model.h:47[m[K,
                 from [01m[K/opt/ros/melodic/include/moveit/robot_model/joint_model_group.h:41[m[K,
                 from [01m[K/opt/ros/melodic/include/moveit/robot_model/robot_model.h:47[m[K,
                 from [01m[K/opt/ros/melodic/include/moveit/robot_model_loader/robot_model_loader.h:41[m[K,
                 from [01m[K/home/glab/fetch_TAMP/src/moveit_tutorials/doc/motion_planning_pipeline/src/motion_planning_pipeline_tutorial.cpp:41[m[K:
/usr/include/eigen3/Eigen/src/Geometry/Transform.h: In instantiation of ‘[01m[KEigen::Transform<Scalar, Dim, Mode, _Options>::Transform(const Eigen::Transform<_Scalar, Dim, OtherMode, OtherOptions>&) [with int OtherMode = 2; int OtherOptions = 0; _Scalar = double; int _Dim = 3; int _Mode = 1; int _Options = 0][m[K’:
[01m[K/home/glab/fetch_TAMP/src/moveit_tutorials/doc/motion_planning_pipeline/src/motion_planning_pipeline_tutorial.cpp:97:95:[m[K   required from here
[01m[K/usr/include/eigen3/Eigen/src/Geometry/Transform.h:331:5:[m[K [01;31m[Kerror: [m[Kstatic assertion failed: YOU_PERFORMED_AN_INVALID_TRANSFORMATION_CONVERSION
     [01;31m[KE[m[KIGEN_STATIC_ASSERT(EIGEN_IMPLIES(OtherMode==int(Affine)||OtherMode==int(AffineCompact), Mode!=int(Isometry)),
     [01;31m[K^[m[K
In file included from [01m[K/usr/include/eigen3/Eigen/Core:347:0[m[K,
                 from [01m[K/usr/include/eigen3/Eigen/Geometry:11[m[K,
                 from [01m[K/opt/ros/melodic/include/moveit/robot_model/joint_model.h:47[m[K,
                 from [01m[K/opt/ros/melodic/include/moveit/robot_model/joint_model_group.h:41[m[K,
                 from [01m[K/opt/ros/melodic/include/moveit/robot_model/robot_model.h:47[m[K,
                 from [01m[K/opt/ros/melodic/include/moveit/robot_state/robot_state.h:41[m[K,
                 from [01m[K/opt/ros/melodic/include/moveit/move_group_interface/move_group_interface.h:42[m[K,
                 from [01m[K/home/glab/fetch_TAMP/src/moveit_tutorials/doc/move_group_interface/src/move_group_interface_tutorial.cpp:37[m[K:
/usr/include/eigen3/Eigen/src/Geometry/Transform.h: In instantiation of ‘[01m[KEigen::Transform<Scalar, Dim, Mode, _Options>::Transform(const Eigen::Transform<_Scalar, Dim, OtherMode, OtherOptions>&) [with int OtherMode = 2; int OtherOptions = 0; _Scalar = double; int _Dim = 3; int _Mode = 1; int _Options = 0][m[K’:
[01m[K/home/glab/fetch_TAMP/src/moveit_tutorials/doc/move_group_interface/src/move_group_interface_tutorial.cpp:93:89:[m[K   required from here
[01m[K/usr/include/eigen3/Eigen/src/Geometry/Transform.h:331:5:[m[K [01;31m[Kerror: [m[Kstatic assertion failed: YOU_PERFORMED_AN_INVALID_TRANSFORMATION_CONVERSION
     [01;31m[KE[m[KIGEN_STATIC_ASSERT(EIGEN_IMPLIES(OtherMode==int(Affine)||OtherMode==int(AffineCompact), Mode!=int(Isometry)),
     [01;31m[K^[m[K
In file included from [01m[K/usr/include/eigen3/Eigen/Core:347:0[m[K,
                 from [01m[K/usr/include/eigen3/Eigen/Geometry:11[m[K,
                 from [01m[K/opt/ros/melodic/include/moveit/robot_model/joint_model.h:47[m[K,
                 from [01m[K/opt/ros/melodic/include/moveit/robot_model/joint_model_group.h:41[m[K,
                 from [01m[K/opt/ros/melodic/include/moveit/robot_model/robot_model.h:47[m[K,
                 from [01m[K/opt/ros/melodic/include/moveit/robot_model_loader/robot_model_loader.h:41[m[K,
                 from [01m[K/home/glab/fetch_TAMP/src/moveit_tutorials/doc/motion_planning_api/src/motion_planning_api_tutorial.cpp:41[m[K:
/usr/include/eigen3/Eigen/src/Geometry/Transform.h: In instantiation of ‘[01m[KEigen::Transform<Scalar, Dim, Mode, _Options>::Transform(const Eigen::Transform<_Scalar, Dim, OtherMode, OtherOptions>&) [with int OtherMode = 2; int OtherOptions = 0; _Scalar = double; int _Dim = 3; int _Mode = 1; int _Options = 0][m[K’:
[01m[K/home/glab/fetch_TAMP/src/moveit_tutorials/doc/motion_planning_api/src/motion_planning_api_tutorial.cpp:142:90:[m[K   required from here
[01m[K/usr/include/eigen3/Eigen/src/Geometry/Transform.h:331:5:[m[K [01;31m[Kerror: [m[Kstatic assertion failed: YOU_PERFORMED_AN_INVALID_TRANSFORMATION_CONVERSION
     [01;31m[KE[m[KIGEN_STATIC_ASSERT(EIGEN_IMPLIES(OtherMode==int(Affine)||OtherMode==int(AffineCompact), Mode!=int(Isometry)),
     [01;31m[K^[m[K
make[2]: *** [doc/interactivity/CMakeFiles/interactivity_utils.dir/src/interactive_robot.cpp.o] Error 1
make[1]: *** [doc/interactivity/CMakeFiles/interactivity_utils.dir/all] Error 2
make[2]: *** [doc/move_group_interface/CMakeFiles/move_group_interface_tutorial.dir/src/move_group_interface_tutorial.cpp.o] Error 1
make[1]: *** [doc/move_group_interface/CMakeFiles/move_group_interface_tutorial.dir/all] Error 2
make[2]: *** [doc/motion_planning_api/CMakeFiles/motion_planning_api_tutorial.dir/src/motion_planning_api_tutorial.cpp.o] Error 1
make[1]: *** [doc/motion_planning_api/CMakeFiles/motion_planning_api_tutorial.dir/all] Error 2
make[2]: *** [doc/motion_planning_pipeline/CMakeFiles/motion_planning_pipeline_tutorial.dir/src/motion_planning_pipeline_tutorial.cpp.o] Error 1
make[1]: *** [doc/motion_planning_pipeline/CMakeFiles/motion_planning_pipeline_tutorial.dir/all] Error 2
In file included from [01m[K/usr/include/pcl-1.8/pcl/sample_consensus/sac_model.h:52:0[m[K,
                 from [01m[K/usr/include/pcl-1.8/pcl/sample_consensus/sac.h:45[m[K,
                 from [01m[K/usr/include/pcl-1.8/pcl/segmentation/sac_segmentation.h:49[m[K,
                 from [01m[K/home/glab/fetch_TAMP/src/moveit_tutorials/doc/perception_pipeline/src/cylinder_segment.cpp:43[m[K:
[01m[K/usr/include/pcl-1.8/pcl/sample_consensus/model_types.h:[m[K In function ‘[01m[Kvoid __static_initialization_and_destruction_0(int, int)[m[K’:
[01m[K/usr/include/pcl-1.8/pcl/sample_consensus/model_types.h:99:3:[m[K [01;35m[Kwarning: [m[K‘[01m[Kpcl::SAC_SAMPLE_SIZE[m[K’ is deprecated: This map is deprecated and is kept only to prevent breaking existing user code. Starting from PCL 1.8.0 model sample size is a protected member of the SampleConsensusModel class [[01;35m[K-Wdeprecated-declarations[m[K]
   [01;35m[KSAC_SAMPLE_SIZE[m[K (sample_size_pairs, sample_size_pairs + sizeof (sample_size_pairs) / sizeof (SampleSizeModel));
   [01;35m[K^~~~~~~~~~~~~~~[m[K
[01m[K/usr/include/pcl-1.8/pcl/sample_consensus/model_types.h:99:3:[m[K [01;36m[Knote: [m[Kdeclared here
make: *** [all] Error 2
