[  3%] [32mBuilding CXX object doc/robot_model_and_robot_state/CMakeFiles/robot_model_and_robot_state_tutorial.dir/src/robot_model_and_robot_state_tutorial.cpp.o[0m
[ 10%] Built target ros_api_tutorial
[ 17%] Built target planning_scene_tutorial
[ 25%] Built target planning_scene_ros_api_tutorial
[ 28%] [32mBuilding CXX object doc/motion_planning_api/CMakeFiles/motion_planning_api_tutorial.dir/src/motion_planning_api_tutorial.cpp.o[0m
[ 32%] [32mBuilding CXX object doc/motion_planning_pipeline/CMakeFiles/motion_planning_pipeline_tutorial.dir/src/motion_planning_pipeline_tutorial.cpp.o[0m
[ 35%] [32mBuilding CXX object doc/interactivity/CMakeFiles/interactivity_utils.dir/src/interactive_robot.cpp.o[0m
[ 39%] [32mBuilding CXX object doc/move_group_interface/CMakeFiles/move_group_interface_tutorial.dir/src/move_group_interface_tutorial.cpp.o[0m
[ 42%] [32mBuilding CXX object doc/state_display/CMakeFiles/state_display_tutorial.dir/src/state_display_tutorial.cpp.o[0m
[ 50%] Built target pick_place_tutorial
[ 57%] Built target cylinder_segment
[ 64%] Built target bag_publisher_maintain_time
[01m[K/home/glab/fetch_TAMP/src/moveit_tutorials/doc/state_display/src/state_display_tutorial.cpp:[m[K In function ‘[01m[Kint main(int, char**)[m[K’:
[01m[K/home/glab/fetch_TAMP/src/moveit_tutorials/doc/state_display/src/state_display_tutorial.cpp:115:93:[m[K [01;35m[Kwarning: [m[K‘[01m[Kbool moveit::core::RobotState::setFromIK(const moveit::core::JointModelGroup*, const Isometry3d&, unsigned int, double, const GroupStateValidityCallbackFn&, const kinematics::KinematicsQueryOptions&)[m[K’ is deprecated: The attempts argument is not supported anymore. [[01;35m[K-Wdeprecated-declarations[m[K]
     bool found_ik = kinematic_state->setFromIK(joint_model_group, end_effector_pose, 10, 0.1[01;35m[K)[m[K;
                                                                                             [01;35m[K^[m[K
In file included from [01m[K/home/glab/fetch_TAMP/src/moveit_tutorials/doc/state_display/src/state_display_tutorial.cpp:42:0[m[K:
[01m[K/opt/ros/melodic/include/moveit/robot_state/robot_state.h:996:3:[m[K [01;36m[Knote: [m[Kdeclared here
   [01;36m[KsetFromIK[m[K(const JointModelGroup* group, const Eigen::Isometry3d& pose, unsigned int /*attempts*/,
   [01;36m[K^~~~~~~~~[m[K
[01m[K/home/glab/fetch_TAMP/src/moveit_tutorials/doc/interactivity/src/interactive_robot.cpp:[m[K In member function ‘[01m[Kvoid InteractiveRobot::updateAll()[m[K’:
[01m[K/home/glab/fetch_TAMP/src/moveit_tutorials/doc/interactivity/src/interactive_robot.cpp:235:76:[m[K [01;35m[Kwarning: [m[K‘[01m[Kbool moveit::core::RobotState::setFromIK(const moveit::core::JointModelGroup*, const Isometry3d&, unsigned int, double, const GroupStateValidityCallbackFn&, const kinematics::KinematicsQueryOptions&)[m[K’ is deprecated: The attempts argument is not supported anymore. [[01;35m[K-Wdeprecated-declarations[m[K]
   if (robot_state_->setFromIK(group_, desired_group_end_link_pose_, 10, 0.1[01;35m[K)[m[K)
                                                                            [01;35m[K^[m[K
In file included from [01m[K/home/glab/fetch_TAMP/src/moveit_tutorials/doc/interactivity/include/interactivity/interactive_robot.h:45:0[m[K,
                 from [01m[K/home/glab/fetch_TAMP/src/moveit_tutorials/doc/interactivity/src/interactive_robot.cpp:39[m[K:
[01m[K/opt/ros/melodic/include/moveit/robot_state/robot_state.h:996:3:[m[K [01;36m[Knote: [m[Kdeclared here
   [01;36m[KsetFromIK[m[K(const JointModelGroup* group, const Eigen::Isometry3d& pose, unsigned int /*attempts*/,
   [01;36m[K^~~~~~~~~[m[K
[ 67%] [32m[1mLinking CXX executable /home/glab/fetch_TAMP/devel/.private/moveit_tutorials/lib/moveit_tutorials/robot_model_and_robot_state_tutorial[0m
[ 67%] Built target robot_model_and_robot_state_tutorial
[ 71%] [32m[1mLinking CXX executable /home/glab/fetch_TAMP/devel/.private/moveit_tutorials/lib/moveit_tutorials/state_display_tutorial[0m
[ 71%] Built target state_display_tutorial
[ 75%] [32m[1mLinking CXX shared library /home/glab/fetch_TAMP/devel/.private/moveit_tutorials/lib/libinteractivity_utils.so[0m
[ 82%] Built target interactivity_utils
[35m[1mScanning dependencies of target visualizing_collisions_tutorial[0m
[ 85%] [32mBuilding CXX object doc/visualizing_collisions/CMakeFiles/visualizing_collisions_tutorial.dir/src/visualizing_collisions_tutorial.cpp.o[0m
[ 89%] [32m[1mLinking CXX executable /home/glab/fetch_TAMP/devel/.private/moveit_tutorials/lib/moveit_tutorials/move_group_interface_tutorial[0m
/usr/bin/ld: warning: libmoveit_planning_scene_monitor.so.1.0.6, needed by /opt/ros/melodic/lib/libmoveit_visual_tools.so, not found (try using -rpath or -rpath-link)
/usr/bin/ld: warning: libmoveit_robot_model.so.1.0.6, needed by /opt/ros/melodic/lib/libmoveit_visual_tools.so, not found (try using -rpath or -rpath-link)
/usr/bin/ld: warning: libmoveit_transforms.so.1.0.6, needed by /opt/ros/melodic/lib/libmoveit_visual_tools.so, not found (try using -rpath or -rpath-link)
/usr/bin/ld: warning: libmoveit_robot_state.so.1.0.6, needed by /opt/ros/melodic/lib/libmoveit_visual_tools.so, not found (try using -rpath or -rpath-link)
/usr/bin/ld: warning: libmoveit_robot_trajectory.so.1.0.6, needed by /opt/ros/melodic/lib/libmoveit_visual_tools.so, not found (try using -rpath or -rpath-link)
/usr/bin/ld: warning: libmoveit_collision_detection.so.1.0.6, needed by /opt/ros/melodic/lib/libmoveit_visual_tools.so, not found (try using -rpath or -rpath-link)
/usr/bin/ld: warning: libmoveit_planning_scene.so.1.0.6, needed by /opt/ros/melodic/lib/libmoveit_visual_tools.so, not found (try using -rpath or -rpath-link)
[ 89%] Built target move_group_interface_tutorial
[ 92%] [32m[1mLinking CXX executable /home/glab/fetch_TAMP/devel/.private/moveit_tutorials/lib/moveit_tutorials/motion_planning_api_tutorial[0m
/usr/bin/ld: warning: libmoveit_planning_scene_monitor.so.1.0.6, needed by /opt/ros/melodic/lib/libmoveit_visual_tools.so, not found (try using -rpath or -rpath-link)
/usr/bin/ld: warning: libmoveit_robot_model.so.1.0.6, needed by /opt/ros/melodic/lib/libmoveit_visual_tools.so, not found (try using -rpath or -rpath-link)
/usr/bin/ld: warning: libmoveit_transforms.so.1.0.6, needed by /opt/ros/melodic/lib/libmoveit_visual_tools.so, not found (try using -rpath or -rpath-link)
/usr/bin/ld: warning: libmoveit_robot_state.so.1.0.6, needed by /opt/ros/melodic/lib/libmoveit_visual_tools.so, not found (try using -rpath or -rpath-link)
/usr/bin/ld: warning: libmoveit_robot_trajectory.so.1.0.6, needed by /opt/ros/melodic/lib/libmoveit_visual_tools.so, not found (try using -rpath or -rpath-link)
/usr/bin/ld: warning: libmoveit_collision_detection.so.1.0.6, needed by /opt/ros/melodic/lib/libmoveit_visual_tools.so, not found (try using -rpath or -rpath-link)
/usr/bin/ld: warning: libmoveit_planning_scene.so.1.0.6, needed by /opt/ros/melodic/lib/libmoveit_visual_tools.so, not found (try using -rpath or -rpath-link)
[ 92%] Built target motion_planning_api_tutorial
[ 96%] [32m[1mLinking CXX executable /home/glab/fetch_TAMP/devel/.private/moveit_tutorials/lib/moveit_tutorials/motion_planning_pipeline_tutorial[0m
/usr/bin/ld: warning: libmoveit_planning_scene_monitor.so.1.0.6, needed by /opt/ros/melodic/lib/libmoveit_visual_tools.so, not found (try using -rpath or -rpath-link)
/usr/bin/ld: warning: libmoveit_robot_model.so.1.0.6, needed by /opt/ros/melodic/lib/libmoveit_visual_tools.so, not found (try using -rpath or -rpath-link)
/usr/bin/ld: warning: libmoveit_transforms.so.1.0.6, needed by /opt/ros/melodic/lib/libmoveit_visual_tools.so, not found (try using -rpath or -rpath-link)
/usr/bin/ld: warning: libmoveit_robot_state.so.1.0.6, needed by /opt/ros/melodic/lib/libmoveit_visual_tools.so, not found (try using -rpath or -rpath-link)
/usr/bin/ld: warning: libmoveit_robot_trajectory.so.1.0.6, needed by /opt/ros/melodic/lib/libmoveit_visual_tools.so, not found (try using -rpath or -rpath-link)
/usr/bin/ld: warning: libmoveit_collision_detection.so.1.0.6, needed by /opt/ros/melodic/lib/libmoveit_visual_tools.so, not found (try using -rpath or -rpath-link)
/usr/bin/ld: warning: libmoveit_planning_scene.so.1.0.6, needed by /opt/ros/melodic/lib/libmoveit_visual_tools.so, not found (try using -rpath or -rpath-link)
[ 96%] Built target motion_planning_pipeline_tutorial
[100%] [32m[1mLinking CXX executable /home/glab/fetch_TAMP/devel/.private/moveit_tutorials/lib/moveit_tutorials/visualizing_collisions_tutorial[0m
/home/glab/fetch_TAMP/devel/.private/moveit_tutorials/lib/libinteractivity_utils.so: undefined reference to `IMarker::move(Eigen::Transform<double, 3, 1, 0> const&)'
collect2: error: ld returned 1 exit status
doc/visualizing_collisions/CMakeFiles/visualizing_collisions_tutorial.dir/build.make:394: recipe for target '/home/glab/fetch_TAMP/devel/.private/moveit_tutorials/lib/moveit_tutorials/visualizing_collisions_tutorial' failed
make[2]: *** [/home/glab/fetch_TAMP/devel/.private/moveit_tutorials/lib/moveit_tutorials/visualizing_collisions_tutorial] Error 1
CMakeFiles/Makefile2:4490: recipe for target 'doc/visualizing_collisions/CMakeFiles/visualizing_collisions_tutorial.dir/all' failed
make[1]: *** [doc/visualizing_collisions/CMakeFiles/visualizing_collisions_tutorial.dir/all] Error 2
Makefile:140: recipe for target 'all' failed
make: *** [all] Error 2
