[  7%] Built target planning_scene_tutorial
[ 14%] Built target ros_api_tutorial
[ 21%] Built target robot_model_and_robot_state_tutorial
[ 28%] Built target motion_planning_pipeline_tutorial
[ 35%] Built target motion_planning_api_tutorial
[ 42%] Built target planning_scene_ros_api_tutorial
[ 57%] Built target interactivity_utils
[ 64%] Built target cylinder_segment
[ 71%] Built target bag_publisher_maintain_time
[ 78%] Built target pick_place_tutorial
[ 85%] Built target state_display_tutorial
[ 92%] Built target move_group_interface_tutorial
[ 96%] [32m[1mLinking CXX executable /home/glab/fetch_TAMP/devel/.private/moveit_tutorials/lib/moveit_tutorials/visualizing_collisions_tutorial[0m
/home/glab/fetch_TAMP/devel/.private/moveit_tutorials/lib/libinteractivity_utils.so: undefined reference to `IMarker::move(Eigen::Transform<double, 3, 1, 0> const&)'
collect2: error: ld returned 1 exit status
doc/visualizing_collisions/CMakeFiles/visualizing_collisions_tutorial.dir/build.make:394: recipe for target '/home/glab/fetch_TAMP/devel/.private/moveit_tutorials/lib/moveit_tutorials/visualizing_collisions_tutorial' failed
make[2]: *** [/home/glab/fetch_TAMP/devel/.private/moveit_tutorials/lib/moveit_tutorials/visualizing_collisions_tutorial] Error 1
CMakeFiles/Makefile2:4490: recipe for target 'doc/visualizing_collisions/CMakeFiles/visualizing_collisions_tutorial.dir/all' failed
make[1]: *** [doc/visualizing_collisions/CMakeFiles/visualizing_collisions_tutorial.dir/all] Error 2
Makefile:140: recipe for target 'all' failed
make: *** [all] Error 2
