Determining if the pthread_create exist failed with the following output:
Change Dir: /home/glab/fetch_TAMP/build/rosplan_stage_exploration_demo/CMakeFiles/CMakeTmp

Run Build Command:"/usr/bin/make" "cmTC_f6d65/fast"
/usr/bin/make -f CMakeFiles/cmTC_f6d65.dir/build.make CMakeFiles/cmTC_f6d65.dir/build
make[1]: 디렉터리 '/home/glab/fetch_TAMP/build/rosplan_stage_exploration_demo/CMakeFiles/CMakeTmp' 들어감
Building C object CMakeFiles/cmTC_f6d65.dir/CheckSymbolExists.c.o
/usr/bin/cc    -o CMakeFiles/cmTC_f6d65.dir/CheckSymbolExists.c.o   -c /home/glab/fetch_TAMP/build/rosplan_stage_exploration_demo/CMakeFiles/CMakeTmp/CheckSymbolExists.c
Linking C executable cmTC_f6d65
/usr/bin/cmake -E cmake_link_script CMakeFiles/cmTC_f6d65.dir/link.txt --verbose=1
/usr/bin/cc      -rdynamic CMakeFiles/cmTC_f6d65.dir/CheckSymbolExists.c.o  -o cmTC_f6d65 
CMakeFiles/cmTC_f6d65.dir/CheckSymbolExists.c.o: In function `main':
CheckSymbolExists.c:(.text+0x1b): undefined reference to `pthread_create'
collect2: error: ld returned 1 exit status
CMakeFiles/cmTC_f6d65.dir/build.make:97: recipe for target 'cmTC_f6d65' failed
make[1]: *** [cmTC_f6d65] Error 1
make[1]: 디렉터리 '/home/glab/fetch_TAMP/build/rosplan_stage_exploration_demo/CMakeFiles/CMakeTmp' 나감
Makefile:126: recipe for target 'cmTC_f6d65/fast' failed
make: *** [cmTC_f6d65/fast] Error 2

File /home/glab/fetch_TAMP/build/rosplan_stage_exploration_demo/CMakeFiles/CMakeTmp/CheckSymbolExists.c:
/* */
#include <pthread.h>

int main(int argc, char** argv)
{
  (void)argv;
#ifndef pthread_create
  return ((int*)(&pthread_create))[argc];
#else
  (void)argc;
  return 0;
#endif
}

Determining if the function pthread_create exists in the pthreads failed with the following output:
Change Dir: /home/glab/fetch_TAMP/build/rosplan_stage_exploration_demo/CMakeFiles/CMakeTmp

Run Build Command:"/usr/bin/make" "cmTC_8f1e4/fast"
/usr/bin/make -f CMakeFiles/cmTC_8f1e4.dir/build.make CMakeFiles/cmTC_8f1e4.dir/build
make[1]: 디렉터리 '/home/glab/fetch_TAMP/build/rosplan_stage_exploration_demo/CMakeFiles/CMakeTmp' 들어감
Building C object CMakeFiles/cmTC_8f1e4.dir/CheckFunctionExists.c.o
/usr/bin/cc   -DCHECK_FUNCTION_EXISTS=pthread_create   -o CMakeFiles/cmTC_8f1e4.dir/CheckFunctionExists.c.o   -c /usr/share/cmake-3.10/Modules/CheckFunctionExists.c
Linking C executable cmTC_8f1e4
/usr/bin/cmake -E cmake_link_script CMakeFiles/cmTC_8f1e4.dir/link.txt --verbose=1
/usr/bin/cc  -DCHECK_FUNCTION_EXISTS=pthread_create    -rdynamic CMakeFiles/cmTC_8f1e4.dir/CheckFunctionExists.c.o  -o cmTC_8f1e4 -lpthreads 
/usr/bin/ld: cannot find -lpthreads
collect2: error: ld returned 1 exit status
CMakeFiles/cmTC_8f1e4.dir/build.make:97: recipe for target 'cmTC_8f1e4' failed
make[1]: *** [cmTC_8f1e4] Error 1
make[1]: 디렉터리 '/home/glab/fetch_TAMP/build/rosplan_stage_exploration_demo/CMakeFiles/CMakeTmp' 나감
Makefile:126: recipe for target 'cmTC_8f1e4/fast' failed
make: *** [cmTC_8f1e4/fast] Error 2


