Linked: (/home/glab/fetch_TAMP/devel/.private/rosplan_knowledge_msgs/include/rosplan_knowledge_msgs/SetFloat.h, /home/glab/fetch_TAMP/devel/include/rosplan_knowledge_msgs/SetFloat.h)
Linked: (/home/glab/fetch_TAMP/devel/.private/rosplan_knowledge_msgs/include/rosplan_knowledge_msgs/GetRDDLImmediateRewardResponse.h, /home/glab/fetch_TAMP/devel/include/rosplan_knowledge_msgs/GetRDDLImmediateRewardResponse.h)
Linked: (/home/glab/fetch_TAMP/devel/.private/rosplan_knowledge_msgs/include/rosplan_knowledge_msgs/GenerateProblemService.h, /home/glab/fetch_TAMP/devel/include/rosplan_knowledge_msgs/GenerateProblemService.h)
Linked: (/home/glab/fetch_TAMP/devel/.private/rosplan_knowledge_msgs/include/rosplan_knowledge_msgs/GetDomainOperatorService.h, /home/glab/fetch_TAMP/devel/include/rosplan_knowledge_msgs/GetDomainOperatorService.h)
Linked: (/home/glab/fetch_TAMP/devel/.private/rosplan_knowledge_msgs/include/rosplan_knowledge_msgs/GetAttributeServiceResponse.h, /home/glab/fetch_TAMP/devel/include/rosplan_knowledge_msgs/GetAttributeServiceResponse.h)
Linked: (/home/glab/fetch_TAMP/devel/.private/rosplan_knowledge_msgs/include/rosplan_knowledge_msgs/KnowledgeUpdateServiceArray.h, /home/glab/fetch_TAMP/devel/include/rosplan_knowledge_msgs/KnowledgeUpdateServiceArray.h)
Linked: (/home/glab/fetch_TAMP/devel/.private/rosplan_knowledge_msgs/include/rosplan_knowledge_msgs/GetDomainNameServiceResponse.h, /home/glab/fetch_TAMP/devel/include/rosplan_knowledge_msgs/GetDomainNameServiceResponse.h)
Linked: (/home/glab/fetch_TAMP/devel/.private/rosplan_knowledge_msgs/include/rosplan_knowledge_msgs/GetMetricServiceResponse.h, /home/glab/fetch_TAMP/devel/include/rosplan_knowledge_msgs/GetMetricServiceResponse.h)
Linked: (/home/glab/fetch_TAMP/devel/.private/rosplan_knowledge_msgs/include/rosplan_knowledge_msgs/GetDomainOperatorServiceResponse.h, /home/glab/fetch_TAMP/devel/include/rosplan_knowledge_msgs/GetDomainOperatorServiceResponse.h)
Linked: (/home/glab/fetch_TAMP/devel/.private/rosplan_knowledge_msgs/include/rosplan_knowledge_msgs/SetNamedBool.h, /home/glab/fetch_TAMP/devel/include/rosplan_knowledge_msgs/SetNamedBool.h)
Linked: (/home/glab/fetch_TAMP/devel/.private/rosplan_knowledge_msgs/include/rosplan_knowledge_msgs/GetEnumerableTypeService.h, /home/glab/fetch_TAMP/devel/include/rosplan_knowledge_msgs/GetEnumerableTypeService.h)
Linked: (/home/glab/fetch_TAMP/devel/.private/rosplan_knowledge_msgs/include/rosplan_knowledge_msgs/SetInt.h, /home/glab/fetch_TAMP/devel/include/rosplan_knowledge_msgs/SetInt.h)
Linked: (/home/glab/fetch_TAMP/devel/.private/rosplan_knowledge_msgs/include/rosplan_knowledge_msgs/GetDomainTypeServiceResponse.h, /home/glab/fetch_TAMP/devel/include/rosplan_knowledge_msgs/GetDomainTypeServiceResponse.h)
Linked: (/home/glab/fetch_TAMP/devel/.private/rosplan_knowledge_msgs/include/rosplan_knowledge_msgs/GetDomainOperatorServiceRequest.h, /home/glab/fetch_TAMP/devel/include/rosplan_knowledge_msgs/GetDomainOperatorServiceRequest.h)
Linked: (/home/glab/fetch_TAMP/devel/.private/rosplan_knowledge_msgs/include/rosplan_knowledge_msgs/GetRDDLFluentTypeRequest.h, /home/glab/fetch_TAMP/devel/include/rosplan_knowledge_msgs/GetRDDLFluentTypeRequest.h)
Linked: (/home/glab/fetch_TAMP/devel/.private/rosplan_knowledge_msgs/include/rosplan_knowledge_msgs/GetRDDLImmediateReward.h, /home/glab/fetch_TAMP/devel/include/rosplan_knowledge_msgs/GetRDDLImmediateReward.h)
Linked: (/home/glab/fetch_TAMP/devel/.private/rosplan_knowledge_msgs/include/rosplan_knowledge_msgs/GetRDDLParamsRequest.h, /home/glab/fetch_TAMP/devel/include/rosplan_knowledge_msgs/GetRDDLParamsRequest.h)
Linked: (/home/glab/fetch_TAMP/devel/.private/rosplan_knowledge_msgs/include/rosplan_knowledge_msgs/GetDomainAttributeService.h, /home/glab/fetch_TAMP/devel/include/rosplan_knowledge_msgs/GetDomainAttributeService.h)
Linked: (/home/glab/fetch_TAMP/devel/.private/rosplan_knowledge_msgs/include/rosplan_knowledge_msgs/KnowledgeUpdateServiceArrayResponse.h, /home/glab/fetch_TAMP/devel/include/rosplan_knowledge_msgs/KnowledgeUpdateServiceArrayResponse.h)
Linked: (/home/glab/fetch_TAMP/devel/.private/rosplan_knowledge_msgs/include/rosplan_knowledge_msgs/GetMetricService.h, /home/glab/fetch_TAMP/devel/include/rosplan_knowledge_msgs/GetMetricService.h)
Linked: (/home/glab/fetch_TAMP/devel/.private/rosplan_knowledge_msgs/include/rosplan_knowledge_msgs/GetDomainNameService.h, /home/glab/fetch_TAMP/devel/include/rosplan_knowledge_msgs/GetDomainNameService.h)
Linked: (/home/glab/fetch_TAMP/devel/.private/rosplan_knowledge_msgs/include/rosplan_knowledge_msgs/ReloadRDDLDomainProblem.h, /home/glab/fetch_TAMP/devel/include/rosplan_knowledge_msgs/ReloadRDDLDomainProblem.h)
Linked: (/home/glab/fetch_TAMP/devel/.private/rosplan_knowledge_msgs/include/rosplan_knowledge_msgs/GetDomainOperatorDetailsServiceResponse.h, /home/glab/fetch_TAMP/devel/include/rosplan_knowledge_msgs/GetDomainOperatorDetailsServiceResponse.h)
Linked: (/home/glab/fetch_TAMP/devel/.private/rosplan_knowledge_msgs/include/rosplan_knowledge_msgs/SetNamedBoolResponse.h, /home/glab/fetch_TAMP/devel/include/rosplan_knowledge_msgs/SetNamedBoolResponse.h)
Linked: (/home/glab/fetch_TAMP/devel/.private/rosplan_knowledge_msgs/include/rosplan_knowledge_msgs/DomainFormula.h, /home/glab/fetch_TAMP/devel/include/rosplan_knowledge_msgs/DomainFormula.h)
Linked: (/home/glab/fetch_TAMP/devel/.private/rosplan_knowledge_msgs/include/rosplan_knowledge_msgs/KnowledgeUpdateServiceArrayRequest.h, /home/glab/fetch_TAMP/devel/include/rosplan_knowledge_msgs/KnowledgeUpdateServiceArrayRequest.h)
Linked: (/home/glab/fetch_TAMP/devel/.private/rosplan_knowledge_msgs/include/rosplan_knowledge_msgs/GetDomainAttributeServiceRequest.h, /home/glab/fetch_TAMP/devel/include/rosplan_knowledge_msgs/GetDomainAttributeServiceRequest.h)
Linked: (/home/glab/fetch_TAMP/devel/.private/rosplan_knowledge_msgs/include/rosplan_knowledge_msgs/ReloadRDDLDomainProblemRequest.h, /home/glab/fetch_TAMP/devel/include/rosplan_knowledge_msgs/ReloadRDDLDomainProblemRequest.h)
Linked: (/home/glab/fetch_TAMP/devel/.private/rosplan_knowledge_msgs/include/rosplan_knowledge_msgs/GetInstanceServiceResponse.h, /home/glab/fetch_TAMP/devel/include/rosplan_knowledge_msgs/GetInstanceServiceResponse.h)
Linked: (/home/glab/fetch_TAMP/devel/.private/rosplan_knowledge_msgs/include/rosplan_knowledge_msgs/GetDomainAttributeServiceResponse.h, /home/glab/fetch_TAMP/devel/include/rosplan_knowledge_msgs/GetDomainAttributeServiceResponse.h)
Linked: (/home/glab/fetch_TAMP/devel/.private/rosplan_knowledge_msgs/include/rosplan_knowledge_msgs/GetDomainPredicateDetailsServiceRequest.h, /home/glab/fetch_TAMP/devel/include/rosplan_knowledge_msgs/GetDomainPredicateDetailsServiceRequest.h)
Linked: (/home/glab/fetch_TAMP/devel/.private/rosplan_knowledge_msgs/include/rosplan_knowledge_msgs/GetDomainTypeService.h, /home/glab/fetch_TAMP/devel/include/rosplan_knowledge_msgs/GetDomainTypeService.h)
Linked: (/home/glab/fetch_TAMP/devel/.private/rosplan_knowledge_msgs/include/rosplan_knowledge_msgs/GetDomainOperatorDetailsService.h, /home/glab/fetch_TAMP/devel/include/rosplan_knowledge_msgs/GetDomainOperatorDetailsService.h)
Linked: (/home/glab/fetch_TAMP/devel/.private/rosplan_knowledge_msgs/include/rosplan_knowledge_msgs/GetRDDLFluentType.h, /home/glab/fetch_TAMP/devel/include/rosplan_knowledge_msgs/GetRDDLFluentType.h)
Linked: (/home/glab/fetch_TAMP/devel/.private/rosplan_knowledge_msgs/include/rosplan_knowledge_msgs/GetRDDLFluentTypeResponse.h, /home/glab/fetch_TAMP/devel/include/rosplan_knowledge_msgs/GetRDDLFluentTypeResponse.h)
Linked: (/home/glab/fetch_TAMP/devel/.private/rosplan_knowledge_msgs/include/rosplan_knowledge_msgs/GetAttributeService.h, /home/glab/fetch_TAMP/devel/include/rosplan_knowledge_msgs/GetAttributeService.h)
Linked: (/home/glab/fetch_TAMP/devel/.private/rosplan_knowledge_msgs/include/rosplan_knowledge_msgs/DomainInequality.h, /home/glab/fetch_TAMP/devel/include/rosplan_knowledge_msgs/DomainInequality.h)
Linked: (/home/glab/fetch_TAMP/devel/.private/rosplan_knowledge_msgs/include/rosplan_knowledge_msgs/KnowledgeUpdateServiceResponse.h, /home/glab/fetch_TAMP/devel/include/rosplan_knowledge_msgs/KnowledgeUpdateServiceResponse.h)
Linked: (/home/glab/fetch_TAMP/devel/.private/rosplan_knowledge_msgs/include/rosplan_knowledge_msgs/GetRDDLParams.h, /home/glab/fetch_TAMP/devel/include/rosplan_knowledge_msgs/GetRDDLParams.h)
Linked: (/home/glab/fetch_TAMP/devel/.private/rosplan_knowledge_msgs/include/rosplan_knowledge_msgs/GetDomainPredicateDetailsService.h, /home/glab/fetch_TAMP/devel/include/rosplan_knowledge_msgs/GetDomainPredicateDetailsService.h)
Linked: (/home/glab/fetch_TAMP/devel/.private/rosplan_knowledge_msgs/include/rosplan_knowledge_msgs/KnowledgeItem.h, /home/glab/fetch_TAMP/devel/include/rosplan_knowledge_msgs/KnowledgeItem.h)
Linked: (/home/glab/fetch_TAMP/devel/.private/rosplan_knowledge_msgs/include/rosplan_knowledge_msgs/ExprBase.h, /home/glab/fetch_TAMP/devel/include/rosplan_knowledge_msgs/ExprBase.h)
Linked: (/home/glab/fetch_TAMP/devel/.private/rosplan_knowledge_msgs/include/rosplan_knowledge_msgs/ExprComposite.h, /home/glab/fetch_TAMP/devel/include/rosplan_knowledge_msgs/ExprComposite.h)
Linked: (/home/glab/fetch_TAMP/devel/.private/rosplan_knowledge_msgs/include/rosplan_knowledge_msgs/GetMetricServiceRequest.h, /home/glab/fetch_TAMP/devel/include/rosplan_knowledge_msgs/GetMetricServiceRequest.h)
Linked: (/home/glab/fetch_TAMP/devel/.private/rosplan_knowledge_msgs/include/rosplan_knowledge_msgs/KnowledgeUpdateService.h, /home/glab/fetch_TAMP/devel/include/rosplan_knowledge_msgs/KnowledgeUpdateService.h)
Linked: (/home/glab/fetch_TAMP/devel/.private/rosplan_knowledge_msgs/include/rosplan_knowledge_msgs/GetDomainPredicateDetailsServiceResponse.h, /home/glab/fetch_TAMP/devel/include/rosplan_knowledge_msgs/GetDomainPredicateDetailsServiceResponse.h)
Linked: (/home/glab/fetch_TAMP/devel/.private/rosplan_knowledge_msgs/include/rosplan_knowledge_msgs/GetAttributeServiceRequest.h, /home/glab/fetch_TAMP/devel/include/rosplan_knowledge_msgs/GetAttributeServiceRequest.h)
Linked: (/home/glab/fetch_TAMP/devel/.private/rosplan_knowledge_msgs/include/rosplan_knowledge_msgs/SetNamedBoolRequest.h, /home/glab/fetch_TAMP/devel/include/rosplan_knowledge_msgs/SetNamedBoolRequest.h)
Linked: (/home/glab/fetch_TAMP/devel/.private/rosplan_knowledge_msgs/include/rosplan_knowledge_msgs/GetRDDLParamsResponse.h, /home/glab/fetch_TAMP/devel/include/rosplan_knowledge_msgs/GetRDDLParamsResponse.h)
Linked: (/home/glab/fetch_TAMP/devel/.private/rosplan_knowledge_msgs/include/rosplan_knowledge_msgs/ProbabilisticEffect.h, /home/glab/fetch_TAMP/devel/include/rosplan_knowledge_msgs/ProbabilisticEffect.h)
Linked: (/home/glab/fetch_TAMP/devel/.private/rosplan_knowledge_msgs/include/rosplan_knowledge_msgs/DomainOperator.h, /home/glab/fetch_TAMP/devel/include/rosplan_knowledge_msgs/DomainOperator.h)
Linked: (/home/glab/fetch_TAMP/devel/.private/rosplan_knowledge_msgs/include/rosplan_knowledge_msgs/SetIntResponse.h, /home/glab/fetch_TAMP/devel/include/rosplan_knowledge_msgs/SetIntResponse.h)
Linked: (/home/glab/fetch_TAMP/devel/.private/rosplan_knowledge_msgs/include/rosplan_knowledge_msgs/KnowledgeQueryServiceResponse.h, /home/glab/fetch_TAMP/devel/include/rosplan_knowledge_msgs/KnowledgeQueryServiceResponse.h)
Linked: (/home/glab/fetch_TAMP/devel/.private/rosplan_knowledge_msgs/include/rosplan_knowledge_msgs/DomainAssignment.h, /home/glab/fetch_TAMP/devel/include/rosplan_knowledge_msgs/DomainAssignment.h)
Linked: (/home/glab/fetch_TAMP/devel/.private/rosplan_knowledge_msgs/include/rosplan_knowledge_msgs/SetFloatResponse.h, /home/glab/fetch_TAMP/devel/include/rosplan_knowledge_msgs/SetFloatResponse.h)
Linked: (/home/glab/fetch_TAMP/devel/.private/rosplan_knowledge_msgs/include/rosplan_knowledge_msgs/ReloadRDDLDomainProblemResponse.h, /home/glab/fetch_TAMP/devel/include/rosplan_knowledge_msgs/ReloadRDDLDomainProblemResponse.h)
Linked: (/home/glab/fetch_TAMP/devel/.private/rosplan_knowledge_msgs/include/rosplan_knowledge_msgs/GetDomainNameServiceRequest.h, /home/glab/fetch_TAMP/devel/include/rosplan_knowledge_msgs/GetDomainNameServiceRequest.h)
Linked: (/home/glab/fetch_TAMP/devel/.private/rosplan_knowledge_msgs/include/rosplan_knowledge_msgs/GetEnumerableTypeServiceRequest.h, /home/glab/fetch_TAMP/devel/include/rosplan_knowledge_msgs/GetEnumerableTypeServiceRequest.h)
Linked: (/home/glab/fetch_TAMP/devel/.private/rosplan_knowledge_msgs/include/rosplan_knowledge_msgs/GenerateProblemServiceResponse.h, /home/glab/fetch_TAMP/devel/include/rosplan_knowledge_msgs/GenerateProblemServiceResponse.h)
Linked: (/home/glab/fetch_TAMP/devel/.private/rosplan_knowledge_msgs/include/rosplan_knowledge_msgs/SetFloatRequest.h, /home/glab/fetch_TAMP/devel/include/rosplan_knowledge_msgs/SetFloatRequest.h)
Linked: (/home/glab/fetch_TAMP/devel/.private/rosplan_knowledge_msgs/include/rosplan_knowledge_msgs/GetRDDLImmediateRewardRequest.h, /home/glab/fetch_TAMP/devel/include/rosplan_knowledge_msgs/GetRDDLImmediateRewardRequest.h)
Linked: (/home/glab/fetch_TAMP/devel/.private/rosplan_knowledge_msgs/include/rosplan_knowledge_msgs/GetEnumerableTypeServiceResponse.h, /home/glab/fetch_TAMP/devel/include/rosplan_knowledge_msgs/GetEnumerableTypeServiceResponse.h)
Linked: (/home/glab/fetch_TAMP/devel/.private/rosplan_knowledge_msgs/include/rosplan_knowledge_msgs/KnowledgeUpdateServiceRequest.h, /home/glab/fetch_TAMP/devel/include/rosplan_knowledge_msgs/KnowledgeUpdateServiceRequest.h)
Linked: (/home/glab/fetch_TAMP/devel/.private/rosplan_knowledge_msgs/include/rosplan_knowledge_msgs/SetIntRequest.h, /home/glab/fetch_TAMP/devel/include/rosplan_knowledge_msgs/SetIntRequest.h)
Linked: (/home/glab/fetch_TAMP/devel/.private/rosplan_knowledge_msgs/include/rosplan_knowledge_msgs/GetDomainOperatorDetailsServiceRequest.h, /home/glab/fetch_TAMP/devel/include/rosplan_knowledge_msgs/GetDomainOperatorDetailsServiceRequest.h)
Linked: (/home/glab/fetch_TAMP/devel/.private/rosplan_knowledge_msgs/include/rosplan_knowledge_msgs/GetDomainTypeServiceRequest.h, /home/glab/fetch_TAMP/devel/include/rosplan_knowledge_msgs/GetDomainTypeServiceRequest.h)
Linked: (/home/glab/fetch_TAMP/devel/.private/rosplan_knowledge_msgs/include/rosplan_knowledge_msgs/GetInstanceServiceRequest.h, /home/glab/fetch_TAMP/devel/include/rosplan_knowledge_msgs/GetInstanceServiceRequest.h)
Linked: (/home/glab/fetch_TAMP/devel/.private/rosplan_knowledge_msgs/include/rosplan_knowledge_msgs/KnowledgeQueryService.h, /home/glab/fetch_TAMP/devel/include/rosplan_knowledge_msgs/KnowledgeQueryService.h)
Linked: (/home/glab/fetch_TAMP/devel/.private/rosplan_knowledge_msgs/include/rosplan_knowledge_msgs/GenerateProblemServiceRequest.h, /home/glab/fetch_TAMP/devel/include/rosplan_knowledge_msgs/GenerateProblemServiceRequest.h)
Linked: (/home/glab/fetch_TAMP/devel/.private/rosplan_knowledge_msgs/include/rosplan_knowledge_msgs/GetInstanceService.h, /home/glab/fetch_TAMP/devel/include/rosplan_knowledge_msgs/GetInstanceService.h)
Linked: (/home/glab/fetch_TAMP/devel/.private/rosplan_knowledge_msgs/include/rosplan_knowledge_msgs/KnowledgeQueryServiceRequest.h, /home/glab/fetch_TAMP/devel/include/rosplan_knowledge_msgs/KnowledgeQueryServiceRequest.h)
Linked: (/home/glab/fetch_TAMP/devel/.private/rosplan_knowledge_msgs/include/rosplan_knowledge_msgs/StatusUpdate.h, /home/glab/fetch_TAMP/devel/include/rosplan_knowledge_msgs/StatusUpdate.h)
Linked: (/home/glab/fetch_TAMP/devel/.private/rosplan_knowledge_msgs/share/common-lisp/ros/rosplan_knowledge_msgs/srv/GetRDDLParams.lisp, /home/glab/fetch_TAMP/devel/share/common-lisp/ros/rosplan_knowledge_msgs/srv/GetRDDLParams.lisp)
Linked: (/home/glab/fetch_TAMP/devel/.private/rosplan_knowledge_msgs/share/common-lisp/ros/rosplan_knowledge_msgs/srv/_package_ReloadRDDLDomainProblem.lisp, /home/glab/fetch_TAMP/devel/share/common-lisp/ros/rosplan_knowledge_msgs/srv/_package_ReloadRDDLDomainProblem.lisp)
Linked: (/home/glab/fetch_TAMP/devel/.private/rosplan_knowledge_msgs/share/common-lisp/ros/rosplan_knowledge_msgs/srv/_package_GetInstanceService.lisp, /home/glab/fetch_TAMP/devel/share/common-lisp/ros/rosplan_knowledge_msgs/srv/_package_GetInstanceService.lisp)
Linked: (/home/glab/fetch_TAMP/devel/.private/rosplan_knowledge_msgs/share/common-lisp/ros/rosplan_knowledge_msgs/srv/_package_GetDomainTypeService.lisp, /home/glab/fetch_TAMP/devel/share/common-lisp/ros/rosplan_knowledge_msgs/srv/_package_GetDomainTypeService.lisp)
Linked: (/home/glab/fetch_TAMP/devel/.private/rosplan_knowledge_msgs/share/common-lisp/ros/rosplan_knowledge_msgs/srv/KnowledgeQueryService.lisp, /home/glab/fetch_TAMP/devel/share/common-lisp/ros/rosplan_knowledge_msgs/srv/KnowledgeQueryService.lisp)
Linked: (/home/glab/fetch_TAMP/devel/.private/rosplan_knowledge_msgs/share/common-lisp/ros/rosplan_knowledge_msgs/srv/GetAttributeService.lisp, /home/glab/fetch_TAMP/devel/share/common-lisp/ros/rosplan_knowledge_msgs/srv/GetAttributeService.lisp)
Linked: (/home/glab/fetch_TAMP/devel/.private/rosplan_knowledge_msgs/share/common-lisp/ros/rosplan_knowledge_msgs/srv/_package_GetDomainPredicateDetailsService.lisp, /home/glab/fetch_TAMP/devel/share/common-lisp/ros/rosplan_knowledge_msgs/srv/_package_GetDomainPredicateDetailsService.lisp)
Linked: (/home/glab/fetch_TAMP/devel/.private/rosplan_knowledge_msgs/share/common-lisp/ros/rosplan_knowledge_msgs/srv/_package_KnowledgeQueryService.lisp, /home/glab/fetch_TAMP/devel/share/common-lisp/ros/rosplan_knowledge_msgs/srv/_package_KnowledgeQueryService.lisp)
Linked: (/home/glab/fetch_TAMP/devel/.private/rosplan_knowledge_msgs/share/common-lisp/ros/rosplan_knowledge_msgs/srv/_package_GenerateProblemService.lisp, /home/glab/fetch_TAMP/devel/share/common-lisp/ros/rosplan_knowledge_msgs/srv/_package_GenerateProblemService.lisp)
Linked: (/home/glab/fetch_TAMP/devel/.private/rosplan_knowledge_msgs/share/common-lisp/ros/rosplan_knowledge_msgs/srv/GetRDDLFluentType.lisp, /home/glab/fetch_TAMP/devel/share/common-lisp/ros/rosplan_knowledge_msgs/srv/GetRDDLFluentType.lisp)
Linked: (/home/glab/fetch_TAMP/devel/.private/rosplan_knowledge_msgs/share/common-lisp/ros/rosplan_knowledge_msgs/srv/_package_GetRDDLParams.lisp, /home/glab/fetch_TAMP/devel/share/common-lisp/ros/rosplan_knowledge_msgs/srv/_package_GetRDDLParams.lisp)
Linked: (/home/glab/fetch_TAMP/devel/.private/rosplan_knowledge_msgs/share/common-lisp/ros/rosplan_knowledge_msgs/srv/GetDomainPredicateDetailsService.lisp, /home/glab/fetch_TAMP/devel/share/common-lisp/ros/rosplan_knowledge_msgs/srv/GetDomainPredicateDetailsService.lisp)
Linked: (/home/glab/fetch_TAMP/devel/.private/rosplan_knowledge_msgs/share/common-lisp/ros/rosplan_knowledge_msgs/srv/GetDomainNameService.lisp, /home/glab/fetch_TAMP/devel/share/common-lisp/ros/rosplan_knowledge_msgs/srv/GetDomainNameService.lisp)
Linked: (/home/glab/fetch_TAMP/devel/.private/rosplan_knowledge_msgs/share/common-lisp/ros/rosplan_knowledge_msgs/srv/_package_GetRDDLImmediateReward.lisp, /home/glab/fetch_TAMP/devel/share/common-lisp/ros/rosplan_knowledge_msgs/srv/_package_GetRDDLImmediateReward.lisp)
Linked: (/home/glab/fetch_TAMP/devel/.private/rosplan_knowledge_msgs/share/common-lisp/ros/rosplan_knowledge_msgs/srv/GetRDDLImmediateReward.lisp, /home/glab/fetch_TAMP/devel/share/common-lisp/ros/rosplan_knowledge_msgs/srv/GetRDDLImmediateReward.lisp)
Linked: (/home/glab/fetch_TAMP/devel/.private/rosplan_knowledge_msgs/share/common-lisp/ros/rosplan_knowledge_msgs/srv/_package_GetDomainNameService.lisp, /home/glab/fetch_TAMP/devel/share/common-lisp/ros/rosplan_knowledge_msgs/srv/_package_GetDomainNameService.lisp)
Linked: (/home/glab/fetch_TAMP/devel/.private/rosplan_knowledge_msgs/share/common-lisp/ros/rosplan_knowledge_msgs/srv/GenerateProblemService.lisp, /home/glab/fetch_TAMP/devel/share/common-lisp/ros/rosplan_knowledge_msgs/srv/GenerateProblemService.lisp)
Linked: (/home/glab/fetch_TAMP/devel/.private/rosplan_knowledge_msgs/share/common-lisp/ros/rosplan_knowledge_msgs/srv/_package_GetDomainOperatorDetailsService.lisp, /home/glab/fetch_TAMP/devel/share/common-lisp/ros/rosplan_knowledge_msgs/srv/_package_GetDomainOperatorDetailsService.lisp)
Linked: (/home/glab/fetch_TAMP/devel/.private/rosplan_knowledge_msgs/share/common-lisp/ros/rosplan_knowledge_msgs/srv/SetNamedBool.lisp, /home/glab/fetch_TAMP/devel/share/common-lisp/ros/rosplan_knowledge_msgs/srv/SetNamedBool.lisp)
Linked: (/home/glab/fetch_TAMP/devel/.private/rosplan_knowledge_msgs/share/common-lisp/ros/rosplan_knowledge_msgs/srv/ReloadRDDLDomainProblem.lisp, /home/glab/fetch_TAMP/devel/share/common-lisp/ros/rosplan_knowledge_msgs/srv/ReloadRDDLDomainProblem.lisp)
Linked: (/home/glab/fetch_TAMP/devel/.private/rosplan_knowledge_msgs/share/common-lisp/ros/rosplan_knowledge_msgs/srv/GetInstanceService.lisp, /home/glab/fetch_TAMP/devel/share/common-lisp/ros/rosplan_knowledge_msgs/srv/GetInstanceService.lisp)
Linked: (/home/glab/fetch_TAMP/devel/.private/rosplan_knowledge_msgs/share/common-lisp/ros/rosplan_knowledge_msgs/srv/_package_GetEnumerableTypeService.lisp, /home/glab/fetch_TAMP/devel/share/common-lisp/ros/rosplan_knowledge_msgs/srv/_package_GetEnumerableTypeService.lisp)
Linked: (/home/glab/fetch_TAMP/devel/.private/rosplan_knowledge_msgs/share/common-lisp/ros/rosplan_knowledge_msgs/srv/_package.lisp, /home/glab/fetch_TAMP/devel/share/common-lisp/ros/rosplan_knowledge_msgs/srv/_package.lisp)
Linked: (/home/glab/fetch_TAMP/devel/.private/rosplan_knowledge_msgs/share/common-lisp/ros/rosplan_knowledge_msgs/srv/_package_GetMetricService.lisp, /home/glab/fetch_TAMP/devel/share/common-lisp/ros/rosplan_knowledge_msgs/srv/_package_GetMetricService.lisp)
Linked: (/home/glab/fetch_TAMP/devel/.private/rosplan_knowledge_msgs/share/common-lisp/ros/rosplan_knowledge_msgs/srv/_package_GetDomainOperatorService.lisp, /home/glab/fetch_TAMP/devel/share/common-lisp/ros/rosplan_knowledge_msgs/srv/_package_GetDomainOperatorService.lisp)
Linked: (/home/glab/fetch_TAMP/devel/.private/rosplan_knowledge_msgs/share/common-lisp/ros/rosplan_knowledge_msgs/srv/GetDomainAttributeService.lisp, /home/glab/fetch_TAMP/devel/share/common-lisp/ros/rosplan_knowledge_msgs/srv/GetDomainAttributeService.lisp)
Linked: (/home/glab/fetch_TAMP/devel/.private/rosplan_knowledge_msgs/share/common-lisp/ros/rosplan_knowledge_msgs/srv/GetDomainOperatorService.lisp, /home/glab/fetch_TAMP/devel/share/common-lisp/ros/rosplan_knowledge_msgs/srv/GetDomainOperatorService.lisp)
Linked: (/home/glab/fetch_TAMP/devel/.private/rosplan_knowledge_msgs/share/common-lisp/ros/rosplan_knowledge_msgs/srv/_package_SetFloat.lisp, /home/glab/fetch_TAMP/devel/share/common-lisp/ros/rosplan_knowledge_msgs/srv/_package_SetFloat.lisp)
Linked: (/home/glab/fetch_TAMP/devel/.private/rosplan_knowledge_msgs/share/common-lisp/ros/rosplan_knowledge_msgs/srv/_package_GetDomainAttributeService.lisp, /home/glab/fetch_TAMP/devel/share/common-lisp/ros/rosplan_knowledge_msgs/srv/_package_GetDomainAttributeService.lisp)
Linked: (/home/glab/fetch_TAMP/devel/.private/rosplan_knowledge_msgs/share/common-lisp/ros/rosplan_knowledge_msgs/srv/_package_KnowledgeUpdateService.lisp, /home/glab/fetch_TAMP/devel/share/common-lisp/ros/rosplan_knowledge_msgs/srv/_package_KnowledgeUpdateService.lisp)
Linked: (/home/glab/fetch_TAMP/devel/.private/rosplan_knowledge_msgs/share/common-lisp/ros/rosplan_knowledge_msgs/srv/_package_GetRDDLFluentType.lisp, /home/glab/fetch_TAMP/devel/share/common-lisp/ros/rosplan_knowledge_msgs/srv/_package_GetRDDLFluentType.lisp)
Linked: (/home/glab/fetch_TAMP/devel/.private/rosplan_knowledge_msgs/share/common-lisp/ros/rosplan_knowledge_msgs/srv/SetInt.lisp, /home/glab/fetch_TAMP/devel/share/common-lisp/ros/rosplan_knowledge_msgs/srv/SetInt.lisp)
Linked: (/home/glab/fetch_TAMP/devel/.private/rosplan_knowledge_msgs/share/common-lisp/ros/rosplan_knowledge_msgs/srv/KnowledgeUpdateServiceArray.lisp, /home/glab/fetch_TAMP/devel/share/common-lisp/ros/rosplan_knowledge_msgs/srv/KnowledgeUpdateServiceArray.lisp)
Linked: (/home/glab/fetch_TAMP/devel/.private/rosplan_knowledge_msgs/share/common-lisp/ros/rosplan_knowledge_msgs/srv/_package_GetAttributeService.lisp, /home/glab/fetch_TAMP/devel/share/common-lisp/ros/rosplan_knowledge_msgs/srv/_package_GetAttributeService.lisp)
Linked: (/home/glab/fetch_TAMP/devel/.private/rosplan_knowledge_msgs/share/common-lisp/ros/rosplan_knowledge_msgs/srv/SetFloat.lisp, /home/glab/fetch_TAMP/devel/share/common-lisp/ros/rosplan_knowledge_msgs/srv/SetFloat.lisp)
Linked: (/home/glab/fetch_TAMP/devel/.private/rosplan_knowledge_msgs/share/common-lisp/ros/rosplan_knowledge_msgs/srv/_package_SetInt.lisp, /home/glab/fetch_TAMP/devel/share/common-lisp/ros/rosplan_knowledge_msgs/srv/_package_SetInt.lisp)
Linked: (/home/glab/fetch_TAMP/devel/.private/rosplan_knowledge_msgs/share/common-lisp/ros/rosplan_knowledge_msgs/srv/GetDomainOperatorDetailsService.lisp, /home/glab/fetch_TAMP/devel/share/common-lisp/ros/rosplan_knowledge_msgs/srv/GetDomainOperatorDetailsService.lisp)
Linked: (/home/glab/fetch_TAMP/devel/.private/rosplan_knowledge_msgs/share/common-lisp/ros/rosplan_knowledge_msgs/srv/rosplan_knowledge_msgs-srv.asd, /home/glab/fetch_TAMP/devel/share/common-lisp/ros/rosplan_knowledge_msgs/srv/rosplan_knowledge_msgs-srv.asd)
Linked: (/home/glab/fetch_TAMP/devel/.private/rosplan_knowledge_msgs/share/common-lisp/ros/rosplan_knowledge_msgs/srv/_package_SetNamedBool.lisp, /home/glab/fetch_TAMP/devel/share/common-lisp/ros/rosplan_knowledge_msgs/srv/_package_SetNamedBool.lisp)
Linked: (/home/glab/fetch_TAMP/devel/.private/rosplan_knowledge_msgs/share/common-lisp/ros/rosplan_knowledge_msgs/srv/GetDomainTypeService.lisp, /home/glab/fetch_TAMP/devel/share/common-lisp/ros/rosplan_knowledge_msgs/srv/GetDomainTypeService.lisp)
Linked: (/home/glab/fetch_TAMP/devel/.private/rosplan_knowledge_msgs/share/common-lisp/ros/rosplan_knowledge_msgs/srv/GetMetricService.lisp, /home/glab/fetch_TAMP/devel/share/common-lisp/ros/rosplan_knowledge_msgs/srv/GetMetricService.lisp)
Linked: (/home/glab/fetch_TAMP/devel/.private/rosplan_knowledge_msgs/share/common-lisp/ros/rosplan_knowledge_msgs/srv/_package_KnowledgeUpdateServiceArray.lisp, /home/glab/fetch_TAMP/devel/share/common-lisp/ros/rosplan_knowledge_msgs/srv/_package_KnowledgeUpdateServiceArray.lisp)
Linked: (/home/glab/fetch_TAMP/devel/.private/rosplan_knowledge_msgs/share/common-lisp/ros/rosplan_knowledge_msgs/srv/KnowledgeUpdateService.lisp, /home/glab/fetch_TAMP/devel/share/common-lisp/ros/rosplan_knowledge_msgs/srv/KnowledgeUpdateService.lisp)
Linked: (/home/glab/fetch_TAMP/devel/.private/rosplan_knowledge_msgs/share/common-lisp/ros/rosplan_knowledge_msgs/srv/GetEnumerableTypeService.lisp, /home/glab/fetch_TAMP/devel/share/common-lisp/ros/rosplan_knowledge_msgs/srv/GetEnumerableTypeService.lisp)
Linked: (/home/glab/fetch_TAMP/devel/.private/rosplan_knowledge_msgs/share/common-lisp/ros/rosplan_knowledge_msgs/msg/KnowledgeItem.lisp, /home/glab/fetch_TAMP/devel/share/common-lisp/ros/rosplan_knowledge_msgs/msg/KnowledgeItem.lisp)
Linked: (/home/glab/fetch_TAMP/devel/.private/rosplan_knowledge_msgs/share/common-lisp/ros/rosplan_knowledge_msgs/msg/StatusUpdate.lisp, /home/glab/fetch_TAMP/devel/share/common-lisp/ros/rosplan_knowledge_msgs/msg/StatusUpdate.lisp)
Linked: (/home/glab/fetch_TAMP/devel/.private/rosplan_knowledge_msgs/share/common-lisp/ros/rosplan_knowledge_msgs/msg/_package_DomainFormula.lisp, /home/glab/fetch_TAMP/devel/share/common-lisp/ros/rosplan_knowledge_msgs/msg/_package_DomainFormula.lisp)
Linked: (/home/glab/fetch_TAMP/devel/.private/rosplan_knowledge_msgs/share/common-lisp/ros/rosplan_knowledge_msgs/msg/_package_ProbabilisticEffect.lisp, /home/glab/fetch_TAMP/devel/share/common-lisp/ros/rosplan_knowledge_msgs/msg/_package_ProbabilisticEffect.lisp)
Linked: (/home/glab/fetch_TAMP/devel/.private/rosplan_knowledge_msgs/share/common-lisp/ros/rosplan_knowledge_msgs/msg/DomainAssignment.lisp, /home/glab/fetch_TAMP/devel/share/common-lisp/ros/rosplan_knowledge_msgs/msg/DomainAssignment.lisp)
Linked: (/home/glab/fetch_TAMP/devel/.private/rosplan_knowledge_msgs/share/common-lisp/ros/rosplan_knowledge_msgs/msg/_package_KnowledgeItem.lisp, /home/glab/fetch_TAMP/devel/share/common-lisp/ros/rosplan_knowledge_msgs/msg/_package_KnowledgeItem.lisp)
Linked: (/home/glab/fetch_TAMP/devel/.private/rosplan_knowledge_msgs/share/common-lisp/ros/rosplan_knowledge_msgs/msg/_package_DomainAssignment.lisp, /home/glab/fetch_TAMP/devel/share/common-lisp/ros/rosplan_knowledge_msgs/msg/_package_DomainAssignment.lisp)
Linked: (/home/glab/fetch_TAMP/devel/.private/rosplan_knowledge_msgs/share/common-lisp/ros/rosplan_knowledge_msgs/msg/_package_ExprComposite.lisp, /home/glab/fetch_TAMP/devel/share/common-lisp/ros/rosplan_knowledge_msgs/msg/_package_ExprComposite.lisp)
Linked: (/home/glab/fetch_TAMP/devel/.private/rosplan_knowledge_msgs/share/common-lisp/ros/rosplan_knowledge_msgs/msg/DomainInequality.lisp, /home/glab/fetch_TAMP/devel/share/common-lisp/ros/rosplan_knowledge_msgs/msg/DomainInequality.lisp)
Linked: (/home/glab/fetch_TAMP/devel/.private/rosplan_knowledge_msgs/share/common-lisp/ros/rosplan_knowledge_msgs/msg/ExprComposite.lisp, /home/glab/fetch_TAMP/devel/share/common-lisp/ros/rosplan_knowledge_msgs/msg/ExprComposite.lisp)
Linked: (/home/glab/fetch_TAMP/devel/.private/rosplan_knowledge_msgs/share/common-lisp/ros/rosplan_knowledge_msgs/msg/_package.lisp, /home/glab/fetch_TAMP/devel/share/common-lisp/ros/rosplan_knowledge_msgs/msg/_package.lisp)
Linked: (/home/glab/fetch_TAMP/devel/.private/rosplan_knowledge_msgs/share/common-lisp/ros/rosplan_knowledge_msgs/msg/rosplan_knowledge_msgs-msg.asd, /home/glab/fetch_TAMP/devel/share/common-lisp/ros/rosplan_knowledge_msgs/msg/rosplan_knowledge_msgs-msg.asd)
Linked: (/home/glab/fetch_TAMP/devel/.private/rosplan_knowledge_msgs/share/common-lisp/ros/rosplan_knowledge_msgs/msg/ProbabilisticEffect.lisp, /home/glab/fetch_TAMP/devel/share/common-lisp/ros/rosplan_knowledge_msgs/msg/ProbabilisticEffect.lisp)
Linked: (/home/glab/fetch_TAMP/devel/.private/rosplan_knowledge_msgs/share/common-lisp/ros/rosplan_knowledge_msgs/msg/DomainOperator.lisp, /home/glab/fetch_TAMP/devel/share/common-lisp/ros/rosplan_knowledge_msgs/msg/DomainOperator.lisp)
Linked: (/home/glab/fetch_TAMP/devel/.private/rosplan_knowledge_msgs/share/common-lisp/ros/rosplan_knowledge_msgs/msg/_package_DomainInequality.lisp, /home/glab/fetch_TAMP/devel/share/common-lisp/ros/rosplan_knowledge_msgs/msg/_package_DomainInequality.lisp)
Linked: (/home/glab/fetch_TAMP/devel/.private/rosplan_knowledge_msgs/share/common-lisp/ros/rosplan_knowledge_msgs/msg/_package_ExprBase.lisp, /home/glab/fetch_TAMP/devel/share/common-lisp/ros/rosplan_knowledge_msgs/msg/_package_ExprBase.lisp)
Linked: (/home/glab/fetch_TAMP/devel/.private/rosplan_knowledge_msgs/share/common-lisp/ros/rosplan_knowledge_msgs/msg/_package_StatusUpdate.lisp, /home/glab/fetch_TAMP/devel/share/common-lisp/ros/rosplan_knowledge_msgs/msg/_package_StatusUpdate.lisp)
Linked: (/home/glab/fetch_TAMP/devel/.private/rosplan_knowledge_msgs/share/common-lisp/ros/rosplan_knowledge_msgs/msg/DomainFormula.lisp, /home/glab/fetch_TAMP/devel/share/common-lisp/ros/rosplan_knowledge_msgs/msg/DomainFormula.lisp)
Linked: (/home/glab/fetch_TAMP/devel/.private/rosplan_knowledge_msgs/share/common-lisp/ros/rosplan_knowledge_msgs/msg/ExprBase.lisp, /home/glab/fetch_TAMP/devel/share/common-lisp/ros/rosplan_knowledge_msgs/msg/ExprBase.lisp)
Linked: (/home/glab/fetch_TAMP/devel/.private/rosplan_knowledge_msgs/share/common-lisp/ros/rosplan_knowledge_msgs/msg/_package_DomainOperator.lisp, /home/glab/fetch_TAMP/devel/share/common-lisp/ros/rosplan_knowledge_msgs/msg/_package_DomainOperator.lisp)
Linked: (/home/glab/fetch_TAMP/devel/.private/rosplan_knowledge_msgs/share/roseus/ros/rosplan_knowledge_msgs/manifest.l, /home/glab/fetch_TAMP/devel/share/roseus/ros/rosplan_knowledge_msgs/manifest.l)
Linked: (/home/glab/fetch_TAMP/devel/.private/rosplan_knowledge_msgs/share/roseus/ros/rosplan_knowledge_msgs/srv/GetDomainAttributeService.l, /home/glab/fetch_TAMP/devel/share/roseus/ros/rosplan_knowledge_msgs/srv/GetDomainAttributeService.l)
Linked: (/home/glab/fetch_TAMP/devel/.private/rosplan_knowledge_msgs/share/roseus/ros/rosplan_knowledge_msgs/srv/GetRDDLParams.l, /home/glab/fetch_TAMP/devel/share/roseus/ros/rosplan_knowledge_msgs/srv/GetRDDLParams.l)
Linked: (/home/glab/fetch_TAMP/devel/.private/rosplan_knowledge_msgs/share/roseus/ros/rosplan_knowledge_msgs/srv/GetDomainOperatorService.l, /home/glab/fetch_TAMP/devel/share/roseus/ros/rosplan_knowledge_msgs/srv/GetDomainOperatorService.l)
Linked: (/home/glab/fetch_TAMP/devel/.private/rosplan_knowledge_msgs/share/roseus/ros/rosplan_knowledge_msgs/srv/GetDomainPredicateDetailsService.l, /home/glab/fetch_TAMP/devel/share/roseus/ros/rosplan_knowledge_msgs/srv/GetDomainPredicateDetailsService.l)
Linked: (/home/glab/fetch_TAMP/devel/.private/rosplan_knowledge_msgs/share/roseus/ros/rosplan_knowledge_msgs/srv/SetNamedBool.l, /home/glab/fetch_TAMP/devel/share/roseus/ros/rosplan_knowledge_msgs/srv/SetNamedBool.l)
Linked: (/home/glab/fetch_TAMP/devel/.private/rosplan_knowledge_msgs/share/roseus/ros/rosplan_knowledge_msgs/srv/KnowledgeUpdateServiceArray.l, /home/glab/fetch_TAMP/devel/share/roseus/ros/rosplan_knowledge_msgs/srv/KnowledgeUpdateServiceArray.l)
Linked: (/home/glab/fetch_TAMP/devel/.private/rosplan_knowledge_msgs/share/roseus/ros/rosplan_knowledge_msgs/srv/SetInt.l, /home/glab/fetch_TAMP/devel/share/roseus/ros/rosplan_knowledge_msgs/srv/SetInt.l)
Linked: (/home/glab/fetch_TAMP/devel/.private/rosplan_knowledge_msgs/share/roseus/ros/rosplan_knowledge_msgs/srv/ReloadRDDLDomainProblem.l, /home/glab/fetch_TAMP/devel/share/roseus/ros/rosplan_knowledge_msgs/srv/ReloadRDDLDomainProblem.l)
Linked: (/home/glab/fetch_TAMP/devel/.private/rosplan_knowledge_msgs/share/roseus/ros/rosplan_knowledge_msgs/srv/GetDomainNameService.l, /home/glab/fetch_TAMP/devel/share/roseus/ros/rosplan_knowledge_msgs/srv/GetDomainNameService.l)
Linked: (/home/glab/fetch_TAMP/devel/.private/rosplan_knowledge_msgs/share/roseus/ros/rosplan_knowledge_msgs/srv/GetRDDLFluentType.l, /home/glab/fetch_TAMP/devel/share/roseus/ros/rosplan_knowledge_msgs/srv/GetRDDLFluentType.l)
Linked: (/home/glab/fetch_TAMP/devel/.private/rosplan_knowledge_msgs/share/roseus/ros/rosplan_knowledge_msgs/srv/GenerateProblemService.l, /home/glab/fetch_TAMP/devel/share/roseus/ros/rosplan_knowledge_msgs/srv/GenerateProblemService.l)
Linked: (/home/glab/fetch_TAMP/devel/.private/rosplan_knowledge_msgs/share/roseus/ros/rosplan_knowledge_msgs/srv/SetFloat.l, /home/glab/fetch_TAMP/devel/share/roseus/ros/rosplan_knowledge_msgs/srv/SetFloat.l)
Linked: (/home/glab/fetch_TAMP/devel/.private/rosplan_knowledge_msgs/share/roseus/ros/rosplan_knowledge_msgs/srv/GetEnumerableTypeService.l, /home/glab/fetch_TAMP/devel/share/roseus/ros/rosplan_knowledge_msgs/srv/GetEnumerableTypeService.l)
Linked: (/home/glab/fetch_TAMP/devel/.private/rosplan_knowledge_msgs/share/roseus/ros/rosplan_knowledge_msgs/srv/GetDomainOperatorDetailsService.l, /home/glab/fetch_TAMP/devel/share/roseus/ros/rosplan_knowledge_msgs/srv/GetDomainOperatorDetailsService.l)
Linked: (/home/glab/fetch_TAMP/devel/.private/rosplan_knowledge_msgs/share/roseus/ros/rosplan_knowledge_msgs/srv/GetMetricService.l, /home/glab/fetch_TAMP/devel/share/roseus/ros/rosplan_knowledge_msgs/srv/GetMetricService.l)
Linked: (/home/glab/fetch_TAMP/devel/.private/rosplan_knowledge_msgs/share/roseus/ros/rosplan_knowledge_msgs/srv/GetAttributeService.l, /home/glab/fetch_TAMP/devel/share/roseus/ros/rosplan_knowledge_msgs/srv/GetAttributeService.l)
Linked: (/home/glab/fetch_TAMP/devel/.private/rosplan_knowledge_msgs/share/roseus/ros/rosplan_knowledge_msgs/srv/KnowledgeUpdateService.l, /home/glab/fetch_TAMP/devel/share/roseus/ros/rosplan_knowledge_msgs/srv/KnowledgeUpdateService.l)
Linked: (/home/glab/fetch_TAMP/devel/.private/rosplan_knowledge_msgs/share/roseus/ros/rosplan_knowledge_msgs/srv/GetRDDLImmediateReward.l, /home/glab/fetch_TAMP/devel/share/roseus/ros/rosplan_knowledge_msgs/srv/GetRDDLImmediateReward.l)
Linked: (/home/glab/fetch_TAMP/devel/.private/rosplan_knowledge_msgs/share/roseus/ros/rosplan_knowledge_msgs/srv/GetDomainTypeService.l, /home/glab/fetch_TAMP/devel/share/roseus/ros/rosplan_knowledge_msgs/srv/GetDomainTypeService.l)
Linked: (/home/glab/fetch_TAMP/devel/.private/rosplan_knowledge_msgs/share/roseus/ros/rosplan_knowledge_msgs/srv/KnowledgeQueryService.l, /home/glab/fetch_TAMP/devel/share/roseus/ros/rosplan_knowledge_msgs/srv/KnowledgeQueryService.l)
Linked: (/home/glab/fetch_TAMP/devel/.private/rosplan_knowledge_msgs/share/roseus/ros/rosplan_knowledge_msgs/srv/GetInstanceService.l, /home/glab/fetch_TAMP/devel/share/roseus/ros/rosplan_knowledge_msgs/srv/GetInstanceService.l)
Linked: (/home/glab/fetch_TAMP/devel/.private/rosplan_knowledge_msgs/share/roseus/ros/rosplan_knowledge_msgs/msg/KnowledgeItem.l, /home/glab/fetch_TAMP/devel/share/roseus/ros/rosplan_knowledge_msgs/msg/KnowledgeItem.l)
Linked: (/home/glab/fetch_TAMP/devel/.private/rosplan_knowledge_msgs/share/roseus/ros/rosplan_knowledge_msgs/msg/StatusUpdate.l, /home/glab/fetch_TAMP/devel/share/roseus/ros/rosplan_knowledge_msgs/msg/StatusUpdate.l)
Linked: (/home/glab/fetch_TAMP/devel/.private/rosplan_knowledge_msgs/share/roseus/ros/rosplan_knowledge_msgs/msg/ExprComposite.l, /home/glab/fetch_TAMP/devel/share/roseus/ros/rosplan_knowledge_msgs/msg/ExprComposite.l)
Linked: (/home/glab/fetch_TAMP/devel/.private/rosplan_knowledge_msgs/share/roseus/ros/rosplan_knowledge_msgs/msg/DomainOperator.l, /home/glab/fetch_TAMP/devel/share/roseus/ros/rosplan_knowledge_msgs/msg/DomainOperator.l)
Linked: (/home/glab/fetch_TAMP/devel/.private/rosplan_knowledge_msgs/share/roseus/ros/rosplan_knowledge_msgs/msg/DomainAssignment.l, /home/glab/fetch_TAMP/devel/share/roseus/ros/rosplan_knowledge_msgs/msg/DomainAssignment.l)
Linked: (/home/glab/fetch_TAMP/devel/.private/rosplan_knowledge_msgs/share/roseus/ros/rosplan_knowledge_msgs/msg/ProbabilisticEffect.l, /home/glab/fetch_TAMP/devel/share/roseus/ros/rosplan_knowledge_msgs/msg/ProbabilisticEffect.l)
Linked: (/home/glab/fetch_TAMP/devel/.private/rosplan_knowledge_msgs/share/roseus/ros/rosplan_knowledge_msgs/msg/DomainFormula.l, /home/glab/fetch_TAMP/devel/share/roseus/ros/rosplan_knowledge_msgs/msg/DomainFormula.l)
Linked: (/home/glab/fetch_TAMP/devel/.private/rosplan_knowledge_msgs/share/roseus/ros/rosplan_knowledge_msgs/msg/DomainInequality.l, /home/glab/fetch_TAMP/devel/share/roseus/ros/rosplan_knowledge_msgs/msg/DomainInequality.l)
Linked: (/home/glab/fetch_TAMP/devel/.private/rosplan_knowledge_msgs/share/roseus/ros/rosplan_knowledge_msgs/msg/ExprBase.l, /home/glab/fetch_TAMP/devel/share/roseus/ros/rosplan_knowledge_msgs/msg/ExprBase.l)
Linked: (/home/glab/fetch_TAMP/devel/.private/rosplan_knowledge_msgs/share/rosplan_knowledge_msgs/cmake/rosplan_knowledge_msgs-msg-paths.cmake, /home/glab/fetch_TAMP/devel/share/rosplan_knowledge_msgs/cmake/rosplan_knowledge_msgs-msg-paths.cmake)
Linked: (/home/glab/fetch_TAMP/devel/.private/rosplan_knowledge_msgs/share/rosplan_knowledge_msgs/cmake/rosplan_knowledge_msgsConfig.cmake, /home/glab/fetch_TAMP/devel/share/rosplan_knowledge_msgs/cmake/rosplan_knowledge_msgsConfig.cmake)
Linked: (/home/glab/fetch_TAMP/devel/.private/rosplan_knowledge_msgs/share/rosplan_knowledge_msgs/cmake/rosplan_knowledge_msgsConfig-version.cmake, /home/glab/fetch_TAMP/devel/share/rosplan_knowledge_msgs/cmake/rosplan_knowledge_msgsConfig-version.cmake)
Linked: (/home/glab/fetch_TAMP/devel/.private/rosplan_knowledge_msgs/share/rosplan_knowledge_msgs/cmake/rosplan_knowledge_msgs-msg-extras.cmake, /home/glab/fetch_TAMP/devel/share/rosplan_knowledge_msgs/cmake/rosplan_knowledge_msgs-msg-extras.cmake)
Linked: (/home/glab/fetch_TAMP/devel/.private/rosplan_knowledge_msgs/share/gennodejs/ros/rosplan_knowledge_msgs/_index.js, /home/glab/fetch_TAMP/devel/share/gennodejs/ros/rosplan_knowledge_msgs/_index.js)
Linked: (/home/glab/fetch_TAMP/devel/.private/rosplan_knowledge_msgs/share/gennodejs/ros/rosplan_knowledge_msgs/srv/GetAttributeService.js, /home/glab/fetch_TAMP/devel/share/gennodejs/ros/rosplan_knowledge_msgs/srv/GetAttributeService.js)
Linked: (/home/glab/fetch_TAMP/devel/.private/rosplan_knowledge_msgs/share/gennodejs/ros/rosplan_knowledge_msgs/srv/GetRDDLImmediateReward.js, /home/glab/fetch_TAMP/devel/share/gennodejs/ros/rosplan_knowledge_msgs/srv/GetRDDLImmediateReward.js)
Linked: (/home/glab/fetch_TAMP/devel/.private/rosplan_knowledge_msgs/share/gennodejs/ros/rosplan_knowledge_msgs/srv/GetRDDLParams.js, /home/glab/fetch_TAMP/devel/share/gennodejs/ros/rosplan_knowledge_msgs/srv/GetRDDLParams.js)
Linked: (/home/glab/fetch_TAMP/devel/.private/rosplan_knowledge_msgs/share/gennodejs/ros/rosplan_knowledge_msgs/srv/KnowledgeUpdateService.js, /home/glab/fetch_TAMP/devel/share/gennodejs/ros/rosplan_knowledge_msgs/srv/KnowledgeUpdateService.js)
Linked: (/home/glab/fetch_TAMP/devel/.private/rosplan_knowledge_msgs/share/gennodejs/ros/rosplan_knowledge_msgs/srv/GetEnumerableTypeService.js, /home/glab/fetch_TAMP/devel/share/gennodejs/ros/rosplan_knowledge_msgs/srv/GetEnumerableTypeService.js)
Linked: (/home/glab/fetch_TAMP/devel/.private/rosplan_knowledge_msgs/share/gennodejs/ros/rosplan_knowledge_msgs/srv/SetNamedBool.js, /home/glab/fetch_TAMP/devel/share/gennodejs/ros/rosplan_knowledge_msgs/srv/SetNamedBool.js)
Linked: (/home/glab/fetch_TAMP/devel/.private/rosplan_knowledge_msgs/share/gennodejs/ros/rosplan_knowledge_msgs/srv/GenerateProblemService.js, /home/glab/fetch_TAMP/devel/share/gennodejs/ros/rosplan_knowledge_msgs/srv/GenerateProblemService.js)
Linked: (/home/glab/fetch_TAMP/devel/.private/rosplan_knowledge_msgs/share/gennodejs/ros/rosplan_knowledge_msgs/srv/ReloadRDDLDomainProblem.js, /home/glab/fetch_TAMP/devel/share/gennodejs/ros/rosplan_knowledge_msgs/srv/ReloadRDDLDomainProblem.js)
Linked: (/home/glab/fetch_TAMP/devel/.private/rosplan_knowledge_msgs/share/gennodejs/ros/rosplan_knowledge_msgs/srv/GetMetricService.js, /home/glab/fetch_TAMP/devel/share/gennodejs/ros/rosplan_knowledge_msgs/srv/GetMetricService.js)
Linked: (/home/glab/fetch_TAMP/devel/.private/rosplan_knowledge_msgs/share/gennodejs/ros/rosplan_knowledge_msgs/srv/GetDomainPredicateDetailsService.js, /home/glab/fetch_TAMP/devel/share/gennodejs/ros/rosplan_knowledge_msgs/srv/GetDomainPredicateDetailsService.js)
Linked: (/home/glab/fetch_TAMP/devel/.private/rosplan_knowledge_msgs/share/gennodejs/ros/rosplan_knowledge_msgs/srv/GetDomainOperatorDetailsService.js, /home/glab/fetch_TAMP/devel/share/gennodejs/ros/rosplan_knowledge_msgs/srv/GetDomainOperatorDetailsService.js)
Linked: (/home/glab/fetch_TAMP/devel/.private/rosplan_knowledge_msgs/share/gennodejs/ros/rosplan_knowledge_msgs/srv/GetRDDLFluentType.js, /home/glab/fetch_TAMP/devel/share/gennodejs/ros/rosplan_knowledge_msgs/srv/GetRDDLFluentType.js)
Linked: (/home/glab/fetch_TAMP/devel/.private/rosplan_knowledge_msgs/share/gennodejs/ros/rosplan_knowledge_msgs/srv/GetDomainTypeService.js, /home/glab/fetch_TAMP/devel/share/gennodejs/ros/rosplan_knowledge_msgs/srv/GetDomainTypeService.js)
Linked: (/home/glab/fetch_TAMP/devel/.private/rosplan_knowledge_msgs/share/gennodejs/ros/rosplan_knowledge_msgs/srv/GetDomainNameService.js, /home/glab/fetch_TAMP/devel/share/gennodejs/ros/rosplan_knowledge_msgs/srv/GetDomainNameService.js)
Linked: (/home/glab/fetch_TAMP/devel/.private/rosplan_knowledge_msgs/share/gennodejs/ros/rosplan_knowledge_msgs/srv/SetFloat.js, /home/glab/fetch_TAMP/devel/share/gennodejs/ros/rosplan_knowledge_msgs/srv/SetFloat.js)
Linked: (/home/glab/fetch_TAMP/devel/.private/rosplan_knowledge_msgs/share/gennodejs/ros/rosplan_knowledge_msgs/srv/_index.js, /home/glab/fetch_TAMP/devel/share/gennodejs/ros/rosplan_knowledge_msgs/srv/_index.js)
Linked: (/home/glab/fetch_TAMP/devel/.private/rosplan_knowledge_msgs/share/gennodejs/ros/rosplan_knowledge_msgs/srv/KnowledgeQueryService.js, /home/glab/fetch_TAMP/devel/share/gennodejs/ros/rosplan_knowledge_msgs/srv/KnowledgeQueryService.js)
Linked: (/home/glab/fetch_TAMP/devel/.private/rosplan_knowledge_msgs/share/gennodejs/ros/rosplan_knowledge_msgs/srv/SetInt.js, /home/glab/fetch_TAMP/devel/share/gennodejs/ros/rosplan_knowledge_msgs/srv/SetInt.js)
Linked: (/home/glab/fetch_TAMP/devel/.private/rosplan_knowledge_msgs/share/gennodejs/ros/rosplan_knowledge_msgs/srv/GetDomainOperatorService.js, /home/glab/fetch_TAMP/devel/share/gennodejs/ros/rosplan_knowledge_msgs/srv/GetDomainOperatorService.js)
Linked: (/home/glab/fetch_TAMP/devel/.private/rosplan_knowledge_msgs/share/gennodejs/ros/rosplan_knowledge_msgs/srv/KnowledgeUpdateServiceArray.js, /home/glab/fetch_TAMP/devel/share/gennodejs/ros/rosplan_knowledge_msgs/srv/KnowledgeUpdateServiceArray.js)
Linked: (/home/glab/fetch_TAMP/devel/.private/rosplan_knowledge_msgs/share/gennodejs/ros/rosplan_knowledge_msgs/srv/GetInstanceService.js, /home/glab/fetch_TAMP/devel/share/gennodejs/ros/rosplan_knowledge_msgs/srv/GetInstanceService.js)
Linked: (/home/glab/fetch_TAMP/devel/.private/rosplan_knowledge_msgs/share/gennodejs/ros/rosplan_knowledge_msgs/srv/GetDomainAttributeService.js, /home/glab/fetch_TAMP/devel/share/gennodejs/ros/rosplan_knowledge_msgs/srv/GetDomainAttributeService.js)
Linked: (/home/glab/fetch_TAMP/devel/.private/rosplan_knowledge_msgs/share/gennodejs/ros/rosplan_knowledge_msgs/msg/DomainAssignment.js, /home/glab/fetch_TAMP/devel/share/gennodejs/ros/rosplan_knowledge_msgs/msg/DomainAssignment.js)
Linked: (/home/glab/fetch_TAMP/devel/.private/rosplan_knowledge_msgs/share/gennodejs/ros/rosplan_knowledge_msgs/msg/DomainInequality.js, /home/glab/fetch_TAMP/devel/share/gennodejs/ros/rosplan_knowledge_msgs/msg/DomainInequality.js)
Linked: (/home/glab/fetch_TAMP/devel/.private/rosplan_knowledge_msgs/share/gennodejs/ros/rosplan_knowledge_msgs/msg/DomainOperator.js, /home/glab/fetch_TAMP/devel/share/gennodejs/ros/rosplan_knowledge_msgs/msg/DomainOperator.js)
Linked: (/home/glab/fetch_TAMP/devel/.private/rosplan_knowledge_msgs/share/gennodejs/ros/rosplan_knowledge_msgs/msg/ExprComposite.js, /home/glab/fetch_TAMP/devel/share/gennodejs/ros/rosplan_knowledge_msgs/msg/ExprComposite.js)
Linked: (/home/glab/fetch_TAMP/devel/.private/rosplan_knowledge_msgs/share/gennodejs/ros/rosplan_knowledge_msgs/msg/ProbabilisticEffect.js, /home/glab/fetch_TAMP/devel/share/gennodejs/ros/rosplan_knowledge_msgs/msg/ProbabilisticEffect.js)
Linked: (/home/glab/fetch_TAMP/devel/.private/rosplan_knowledge_msgs/share/gennodejs/ros/rosplan_knowledge_msgs/msg/KnowledgeItem.js, /home/glab/fetch_TAMP/devel/share/gennodejs/ros/rosplan_knowledge_msgs/msg/KnowledgeItem.js)
Linked: (/home/glab/fetch_TAMP/devel/.private/rosplan_knowledge_msgs/share/gennodejs/ros/rosplan_knowledge_msgs/msg/StatusUpdate.js, /home/glab/fetch_TAMP/devel/share/gennodejs/ros/rosplan_knowledge_msgs/msg/StatusUpdate.js)
Linked: (/home/glab/fetch_TAMP/devel/.private/rosplan_knowledge_msgs/share/gennodejs/ros/rosplan_knowledge_msgs/msg/DomainFormula.js, /home/glab/fetch_TAMP/devel/share/gennodejs/ros/rosplan_knowledge_msgs/msg/DomainFormula.js)
Linked: (/home/glab/fetch_TAMP/devel/.private/rosplan_knowledge_msgs/share/gennodejs/ros/rosplan_knowledge_msgs/msg/_index.js, /home/glab/fetch_TAMP/devel/share/gennodejs/ros/rosplan_knowledge_msgs/msg/_index.js)
Linked: (/home/glab/fetch_TAMP/devel/.private/rosplan_knowledge_msgs/share/gennodejs/ros/rosplan_knowledge_msgs/msg/ExprBase.js, /home/glab/fetch_TAMP/devel/share/gennodejs/ros/rosplan_knowledge_msgs/msg/ExprBase.js)
Linked: (/home/glab/fetch_TAMP/devel/.private/rosplan_knowledge_msgs/lib/python2.7/dist-packages/rosplan_knowledge_msgs/__init__.py, /home/glab/fetch_TAMP/devel/lib/python2.7/dist-packages/rosplan_knowledge_msgs/__init__.py)
Linked: (/home/glab/fetch_TAMP/devel/.private/rosplan_knowledge_msgs/lib/python2.7/dist-packages/rosplan_knowledge_msgs/srv/_GetDomainAttributeService.py, /home/glab/fetch_TAMP/devel/lib/python2.7/dist-packages/rosplan_knowledge_msgs/srv/_GetDomainAttributeService.py)
Linked: (/home/glab/fetch_TAMP/devel/.private/rosplan_knowledge_msgs/lib/python2.7/dist-packages/rosplan_knowledge_msgs/srv/_GetDomainNameService.py, /home/glab/fetch_TAMP/devel/lib/python2.7/dist-packages/rosplan_knowledge_msgs/srv/_GetDomainNameService.py)
Linked: (/home/glab/fetch_TAMP/devel/.private/rosplan_knowledge_msgs/lib/python2.7/dist-packages/rosplan_knowledge_msgs/srv/_KnowledgeUpdateServiceArray.py, /home/glab/fetch_TAMP/devel/lib/python2.7/dist-packages/rosplan_knowledge_msgs/srv/_KnowledgeUpdateServiceArray.py)
Linked: (/home/glab/fetch_TAMP/devel/.private/rosplan_knowledge_msgs/lib/python2.7/dist-packages/rosplan_knowledge_msgs/srv/_GetInstanceService.py, /home/glab/fetch_TAMP/devel/lib/python2.7/dist-packages/rosplan_knowledge_msgs/srv/_GetInstanceService.py)
Linked: (/home/glab/fetch_TAMP/devel/.private/rosplan_knowledge_msgs/lib/python2.7/dist-packages/rosplan_knowledge_msgs/srv/_SetNamedBool.py, /home/glab/fetch_TAMP/devel/lib/python2.7/dist-packages/rosplan_knowledge_msgs/srv/_SetNamedBool.py)
Linked: (/home/glab/fetch_TAMP/devel/.private/rosplan_knowledge_msgs/lib/python2.7/dist-packages/rosplan_knowledge_msgs/srv/_SetFloat.py, /home/glab/fetch_TAMP/devel/lib/python2.7/dist-packages/rosplan_knowledge_msgs/srv/_SetFloat.py)
Linked: (/home/glab/fetch_TAMP/devel/.private/rosplan_knowledge_msgs/lib/python2.7/dist-packages/rosplan_knowledge_msgs/srv/_GenerateProblemService.py, /home/glab/fetch_TAMP/devel/lib/python2.7/dist-packages/rosplan_knowledge_msgs/srv/_GenerateProblemService.py)
Linked: (/home/glab/fetch_TAMP/devel/.private/rosplan_knowledge_msgs/lib/python2.7/dist-packages/rosplan_knowledge_msgs/srv/__init__.py, /home/glab/fetch_TAMP/devel/lib/python2.7/dist-packages/rosplan_knowledge_msgs/srv/__init__.py)
Linked: (/home/glab/fetch_TAMP/devel/.private/rosplan_knowledge_msgs/lib/python2.7/dist-packages/rosplan_knowledge_msgs/srv/_KnowledgeUpdateService.py, /home/glab/fetch_TAMP/devel/lib/python2.7/dist-packages/rosplan_knowledge_msgs/srv/_KnowledgeUpdateService.py)
Linked: (/home/glab/fetch_TAMP/devel/.private/rosplan_knowledge_msgs/lib/python2.7/dist-packages/rosplan_knowledge_msgs/srv/_GetEnumerableTypeService.py, /home/glab/fetch_TAMP/devel/lib/python2.7/dist-packages/rosplan_knowledge_msgs/srv/_GetEnumerableTypeService.py)
Linked: (/home/glab/fetch_TAMP/devel/.private/rosplan_knowledge_msgs/lib/python2.7/dist-packages/rosplan_knowledge_msgs/srv/_GetRDDLFluentType.py, /home/glab/fetch_TAMP/devel/lib/python2.7/dist-packages/rosplan_knowledge_msgs/srv/_GetRDDLFluentType.py)
Linked: (/home/glab/fetch_TAMP/devel/.private/rosplan_knowledge_msgs/lib/python2.7/dist-packages/rosplan_knowledge_msgs/srv/_GetDomainOperatorDetailsService.py, /home/glab/fetch_TAMP/devel/lib/python2.7/dist-packages/rosplan_knowledge_msgs/srv/_GetDomainOperatorDetailsService.py)
Linked: (/home/glab/fetch_TAMP/devel/.private/rosplan_knowledge_msgs/lib/python2.7/dist-packages/rosplan_knowledge_msgs/srv/_GetDomainTypeService.py, /home/glab/fetch_TAMP/devel/lib/python2.7/dist-packages/rosplan_knowledge_msgs/srv/_GetDomainTypeService.py)
Linked: (/home/glab/fetch_TAMP/devel/.private/rosplan_knowledge_msgs/lib/python2.7/dist-packages/rosplan_knowledge_msgs/srv/_ReloadRDDLDomainProblem.py, /home/glab/fetch_TAMP/devel/lib/python2.7/dist-packages/rosplan_knowledge_msgs/srv/_ReloadRDDLDomainProblem.py)
Linked: (/home/glab/fetch_TAMP/devel/.private/rosplan_knowledge_msgs/lib/python2.7/dist-packages/rosplan_knowledge_msgs/srv/_KnowledgeQueryService.py, /home/glab/fetch_TAMP/devel/lib/python2.7/dist-packages/rosplan_knowledge_msgs/srv/_KnowledgeQueryService.py)
Linked: (/home/glab/fetch_TAMP/devel/.private/rosplan_knowledge_msgs/lib/python2.7/dist-packages/rosplan_knowledge_msgs/srv/_GetRDDLImmediateReward.py, /home/glab/fetch_TAMP/devel/lib/python2.7/dist-packages/rosplan_knowledge_msgs/srv/_GetRDDLImmediateReward.py)
Linked: (/home/glab/fetch_TAMP/devel/.private/rosplan_knowledge_msgs/lib/python2.7/dist-packages/rosplan_knowledge_msgs/srv/_GetDomainOperatorService.py, /home/glab/fetch_TAMP/devel/lib/python2.7/dist-packages/rosplan_knowledge_msgs/srv/_GetDomainOperatorService.py)
Linked: (/home/glab/fetch_TAMP/devel/.private/rosplan_knowledge_msgs/lib/python2.7/dist-packages/rosplan_knowledge_msgs/srv/_GetMetricService.py, /home/glab/fetch_TAMP/devel/lib/python2.7/dist-packages/rosplan_knowledge_msgs/srv/_GetMetricService.py)
Linked: (/home/glab/fetch_TAMP/devel/.private/rosplan_knowledge_msgs/lib/python2.7/dist-packages/rosplan_knowledge_msgs/srv/_SetInt.py, /home/glab/fetch_TAMP/devel/lib/python2.7/dist-packages/rosplan_knowledge_msgs/srv/_SetInt.py)
Linked: (/home/glab/fetch_TAMP/devel/.private/rosplan_knowledge_msgs/lib/python2.7/dist-packages/rosplan_knowledge_msgs/srv/_GetAttributeService.py, /home/glab/fetch_TAMP/devel/lib/python2.7/dist-packages/rosplan_knowledge_msgs/srv/_GetAttributeService.py)
Linked: (/home/glab/fetch_TAMP/devel/.private/rosplan_knowledge_msgs/lib/python2.7/dist-packages/rosplan_knowledge_msgs/srv/_GetRDDLParams.py, /home/glab/fetch_TAMP/devel/lib/python2.7/dist-packages/rosplan_knowledge_msgs/srv/_GetRDDLParams.py)
Linked: (/home/glab/fetch_TAMP/devel/.private/rosplan_knowledge_msgs/lib/python2.7/dist-packages/rosplan_knowledge_msgs/srv/_GetDomainPredicateDetailsService.py, /home/glab/fetch_TAMP/devel/lib/python2.7/dist-packages/rosplan_knowledge_msgs/srv/_GetDomainPredicateDetailsService.py)
Linked: (/home/glab/fetch_TAMP/devel/.private/rosplan_knowledge_msgs/lib/python2.7/dist-packages/rosplan_knowledge_msgs/msg/_KnowledgeItem.py, /home/glab/fetch_TAMP/devel/lib/python2.7/dist-packages/rosplan_knowledge_msgs/msg/_KnowledgeItem.py)
Linked: (/home/glab/fetch_TAMP/devel/.private/rosplan_knowledge_msgs/lib/python2.7/dist-packages/rosplan_knowledge_msgs/msg/_StatusUpdate.py, /home/glab/fetch_TAMP/devel/lib/python2.7/dist-packages/rosplan_knowledge_msgs/msg/_StatusUpdate.py)
Linked: (/home/glab/fetch_TAMP/devel/.private/rosplan_knowledge_msgs/lib/python2.7/dist-packages/rosplan_knowledge_msgs/msg/_ExprBase.py, /home/glab/fetch_TAMP/devel/lib/python2.7/dist-packages/rosplan_knowledge_msgs/msg/_ExprBase.py)
Linked: (/home/glab/fetch_TAMP/devel/.private/rosplan_knowledge_msgs/lib/python2.7/dist-packages/rosplan_knowledge_msgs/msg/__init__.py, /home/glab/fetch_TAMP/devel/lib/python2.7/dist-packages/rosplan_knowledge_msgs/msg/__init__.py)
Linked: (/home/glab/fetch_TAMP/devel/.private/rosplan_knowledge_msgs/lib/python2.7/dist-packages/rosplan_knowledge_msgs/msg/_DomainFormula.py, /home/glab/fetch_TAMP/devel/lib/python2.7/dist-packages/rosplan_knowledge_msgs/msg/_DomainFormula.py)
Linked: (/home/glab/fetch_TAMP/devel/.private/rosplan_knowledge_msgs/lib/python2.7/dist-packages/rosplan_knowledge_msgs/msg/_ProbabilisticEffect.py, /home/glab/fetch_TAMP/devel/lib/python2.7/dist-packages/rosplan_knowledge_msgs/msg/_ProbabilisticEffect.py)
Linked: (/home/glab/fetch_TAMP/devel/.private/rosplan_knowledge_msgs/lib/python2.7/dist-packages/rosplan_knowledge_msgs/msg/_DomainOperator.py, /home/glab/fetch_TAMP/devel/lib/python2.7/dist-packages/rosplan_knowledge_msgs/msg/_DomainOperator.py)
Linked: (/home/glab/fetch_TAMP/devel/.private/rosplan_knowledge_msgs/lib/python2.7/dist-packages/rosplan_knowledge_msgs/msg/_DomainInequality.py, /home/glab/fetch_TAMP/devel/lib/python2.7/dist-packages/rosplan_knowledge_msgs/msg/_DomainInequality.py)
Linked: (/home/glab/fetch_TAMP/devel/.private/rosplan_knowledge_msgs/lib/python2.7/dist-packages/rosplan_knowledge_msgs/msg/_DomainAssignment.py, /home/glab/fetch_TAMP/devel/lib/python2.7/dist-packages/rosplan_knowledge_msgs/msg/_DomainAssignment.py)
Linked: (/home/glab/fetch_TAMP/devel/.private/rosplan_knowledge_msgs/lib/python2.7/dist-packages/rosplan_knowledge_msgs/msg/_ExprComposite.py, /home/glab/fetch_TAMP/devel/lib/python2.7/dist-packages/rosplan_knowledge_msgs/msg/_ExprComposite.py)
Linked: (/home/glab/fetch_TAMP/devel/.private/rosplan_knowledge_msgs/lib/pkgconfig/rosplan_knowledge_msgs.pc, /home/glab/fetch_TAMP/devel/lib/pkgconfig/rosplan_knowledge_msgs.pc)
