[  0%] Built target _rosplan_knowledge_msgs_generate_messages_check_deps_GetDomainOperatorService
[  0%] Built target _rosplan_knowledge_msgs_generate_messages_check_deps_GetDomainTypeService
[  0%] Built target _rosplan_knowledge_msgs_generate_messages_check_deps_StatusUpdate
[  0%] Built target _rosplan_knowledge_msgs_generate_messages_check_deps_SetNamedBool
[  0%] Built target _rosplan_knowledge_msgs_generate_messages_check_deps_KnowledgeUpdateService
[  0%] Built target _rosplan_knowledge_msgs_generate_messages_check_deps_ReloadRDDLDomainProblem
[  0%] Built target _rosplan_knowledge_msgs_generate_messages_check_deps_GetRDDLParams
[  0%] Built target _rosplan_knowledge_msgs_generate_messages_check_deps_GetDomainPredicateDetailsService
[  0%] Built target std_msgs_generate_messages_lisp
[  0%] Built target geometry_msgs_generate_messages_lisp
[  0%] Built target _rosplan_knowledge_msgs_generate_messages_check_deps_KnowledgeQueryService
[  0%] Built target _rosplan_knowledge_msgs_generate_messages_check_deps_ExprComposite
[  0%] Built target _rosplan_knowledge_msgs_generate_messages_check_deps_GetMetricService
[  0%] Built target _rosplan_knowledge_msgs_generate_messages_check_deps_GetDomainNameService
[  0%] Built target _rosplan_knowledge_msgs_generate_messages_check_deps_DomainInequality
[  0%] Built target _rosplan_knowledge_msgs_generate_messages_check_deps_SetFloat
[  0%] Built target _rosplan_knowledge_msgs_generate_messages_check_deps_ExprBase
[  0%] Built target _rosplan_knowledge_msgs_generate_messages_check_deps_KnowledgeItem
[  0%] Built target _rosplan_knowledge_msgs_generate_messages_check_deps_SetInt
[  0%] Built target _rosplan_knowledge_msgs_generate_messages_check_deps_GetDomainAttributeService
[  0%] Built target _rosplan_knowledge_msgs_generate_messages_check_deps_GetInstanceService
[  0%] Built target _rosplan_knowledge_msgs_generate_messages_check_deps_KnowledgeUpdateServiceArray
[  0%] Built target _rosplan_knowledge_msgs_generate_messages_check_deps_DomainAssignment
[  0%] Built target _rosplan_knowledge_msgs_generate_messages_check_deps_GetRDDLImmediateReward
[  0%] Built target _rosplan_knowledge_msgs_generate_messages_check_deps_GenerateProblemService
[  0%] Built target _rosplan_knowledge_msgs_generate_messages_check_deps_GetRDDLFluentType
[  0%] Built target _rosplan_knowledge_msgs_generate_messages_check_deps_DomainFormula
[  0%] Built target diagnostic_msgs_generate_messages_lisp
[  0%] Built target _rosplan_knowledge_msgs_generate_messages_check_deps_GetAttributeService
[  0%] Built target geometry_msgs_generate_messages_cpp
[  0%] Built target _rosplan_knowledge_msgs_generate_messages_check_deps_GetDomainOperatorDetailsService
[  0%] Built target _rosplan_knowledge_msgs_generate_messages_check_deps_ProbabilisticEffect
[  0%] Built target _rosplan_knowledge_msgs_generate_messages_check_deps_GetEnumerableTypeService
[  0%] Built target std_msgs_generate_messages_cpp
[  0%] Built target diagnostic_msgs_generate_messages_cpp
[  0%] Built target geometry_msgs_generate_messages_nodejs
[  0%] Built target diagnostic_msgs_generate_messages_nodejs
[  0%] Built target _rosplan_knowledge_msgs_generate_messages_check_deps_DomainOperator
[  0%] Built target std_msgs_generate_messages_nodejs
[  0%] Built target geometry_msgs_generate_messages_py
[  0%] Built target geometry_msgs_generate_messages_eus
[  0%] Built target diagnostic_msgs_generate_messages_py
[  0%] Built target std_msgs_generate_messages_py
[  0%] Built target diagnostic_msgs_generate_messages_eus
[  0%] Built target std_msgs_generate_messages_eus
[ 20%] Built target rosplan_knowledge_msgs_generate_messages_lisp
[ 40%] Built target rosplan_knowledge_msgs_generate_messages_cpp
[ 61%] Built target rosplan_knowledge_msgs_generate_messages_py
[ 80%] Built target rosplan_knowledge_msgs_generate_messages_nodejs
[100%] Built target rosplan_knowledge_msgs_generate_messages_eus
[100%] Built target rosplan_knowledge_msgs_generate_messages
