[35m[1mScanning dependencies of target _rosplan_knowledge_msgs_generate_messages_check_deps_GetDomainOperatorService[0m
[  0%] Built target _rosplan_knowledge_msgs_generate_messages_check_deps_GetDomainOperatorService
[35m[1mScanning dependencies of target _rosplan_knowledge_msgs_generate_messages_check_deps_StatusUpdate[0m
[  0%] Built target _rosplan_knowledge_msgs_generate_messages_check_deps_StatusUpdate
[35m[1mScanning dependencies of target _rosplan_knowledge_msgs_generate_messages_check_deps_GetDomainTypeService[0m
[  0%] Built target _rosplan_knowledge_msgs_generate_messages_check_deps_GetDomainTypeService
[35m[1mScanning dependencies of target _rosplan_knowledge_msgs_generate_messages_check_deps_SetNamedBool[0m
[  0%] Built target _rosplan_knowledge_msgs_generate_messages_check_deps_SetNamedBool
[35m[1mScanning dependencies of target _rosplan_knowledge_msgs_generate_messages_check_deps_KnowledgeUpdateService[0m
[  0%] Built target _rosplan_knowledge_msgs_generate_messages_check_deps_KnowledgeUpdateService
[35m[1mScanning dependencies of target _rosplan_knowledge_msgs_generate_messages_check_deps_ReloadRDDLDomainProblem[0m
[  0%] Built target _rosplan_knowledge_msgs_generate_messages_check_deps_ReloadRDDLDomainProblem
[35m[1mScanning dependencies of target _rosplan_knowledge_msgs_generate_messages_check_deps_GetRDDLParams[0m
[  0%] Built target _rosplan_knowledge_msgs_generate_messages_check_deps_GetRDDLParams
[35m[1mScanning dependencies of target _rosplan_knowledge_msgs_generate_messages_check_deps_GetDomainPredicateDetailsService[0m
[  0%] Built target _rosplan_knowledge_msgs_generate_messages_check_deps_GetDomainPredicateDetailsService
[35m[1mScanning dependencies of target _rosplan_knowledge_msgs_generate_messages_check_deps_KnowledgeQueryService[0m
[  0%] Built target _rosplan_knowledge_msgs_generate_messages_check_deps_KnowledgeQueryService
[35m[1mScanning dependencies of target std_msgs_generate_messages_lisp[0m
[  0%] Built target std_msgs_generate_messages_lisp
[35m[1mScanning dependencies of target geometry_msgs_generate_messages_lisp[0m
[  0%] Built target geometry_msgs_generate_messages_lisp
[35m[1mScanning dependencies of target _rosplan_knowledge_msgs_generate_messages_check_deps_ExprComposite[0m
[  0%] Built target _rosplan_knowledge_msgs_generate_messages_check_deps_ExprComposite
[35m[1mScanning dependencies of target _rosplan_knowledge_msgs_generate_messages_check_deps_GetMetricService[0m
[  0%] Built target _rosplan_knowledge_msgs_generate_messages_check_deps_GetMetricService
[35m[1mScanning dependencies of target _rosplan_knowledge_msgs_generate_messages_check_deps_GetDomainNameService[0m
[  0%] Built target _rosplan_knowledge_msgs_generate_messages_check_deps_GetDomainNameService
[35m[1mScanning dependencies of target _rosplan_knowledge_msgs_generate_messages_check_deps_DomainInequality[0m
[  0%] Built target _rosplan_knowledge_msgs_generate_messages_check_deps_DomainInequality
[35m[1mScanning dependencies of target _rosplan_knowledge_msgs_generate_messages_check_deps_SetFloat[0m
[  0%] Built target _rosplan_knowledge_msgs_generate_messages_check_deps_SetFloat
[35m[1mScanning dependencies of target _rosplan_knowledge_msgs_generate_messages_check_deps_ExprBase[0m
[  0%] Built target _rosplan_knowledge_msgs_generate_messages_check_deps_ExprBase
[35m[1mScanning dependencies of target _rosplan_knowledge_msgs_generate_messages_check_deps_KnowledgeItem[0m
[  0%] Built target _rosplan_knowledge_msgs_generate_messages_check_deps_KnowledgeItem
[35m[1mScanning dependencies of target _rosplan_knowledge_msgs_generate_messages_check_deps_SetInt[0m
[  0%] Built target _rosplan_knowledge_msgs_generate_messages_check_deps_SetInt
[35m[1mScanning dependencies of target _rosplan_knowledge_msgs_generate_messages_check_deps_GetDomainAttributeService[0m
[  0%] Built target _rosplan_knowledge_msgs_generate_messages_check_deps_GetDomainAttributeService
[35m[1mScanning dependencies of target _rosplan_knowledge_msgs_generate_messages_check_deps_GetInstanceService[0m
[  0%] Built target _rosplan_knowledge_msgs_generate_messages_check_deps_GetInstanceService
[35m[1mScanning dependencies of target _rosplan_knowledge_msgs_generate_messages_check_deps_KnowledgeUpdateServiceArray[0m
[  0%] Built target _rosplan_knowledge_msgs_generate_messages_check_deps_KnowledgeUpdateServiceArray
[35m[1mScanning dependencies of target _rosplan_knowledge_msgs_generate_messages_check_deps_DomainAssignment[0m
[  0%] Built target _rosplan_knowledge_msgs_generate_messages_check_deps_DomainAssignment
[35m[1mScanning dependencies of target _rosplan_knowledge_msgs_generate_messages_check_deps_GetRDDLImmediateReward[0m
[  0%] Built target _rosplan_knowledge_msgs_generate_messages_check_deps_GetRDDLImmediateReward
[35m[1mScanning dependencies of target _rosplan_knowledge_msgs_generate_messages_check_deps_GenerateProblemService[0m
[  0%] Built target _rosplan_knowledge_msgs_generate_messages_check_deps_GenerateProblemService
[35m[1mScanning dependencies of target _rosplan_knowledge_msgs_generate_messages_check_deps_GetRDDLFluentType[0m
[  0%] Built target _rosplan_knowledge_msgs_generate_messages_check_deps_GetRDDLFluentType
[35m[1mScanning dependencies of target _rosplan_knowledge_msgs_generate_messages_check_deps_DomainFormula[0m
[  0%] Built target _rosplan_knowledge_msgs_generate_messages_check_deps_DomainFormula
[35m[1mScanning dependencies of target _rosplan_knowledge_msgs_generate_messages_check_deps_GetDomainOperatorDetailsService[0m
[  0%] Built target _rosplan_knowledge_msgs_generate_messages_check_deps_GetDomainOperatorDetailsService
[35m[1mScanning dependencies of target _rosplan_knowledge_msgs_generate_messages_check_deps_GetAttributeService[0m
[  0%] Built target _rosplan_knowledge_msgs_generate_messages_check_deps_GetAttributeService
[35m[1mScanning dependencies of target _rosplan_knowledge_msgs_generate_messages_check_deps_ProbabilisticEffect[0m
[  0%] Built target _rosplan_knowledge_msgs_generate_messages_check_deps_ProbabilisticEffect
[35m[1mScanning dependencies of target _rosplan_knowledge_msgs_generate_messages_check_deps_GetEnumerableTypeService[0m
[  0%] Built target _rosplan_knowledge_msgs_generate_messages_check_deps_GetEnumerableTypeService
[35m[1mScanning dependencies of target _rosplan_knowledge_msgs_generate_messages_check_deps_DomainOperator[0m
[  0%] Built target _rosplan_knowledge_msgs_generate_messages_check_deps_DomainOperator
[35m[1mScanning dependencies of target diagnostic_msgs_generate_messages_lisp[0m
[  0%] Built target diagnostic_msgs_generate_messages_lisp
[35m[1mScanning dependencies of target geometry_msgs_generate_messages_cpp[0m
[  0%] Built target geometry_msgs_generate_messages_cpp
[35m[1mScanning dependencies of target std_msgs_generate_messages_cpp[0m
[  0%] Built target std_msgs_generate_messages_cpp
[35m[1mScanning dependencies of target diagnostic_msgs_generate_messages_cpp[0m
[  0%] Built target diagnostic_msgs_generate_messages_cpp
[35m[1mScanning dependencies of target geometry_msgs_generate_messages_nodejs[0m
[  0%] Built target geometry_msgs_generate_messages_nodejs
[35m[1mScanning dependencies of target diagnostic_msgs_generate_messages_nodejs[0m
[  0%] Built target diagnostic_msgs_generate_messages_nodejs
[35m[1mScanning dependencies of target std_msgs_generate_messages_nodejs[0m
[  0%] Built target std_msgs_generate_messages_nodejs
[35m[1mScanning dependencies of target geometry_msgs_generate_messages_py[0m
[  0%] Built target geometry_msgs_generate_messages_py
[35m[1mScanning dependencies of target std_msgs_generate_messages_py[0m
[  0%] Built target std_msgs_generate_messages_py
[35m[1mScanning dependencies of target diagnostic_msgs_generate_messages_py[0m
[  0%] Built target diagnostic_msgs_generate_messages_py
[35m[1mScanning dependencies of target geometry_msgs_generate_messages_eus[0m
[  0%] Built target geometry_msgs_generate_messages_eus
[35m[1mScanning dependencies of target diagnostic_msgs_generate_messages_eus[0m
[  0%] Built target diagnostic_msgs_generate_messages_eus
[35m[1mScanning dependencies of target std_msgs_generate_messages_eus[0m
[  0%] Built target std_msgs_generate_messages_eus
[35m[1mScanning dependencies of target rosplan_knowledge_msgs_generate_messages_lisp[0m
[  1%] [34m[1mGenerating Lisp code from rosplan_knowledge_msgs/ExprBase.msg[0m
[  2%] [34m[1mGenerating Lisp code from rosplan_knowledge_msgs/DomainInequality.msg[0m
[  2%] [34m[1mGenerating Lisp code from rosplan_knowledge_msgs/DomainAssignment.msg[0m
[  3%] [34m[1mGenerating Lisp code from rosplan_knowledge_msgs/ProbabilisticEffect.msg[0m
[  3%] [34m[1mGenerating Lisp code from rosplan_knowledge_msgs/KnowledgeItem.msg[0m
[  4%] [34m[1mGenerating Lisp code from rosplan_knowledge_msgs/StatusUpdate.msg[0m
[  5%] [34m[1mGenerating Lisp code from rosplan_knowledge_msgs/ExprComposite.msg[0m
[  5%] [34m[1mGenerating Lisp code from rosplan_knowledge_msgs/DomainFormula.msg[0m
[  6%] [34m[1mGenerating Lisp code from rosplan_knowledge_msgs/DomainOperator.msg[0m
[  7%] [34m[1mGenerating Lisp code from rosplan_knowledge_msgs/SetInt.srv[0m
[  7%] [34m[1mGenerating Lisp code from rosplan_knowledge_msgs/GetRDDLImmediateReward.srv[0m
[  8%] [34m[1mGenerating Lisp code from rosplan_knowledge_msgs/SetFloat.srv[0m
[  8%] [34m[1mGenerating Lisp code from rosplan_knowledge_msgs/GetAttributeService.srv[0m
[  9%] [34m[1mGenerating Lisp code from rosplan_knowledge_msgs/GetDomainOperatorService.srv[0m
[ 10%] [34m[1mGenerating Lisp code from rosplan_knowledge_msgs/SetNamedBool.srv[0m
[ 10%] [34m[1mGenerating Lisp code from rosplan_knowledge_msgs/KnowledgeUpdateService.srv[0m
[ 11%] [34m[1mGenerating Lisp code from rosplan_knowledge_msgs/GetDomainPredicateDetailsService.srv[0m
[ 11%] [34m[1mGenerating Lisp code from rosplan_knowledge_msgs/GetEnumerableTypeService.srv[0m
[ 12%] [34m[1mGenerating Lisp code from rosplan_knowledge_msgs/GetDomainAttributeService.srv[0m
[ 13%] [34m[1mGenerating Lisp code from rosplan_knowledge_msgs/GetDomainTypeService.srv[0m
[ 13%] [34m[1mGenerating Lisp code from rosplan_knowledge_msgs/ReloadRDDLDomainProblem.srv[0m
[ 14%] [34m[1mGenerating Lisp code from rosplan_knowledge_msgs/GetRDDLFluentType.srv[0m
[ 14%] [34m[1mGenerating Lisp code from rosplan_knowledge_msgs/GetInstanceService.srv[0m
[ 15%] [34m[1mGenerating Lisp code from rosplan_knowledge_msgs/GetDomainOperatorDetailsService.srv[0m
[ 17%] [34m[1mGenerating Lisp code from rosplan_knowledge_msgs/GetRDDLParams.srv[0m
[ 17%] [34m[1mGenerating Lisp code from rosplan_knowledge_msgs/GenerateProblemService.srv[0m
[ 18%] [34m[1mGenerating Lisp code from rosplan_knowledge_msgs/KnowledgeUpdateServiceArray.srv[0m
[ 18%] [34m[1mGenerating Lisp code from rosplan_knowledge_msgs/GetDomainNameService.srv[0m
[ 19%] [34m[1mGenerating Lisp code from rosplan_knowledge_msgs/GetMetricService.srv[0m
[ 20%] [34m[1mGenerating Lisp code from rosplan_knowledge_msgs/KnowledgeQueryService.srv[0m
[ 20%] Built target rosplan_knowledge_msgs_generate_messages_lisp
[35m[1mScanning dependencies of target rosplan_knowledge_msgs_generate_messages_cpp[0m
[ 21%] [34m[1mGenerating C++ code from rosplan_knowledge_msgs/ExprBase.msg[0m
[ 21%] [34m[1mGenerating C++ code from rosplan_knowledge_msgs/DomainInequality.msg[0m
[ 22%] [34m[1mGenerating C++ code from rosplan_knowledge_msgs/DomainAssignment.msg[0m
[ 23%] [34m[1mGenerating C++ code from rosplan_knowledge_msgs/ProbabilisticEffect.msg[0m
[ 23%] [34m[1mGenerating C++ code from rosplan_knowledge_msgs/KnowledgeItem.msg[0m
[ 24%] [34m[1mGenerating C++ code from rosplan_knowledge_msgs/StatusUpdate.msg[0m
[ 24%] [34m[1mGenerating C++ code from rosplan_knowledge_msgs/ExprComposite.msg[0m
[ 25%] [34m[1mGenerating C++ code from rosplan_knowledge_msgs/DomainFormula.msg[0m
[ 26%] [34m[1mGenerating C++ code from rosplan_knowledge_msgs/DomainOperator.msg[0m
[ 26%] [34m[1mGenerating C++ code from rosplan_knowledge_msgs/SetInt.srv[0m
[ 27%] [34m[1mGenerating C++ code from rosplan_knowledge_msgs/GetRDDLImmediateReward.srv[0m
[ 28%] [34m[1mGenerating C++ code from rosplan_knowledge_msgs/SetFloat.srv[0m
[ 28%] [34m[1mGenerating C++ code from rosplan_knowledge_msgs/GetAttributeService.srv[0m
[ 29%] [34m[1mGenerating C++ code from rosplan_knowledge_msgs/GetDomainOperatorService.srv[0m
[ 29%] [34m[1mGenerating C++ code from rosplan_knowledge_msgs/SetNamedBool.srv[0m
[ 30%] [34m[1mGenerating C++ code from rosplan_knowledge_msgs/KnowledgeUpdateService.srv[0m
[ 31%] [34m[1mGenerating C++ code from rosplan_knowledge_msgs/GetDomainPredicateDetailsService.srv[0m
[ 31%] [34m[1mGenerating C++ code from rosplan_knowledge_msgs/GetEnumerableTypeService.srv[0m
[ 32%] [34m[1mGenerating C++ code from rosplan_knowledge_msgs/GetDomainAttributeService.srv[0m
[ 32%] [34m[1mGenerating C++ code from rosplan_knowledge_msgs/GetDomainTypeService.srv[0m
[ 34%] [34m[1mGenerating C++ code from rosplan_knowledge_msgs/ReloadRDDLDomainProblem.srv[0m
[ 35%] [34m[1mGenerating C++ code from rosplan_knowledge_msgs/GetRDDLFluentType.srv[0m
[ 35%] [34m[1mGenerating C++ code from rosplan_knowledge_msgs/GetInstanceService.srv[0m
[ 36%] [34m[1mGenerating C++ code from rosplan_knowledge_msgs/GetDomainOperatorDetailsService.srv[0m
[ 36%] [34m[1mGenerating C++ code from rosplan_knowledge_msgs/GetRDDLParams.srv[0m
[ 37%] [34m[1mGenerating C++ code from rosplan_knowledge_msgs/GenerateProblemService.srv[0m
[ 38%] [34m[1mGenerating C++ code from rosplan_knowledge_msgs/KnowledgeUpdateServiceArray.srv[0m
[ 38%] [34m[1mGenerating C++ code from rosplan_knowledge_msgs/GetDomainNameService.srv[0m
[ 39%] [34m[1mGenerating C++ code from rosplan_knowledge_msgs/GetMetricService.srv[0m
[ 40%] [34m[1mGenerating C++ code from rosplan_knowledge_msgs/KnowledgeQueryService.srv[0m
[ 40%] Built target rosplan_knowledge_msgs_generate_messages_cpp
[35m[1mScanning dependencies of target rosplan_knowledge_msgs_generate_messages_nodejs[0m
[ 40%] [34m[1mGenerating Javascript code from rosplan_knowledge_msgs/ExprBase.msg[0m
[ 41%] [34m[1mGenerating Javascript code from rosplan_knowledge_msgs/DomainInequality.msg[0m
[ 42%] [34m[1mGenerating Javascript code from rosplan_knowledge_msgs/DomainAssignment.msg[0m
[ 42%] [34m[1mGenerating Javascript code from rosplan_knowledge_msgs/ProbabilisticEffect.msg[0m
[ 43%] [34m[1mGenerating Javascript code from rosplan_knowledge_msgs/KnowledgeItem.msg[0m
[ 43%] [34m[1mGenerating Javascript code from rosplan_knowledge_msgs/StatusUpdate.msg[0m
[ 44%] [34m[1mGenerating Javascript code from rosplan_knowledge_msgs/ExprComposite.msg[0m
[ 45%] [34m[1mGenerating Javascript code from rosplan_knowledge_msgs/DomainFormula.msg[0m
[ 45%] [34m[1mGenerating Javascript code from rosplan_knowledge_msgs/DomainOperator.msg[0m
[ 46%] [34m[1mGenerating Javascript code from rosplan_knowledge_msgs/SetInt.srv[0m
[ 46%] [34m[1mGenerating Javascript code from rosplan_knowledge_msgs/GetRDDLImmediateReward.srv[0m
[35m[1mScanning dependencies of target rosplan_knowledge_msgs_generate_messages_py[0m
[ 47%] [34m[1mGenerating Python from MSG rosplan_knowledge_msgs/ExprBase[0m
[ 47%] [34m[1mGenerating Python from MSG rosplan_knowledge_msgs/DomainInequality[0m
[ 48%] [34m[1mGenerating Javascript code from rosplan_knowledge_msgs/SetFloat.srv[0m
[ 50%] [34m[1mGenerating Javascript code from rosplan_knowledge_msgs/GetAttributeService.srv[0m
[35m[1mScanning dependencies of target rosplan_knowledge_msgs_generate_messages_eus[0m
[ 50%] [34m[1mGenerating EusLisp code from rosplan_knowledge_msgs/ExprBase.msg[0m
[ 51%] [34m[1mGenerating Python from MSG rosplan_knowledge_msgs/DomainAssignment[0m
[ 51%] [34m[1mGenerating Javascript code from rosplan_knowledge_msgs/GetDomainOperatorService.srv[0m
[ 52%] [34m[1mGenerating Javascript code from rosplan_knowledge_msgs/SetNamedBool.srv[0m
[ 53%] [34m[1mGenerating EusLisp code from rosplan_knowledge_msgs/DomainInequality.msg[0m
[ 53%] [34m[1mGenerating Python from MSG rosplan_knowledge_msgs/ProbabilisticEffect[0m
[ 53%] [34m[1mGenerating Javascript code from rosplan_knowledge_msgs/KnowledgeUpdateService.srv[0m
[ 53%] [34m[1mGenerating EusLisp code from rosplan_knowledge_msgs/DomainAssignment.msg[0m
[ 54%] [34m[1mGenerating Javascript code from rosplan_knowledge_msgs/GetDomainPredicateDetailsService.srv[0m
[ 55%] [34m[1mGenerating Python from MSG rosplan_knowledge_msgs/KnowledgeItem[0m
[ 56%] [34m[1mGenerating Javascript code from rosplan_knowledge_msgs/GetEnumerableTypeService.srv[0m
[ 57%] [34m[1mGenerating EusLisp code from rosplan_knowledge_msgs/ProbabilisticEffect.msg[0m
[ 57%] [34m[1mGenerating Javascript code from rosplan_knowledge_msgs/GetDomainAttributeService.srv[0m
[ 58%] [34m[1mGenerating Python from MSG rosplan_knowledge_msgs/StatusUpdate[0m
[ 59%] [34m[1mGenerating EusLisp code from rosplan_knowledge_msgs/KnowledgeItem.msg[0m
[ 60%] [34m[1mGenerating Javascript code from rosplan_knowledge_msgs/GetDomainTypeService.srv[0m
[ 60%] [34m[1mGenerating Python from MSG rosplan_knowledge_msgs/ExprComposite[0m
[ 61%] [34m[1mGenerating Python from MSG rosplan_knowledge_msgs/DomainFormula[0m
[ 62%] [34m[1mGenerating Javascript code from rosplan_knowledge_msgs/ReloadRDDLDomainProblem.srv[0m
[ 62%] [34m[1mGenerating EusLisp code from rosplan_knowledge_msgs/StatusUpdate.msg[0m
[ 62%] [34m[1mGenerating Javascript code from rosplan_knowledge_msgs/GetRDDLFluentType.srv[0m
[ 63%] [34m[1mGenerating EusLisp code from rosplan_knowledge_msgs/ExprComposite.msg[0m
[ 64%] [34m[1mGenerating Javascript code from rosplan_knowledge_msgs/GetInstanceService.srv[0m
[ 64%] [34m[1mGenerating Javascript code from rosplan_knowledge_msgs/GetDomainOperatorDetailsService.srv[0m
[ 64%] [34m[1mGenerating Python from MSG rosplan_knowledge_msgs/DomainOperator[0m
[ 65%] [34m[1mGenerating Javascript code from rosplan_knowledge_msgs/GetRDDLParams.srv[0m
[ 67%] [34m[1mGenerating Javascript code from rosplan_knowledge_msgs/GenerateProblemService.srv[0m
[ 67%] [34m[1mGenerating EusLisp code from rosplan_knowledge_msgs/DomainFormula.msg[0m
[ 68%] [34m[1mGenerating Python code from SRV rosplan_knowledge_msgs/SetInt[0m
[ 68%] [34m[1mGenerating Javascript code from rosplan_knowledge_msgs/KnowledgeUpdateServiceArray.srv[0m
[ 69%] [34m[1mGenerating Javascript code from rosplan_knowledge_msgs/GetDomainNameService.srv[0m
[ 70%] [34m[1mGenerating Python code from SRV rosplan_knowledge_msgs/GetRDDLImmediateReward[0m
[ 71%] [34m[1mGenerating EusLisp code from rosplan_knowledge_msgs/DomainOperator.msg[0m
[ 71%] [34m[1mGenerating Javascript code from rosplan_knowledge_msgs/GetMetricService.srv[0m
[ 71%] [34m[1mGenerating Python code from SRV rosplan_knowledge_msgs/SetFloat[0m
[ 72%] [34m[1mGenerating Javascript code from rosplan_knowledge_msgs/KnowledgeQueryService.srv[0m
[ 73%] [34m[1mGenerating EusLisp code from rosplan_knowledge_msgs/SetInt.srv[0m
[ 73%] [34m[1mGenerating EusLisp code from rosplan_knowledge_msgs/GetRDDLImmediateReward.srv[0m
[ 73%] Built target rosplan_knowledge_msgs_generate_messages_nodejs
[ 74%] [34m[1mGenerating EusLisp code from rosplan_knowledge_msgs/SetFloat.srv[0m
[ 75%] [34m[1mGenerating Python code from SRV rosplan_knowledge_msgs/GetAttributeService[0m
[ 76%] [34m[1mGenerating Python code from SRV rosplan_knowledge_msgs/GetDomainOperatorService[0m
[ 76%] [34m[1mGenerating Python code from SRV rosplan_knowledge_msgs/SetNamedBool[0m
[ 76%] [34m[1mGenerating EusLisp code from rosplan_knowledge_msgs/GetAttributeService.srv[0m
[ 77%] [34m[1mGenerating EusLisp code from rosplan_knowledge_msgs/GetDomainOperatorService.srv[0m
[ 78%] [34m[1mGenerating EusLisp code from rosplan_knowledge_msgs/SetNamedBool.srv[0m
[ 79%] [34m[1mGenerating Python code from SRV rosplan_knowledge_msgs/KnowledgeUpdateService[0m
[ 79%] [34m[1mGenerating EusLisp code from rosplan_knowledge_msgs/KnowledgeUpdateService.srv[0m
[ 80%] [34m[1mGenerating EusLisp code from rosplan_knowledge_msgs/GetDomainPredicateDetailsService.srv[0m
[ 80%] [34m[1mGenerating Python code from SRV rosplan_knowledge_msgs/GetDomainPredicateDetailsService[0m
[ 80%] [34m[1mGenerating EusLisp code from rosplan_knowledge_msgs/GetEnumerableTypeService.srv[0m
[ 81%] [34m[1mGenerating EusLisp code from rosplan_knowledge_msgs/GetDomainAttributeService.srv[0m
[ 82%] [34m[1mGenerating Python code from SRV rosplan_knowledge_msgs/GetEnumerableTypeService[0m
[ 84%] [34m[1mGenerating EusLisp code from rosplan_knowledge_msgs/GetDomainTypeService.srv[0m
[ 85%] [34m[1mGenerating Python code from SRV rosplan_knowledge_msgs/GetDomainAttributeService[0m
[ 85%] [34m[1mGenerating EusLisp code from rosplan_knowledge_msgs/ReloadRDDLDomainProblem.srv[0m
[ 86%] [34m[1mGenerating EusLisp code from rosplan_knowledge_msgs/GetRDDLFluentType.srv[0m
[ 87%] [34m[1mGenerating EusLisp code from rosplan_knowledge_msgs/GetInstanceService.srv[0m
[ 87%] [34m[1mGenerating EusLisp code from rosplan_knowledge_msgs/GetDomainOperatorDetailsService.srv[0m
[ 87%] [34m[1mGenerating Python code from SRV rosplan_knowledge_msgs/GetDomainTypeService[0m
[ 88%] [34m[1mGenerating Python code from SRV rosplan_knowledge_msgs/ReloadRDDLDomainProblem[0m
[ 88%] [34m[1mGenerating Python code from SRV rosplan_knowledge_msgs/GetRDDLFluentType[0m
[ 89%] [34m[1mGenerating EusLisp code from rosplan_knowledge_msgs/GetRDDLParams.srv[0m
[ 90%] [34m[1mGenerating Python code from SRV rosplan_knowledge_msgs/GetInstanceService[0m
[ 91%] [34m[1mGenerating Python code from SRV rosplan_knowledge_msgs/GetDomainOperatorDetailsService[0m
[ 91%] [34m[1mGenerating EusLisp code from rosplan_knowledge_msgs/GenerateProblemService.srv[0m
[ 91%] [34m[1mGenerating Python code from SRV rosplan_knowledge_msgs/GetRDDLParams[0m
[ 92%] [34m[1mGenerating EusLisp code from rosplan_knowledge_msgs/KnowledgeUpdateServiceArray.srv[0m
[ 93%] [34m[1mGenerating Python code from SRV rosplan_knowledge_msgs/GenerateProblemService[0m
[ 93%] [34m[1mGenerating Python code from SRV rosplan_knowledge_msgs/KnowledgeUpdateServiceArray[0m
[ 94%] [34m[1mGenerating Python code from SRV rosplan_knowledge_msgs/GetDomainNameService[0m
[ 95%] [34m[1mGenerating EusLisp code from rosplan_knowledge_msgs/GetDomainNameService.srv[0m
[ 95%] [34m[1mGenerating EusLisp code from rosplan_knowledge_msgs/GetMetricService.srv[0m
[ 96%] [34m[1mGenerating Python code from SRV rosplan_knowledge_msgs/GetMetricService[0m
[ 96%] [34m[1mGenerating Python code from SRV rosplan_knowledge_msgs/KnowledgeQueryService[0m
[ 97%] [34m[1mGenerating EusLisp code from rosplan_knowledge_msgs/KnowledgeQueryService.srv[0m
[ 97%] [34m[1mGenerating EusLisp manifest code for rosplan_knowledge_msgs[0m
[ 98%] [34m[1mGenerating Python msg __init__.py for rosplan_knowledge_msgs[0m
[100%] [34m[1mGenerating Python srv __init__.py for rosplan_knowledge_msgs[0m
[100%] Built target rosplan_knowledge_msgs_generate_messages_py
[100%] Built target rosplan_knowledge_msgs_generate_messages_eus
[35m[1mScanning dependencies of target rosplan_knowledge_msgs_generate_messages[0m
[100%] Built target rosplan_knowledge_msgs_generate_messages
