Determining if the pthread_create exist failed with the following output:
Change Dir: /home/glab/fetch_TAMP/build/gazebo_world_plugin_loader/CMakeFiles/CMakeTmp

Run Build Command:"/usr/bin/make" "cmTC_711cb/fast"
/usr/bin/make -f CMakeFiles/cmTC_711cb.dir/build.make CMakeFiles/cmTC_711cb.dir/build
make[1]: 디렉터리 '/home/glab/fetch_TAMP/build/gazebo_world_plugin_loader/CMakeFiles/CMakeTmp' 들어감
Building C object CMakeFiles/cmTC_711cb.dir/CheckSymbolExists.c.o
/usr/bin/cc    -o CMakeFiles/cmTC_711cb.dir/CheckSymbolExists.c.o   -c /home/glab/fetch_TAMP/build/gazebo_world_plugin_loader/CMakeFiles/CMakeTmp/CheckSymbolExists.c
Linking C executable cmTC_711cb
/usr/bin/cmake -E cmake_link_script CMakeFiles/cmTC_711cb.dir/link.txt --verbose=1
/usr/bin/cc      -rdynamic CMakeFiles/cmTC_711cb.dir/CheckSymbolExists.c.o  -o cmTC_711cb 
CMakeFiles/cmTC_711cb.dir/CheckSymbolExists.c.o: In function `main':
CheckSymbolExists.c:(.text+0x1b): undefined reference to `pthread_create'
collect2: error: ld returned 1 exit status
CMakeFiles/cmTC_711cb.dir/build.make:97: recipe for target 'cmTC_711cb' failed
make[1]: *** [cmTC_711cb] Error 1
make[1]: 디렉터리 '/home/glab/fetch_TAMP/build/gazebo_world_plugin_loader/CMakeFiles/CMakeTmp' 나감
Makefile:126: recipe for target 'cmTC_711cb/fast' failed
make: *** [cmTC_711cb/fast] Error 2

File /home/glab/fetch_TAMP/build/gazebo_world_plugin_loader/CMakeFiles/CMakeTmp/CheckSymbolExists.c:
/* */
#include <pthread.h>

int main(int argc, char** argv)
{
  (void)argv;
#ifndef pthread_create
  return ((int*)(&pthread_create))[argc];
#else
  (void)argc;
  return 0;
#endif
}

Determining if the function pthread_create exists in the pthreads failed with the following output:
Change Dir: /home/glab/fetch_TAMP/build/gazebo_world_plugin_loader/CMakeFiles/CMakeTmp

Run Build Command:"/usr/bin/make" "cmTC_42d90/fast"
/usr/bin/make -f CMakeFiles/cmTC_42d90.dir/build.make CMakeFiles/cmTC_42d90.dir/build
make[1]: 디렉터리 '/home/glab/fetch_TAMP/build/gazebo_world_plugin_loader/CMakeFiles/CMakeTmp' 들어감
Building C object CMakeFiles/cmTC_42d90.dir/CheckFunctionExists.c.o
/usr/bin/cc   -DCHECK_FUNCTION_EXISTS=pthread_create   -o CMakeFiles/cmTC_42d90.dir/CheckFunctionExists.c.o   -c /usr/share/cmake-3.10/Modules/CheckFunctionExists.c
Linking C executable cmTC_42d90
/usr/bin/cmake -E cmake_link_script CMakeFiles/cmTC_42d90.dir/link.txt --verbose=1
/usr/bin/cc  -DCHECK_FUNCTION_EXISTS=pthread_create    -rdynamic CMakeFiles/cmTC_42d90.dir/CheckFunctionExists.c.o  -o cmTC_42d90 -lpthreads 
/usr/bin/ld: cannot find -lpthreads
collect2: error: ld returned 1 exit status
CMakeFiles/cmTC_42d90.dir/build.make:97: recipe for target 'cmTC_42d90' failed
make[1]: *** [cmTC_42d90] Error 1
make[1]: 디렉터리 '/home/glab/fetch_TAMP/build/gazebo_world_plugin_loader/CMakeFiles/CMakeTmp' 나감
Makefile:126: recipe for target 'cmTC_42d90/fast' failed
make: *** [cmTC_42d90/fast] Error 2


