Determining if the pthread_create exist failed with the following output:
Change Dir: /home/glab/fetch_TAMP/build/moveit_tutorials/CMakeFiles/CMakeTmp

Run Build Command:"/usr/bin/make" "cmTC_dbd80/fast"
/usr/bin/make -f CMakeFiles/cmTC_dbd80.dir/build.make CMakeFiles/cmTC_dbd80.dir/build
make[1]: 디렉터리 '/home/glab/fetch_TAMP/build/moveit_tutorials/CMakeFiles/CMakeTmp' 들어감
Building C object CMakeFiles/cmTC_dbd80.dir/CheckSymbolExists.c.o
/usr/bin/cc    -o CMakeFiles/cmTC_dbd80.dir/CheckSymbolExists.c.o   -c /home/glab/fetch_TAMP/build/moveit_tutorials/CMakeFiles/CMakeTmp/CheckSymbolExists.c
Linking C executable cmTC_dbd80
/usr/bin/cmake -E cmake_link_script CMakeFiles/cmTC_dbd80.dir/link.txt --verbose=1
/usr/bin/cc      -rdynamic CMakeFiles/cmTC_dbd80.dir/CheckSymbolExists.c.o  -o cmTC_dbd80 
CMakeFiles/cmTC_dbd80.dir/CheckSymbolExists.c.o: In function `main':
CheckSymbolExists.c:(.text+0x1b): undefined reference to `pthread_create'
collect2: error: ld returned 1 exit status
CMakeFiles/cmTC_dbd80.dir/build.make:97: recipe for target 'cmTC_dbd80' failed
make[1]: *** [cmTC_dbd80] Error 1
make[1]: 디렉터리 '/home/glab/fetch_TAMP/build/moveit_tutorials/CMakeFiles/CMakeTmp' 나감
Makefile:126: recipe for target 'cmTC_dbd80/fast' failed
make: *** [cmTC_dbd80/fast] Error 2

File /home/glab/fetch_TAMP/build/moveit_tutorials/CMakeFiles/CMakeTmp/CheckSymbolExists.c:
/* */
#include <pthread.h>

int main(int argc, char** argv)
{
  (void)argv;
#ifndef pthread_create
  return ((int*)(&pthread_create))[argc];
#else
  (void)argc;
  return 0;
#endif
}

Determining if the function pthread_create exists in the pthreads failed with the following output:
Change Dir: /home/glab/fetch_TAMP/build/moveit_tutorials/CMakeFiles/CMakeTmp

Run Build Command:"/usr/bin/make" "cmTC_64dcd/fast"
/usr/bin/make -f CMakeFiles/cmTC_64dcd.dir/build.make CMakeFiles/cmTC_64dcd.dir/build
make[1]: 디렉터리 '/home/glab/fetch_TAMP/build/moveit_tutorials/CMakeFiles/CMakeTmp' 들어감
Building C object CMakeFiles/cmTC_64dcd.dir/CheckFunctionExists.c.o
/usr/bin/cc   -DCHECK_FUNCTION_EXISTS=pthread_create   -o CMakeFiles/cmTC_64dcd.dir/CheckFunctionExists.c.o   -c /usr/share/cmake-3.10/Modules/CheckFunctionExists.c
Linking C executable cmTC_64dcd
/usr/bin/cmake -E cmake_link_script CMakeFiles/cmTC_64dcd.dir/link.txt --verbose=1
/usr/bin/cc  -DCHECK_FUNCTION_EXISTS=pthread_create    -rdynamic CMakeFiles/cmTC_64dcd.dir/CheckFunctionExists.c.o  -o cmTC_64dcd -lpthreads 
/usr/bin/ld: cannot find -lpthreads
collect2: error: ld returned 1 exit status
CMakeFiles/cmTC_64dcd.dir/build.make:97: recipe for target 'cmTC_64dcd' failed
make[1]: *** [cmTC_64dcd] Error 1
make[1]: 디렉터리 '/home/glab/fetch_TAMP/build/moveit_tutorials/CMakeFiles/CMakeTmp' 나감
Makefile:126: recipe for target 'cmTC_64dcd/fast' failed
make: *** [cmTC_64dcd/fast] Error 2


