Determining if the pthread_create exist failed with the following output:
Change Dir: /home/glab/fetch_TAMP/build/object_msgs_tools/CMakeFiles/CMakeTmp

Run Build Command:"/usr/bin/make" "cmTC_6a501/fast"
/usr/bin/make -f CMakeFiles/cmTC_6a501.dir/build.make CMakeFiles/cmTC_6a501.dir/build
make[1]: 디렉터리 '/home/glab/fetch_TAMP/build/object_msgs_tools/CMakeFiles/CMakeTmp' 들어감
Building C object CMakeFiles/cmTC_6a501.dir/CheckSymbolExists.c.o
/usr/bin/cc    -o CMakeFiles/cmTC_6a501.dir/CheckSymbolExists.c.o   -c /home/glab/fetch_TAMP/build/object_msgs_tools/CMakeFiles/CMakeTmp/CheckSymbolExists.c
Linking C executable cmTC_6a501
/usr/bin/cmake -E cmake_link_script CMakeFiles/cmTC_6a501.dir/link.txt --verbose=1
/usr/bin/cc      -rdynamic CMakeFiles/cmTC_6a501.dir/CheckSymbolExists.c.o  -o cmTC_6a501 
CMakeFiles/cmTC_6a501.dir/CheckSymbolExists.c.o: In function `main':
CheckSymbolExists.c:(.text+0x1b): undefined reference to `pthread_create'
collect2: error: ld returned 1 exit status
CMakeFiles/cmTC_6a501.dir/build.make:97: recipe for target 'cmTC_6a501' failed
make[1]: *** [cmTC_6a501] Error 1
make[1]: 디렉터리 '/home/glab/fetch_TAMP/build/object_msgs_tools/CMakeFiles/CMakeTmp' 나감
Makefile:126: recipe for target 'cmTC_6a501/fast' failed
make: *** [cmTC_6a501/fast] Error 2

File /home/glab/fetch_TAMP/build/object_msgs_tools/CMakeFiles/CMakeTmp/CheckSymbolExists.c:
/* */
#include <pthread.h>

int main(int argc, char** argv)
{
  (void)argv;
#ifndef pthread_create
  return ((int*)(&pthread_create))[argc];
#else
  (void)argc;
  return 0;
#endif
}

Determining if the function pthread_create exists in the pthreads failed with the following output:
Change Dir: /home/glab/fetch_TAMP/build/object_msgs_tools/CMakeFiles/CMakeTmp

Run Build Command:"/usr/bin/make" "cmTC_cc994/fast"
/usr/bin/make -f CMakeFiles/cmTC_cc994.dir/build.make CMakeFiles/cmTC_cc994.dir/build
make[1]: 디렉터리 '/home/glab/fetch_TAMP/build/object_msgs_tools/CMakeFiles/CMakeTmp' 들어감
Building C object CMakeFiles/cmTC_cc994.dir/CheckFunctionExists.c.o
/usr/bin/cc   -DCHECK_FUNCTION_EXISTS=pthread_create   -o CMakeFiles/cmTC_cc994.dir/CheckFunctionExists.c.o   -c /usr/share/cmake-3.10/Modules/CheckFunctionExists.c
Linking C executable cmTC_cc994
/usr/bin/cmake -E cmake_link_script CMakeFiles/cmTC_cc994.dir/link.txt --verbose=1
/usr/bin/cc  -DCHECK_FUNCTION_EXISTS=pthread_create    -rdynamic CMakeFiles/cmTC_cc994.dir/CheckFunctionExists.c.o  -o cmTC_cc994 -lpthreads 
/usr/bin/ld: cannot find -lpthreads
collect2: error: ld returned 1 exit status
CMakeFiles/cmTC_cc994.dir/build.make:97: recipe for target 'cmTC_cc994' failed
make[1]: *** [cmTC_cc994] Error 1
make[1]: 디렉터리 '/home/glab/fetch_TAMP/build/object_msgs_tools/CMakeFiles/CMakeTmp' 나감
Makefile:126: recipe for target 'cmTC_cc994/fast' failed
make: *** [cmTC_cc994/fast] Error 2


