[35m[1mScanning dependencies of target _rosplan_interface_mapping_generate_messages_check_deps_CreatePRM[0m
[  0%] Built target _rosplan_interface_mapping_generate_messages_check_deps_CreatePRM
[35m[1mScanning dependencies of target _rosplan_interface_mapping_generate_messages_check_deps_RemoveWaypoint[0m
[  0%] Built target _rosplan_interface_mapping_generate_messages_check_deps_RemoveWaypoint
[35m[1mScanning dependencies of target _rosplan_interface_mapping_generate_messages_check_deps_AddWaypoint[0m
[  0%] Built target _rosplan_interface_mapping_generate_messages_check_deps_AddWaypoint
[35m[1mScanning dependencies of target geometry_msgs_generate_messages_cpp[0m
[  0%] Built target geometry_msgs_generate_messages_cpp
[35m[1mScanning dependencies of target geometry_msgs_generate_messages_py[0m
[  0%] Built target geometry_msgs_generate_messages_py
[35m[1mScanning dependencies of target geometry_msgs_generate_messages_nodejs[0m
[  0%] Built target geometry_msgs_generate_messages_nodejs
[35m[1mScanning dependencies of target geometry_msgs_generate_messages_lisp[0m
[  0%] Built target geometry_msgs_generate_messages_lisp
[35m[1mScanning dependencies of target geometry_msgs_generate_messages_eus[0m
[  0%] Built target geometry_msgs_generate_messages_eus
[35m[1mScanning dependencies of target rosplan_interface_mapping_generate_messages_cpp[0m
[  5%] [34m[1mGenerating C++ code from rosplan_interface_mapping/RemoveWaypoint.srv[0m
[ 10%] [34m[1mGenerating C++ code from rosplan_interface_mapping/AddWaypoint.srv[0m
[ 15%] [34m[1mGenerating C++ code from rosplan_interface_mapping/CreatePRM.srv[0m
[ 15%] Built target rosplan_interface_mapping_generate_messages_cpp
[35m[1mScanning dependencies of target rosplan_interface_mapping_generate_messages_py[0m
[ 21%] [34m[1mGenerating Python code from SRV rosplan_interface_mapping/RemoveWaypoint[0m
[ 26%] [34m[1mGenerating Python code from SRV rosplan_interface_mapping/AddWaypoint[0m
[ 31%] [34m[1mGenerating Python code from SRV rosplan_interface_mapping/CreatePRM[0m
[ 36%] [34m[1mGenerating Python srv __init__.py for rosplan_interface_mapping[0m
[ 36%] Built target rosplan_interface_mapping_generate_messages_py
[35m[1mScanning dependencies of target rosplan_interface_mapping_generate_messages_nodejs[0m
[ 42%] [34m[1mGenerating Javascript code from rosplan_interface_mapping/RemoveWaypoint.srv[0m
[ 47%] [34m[1mGenerating Javascript code from rosplan_interface_mapping/AddWaypoint.srv[0m
[ 52%] [34m[1mGenerating Javascript code from rosplan_interface_mapping/CreatePRM.srv[0m
[ 52%] Built target rosplan_interface_mapping_generate_messages_nodejs
[35m[1mScanning dependencies of target rosplan_interface_mapping_generate_messages_lisp[0m
[ 57%] [34m[1mGenerating Lisp code from rosplan_interface_mapping/RemoveWaypoint.srv[0m
[ 63%] [34m[1mGenerating Lisp code from rosplan_interface_mapping/AddWaypoint.srv[0m
[ 68%] [34m[1mGenerating Lisp code from rosplan_interface_mapping/CreatePRM.srv[0m
[ 68%] Built target rosplan_interface_mapping_generate_messages_lisp
[35m[1mScanning dependencies of target rosplan_interface_mapping_generate_messages_eus[0m
[ 73%] [34m[1mGenerating EusLisp code from rosplan_interface_mapping/RemoveWaypoint.srv[0m
[ 78%] [34m[1mGenerating EusLisp code from rosplan_interface_mapping/AddWaypoint.srv[0m
[ 84%] [34m[1mGenerating EusLisp code from rosplan_interface_mapping/CreatePRM.srv[0m
[ 89%] [34m[1mGenerating EusLisp manifest code for rosplan_interface_mapping[0m
[ 89%] Built target rosplan_interface_mapping_generate_messages_eus
[35m[1mScanning dependencies of target rp_roadmap_server[0m
[ 94%] [32mBuilding CXX object CMakeFiles/rp_roadmap_server.dir/src/RPRoadmapServer.cpp.o[0m
[35m[1mScanning dependencies of target rosplan_interface_mapping_generate_messages[0m
[ 94%] Built target rosplan_interface_mapping_generate_messages
[100%] [32m[1mLinking CXX executable /home/glab/fetch_TAMP/devel/.private/rosplan_interface_mapping/lib/rosplan_interface_mapping/rp_roadmap_server[0m
[100%] Built target rp_roadmap_server
