Linked: (/home/glab/fetch_TAMP/devel/.private/rosplan_interface_mapping/include/rosplan_interface_mapping/RemoveWaypointResponse.h, /home/glab/fetch_TAMP/devel/include/rosplan_interface_mapping/RemoveWaypointResponse.h)
Linked: (/home/glab/fetch_TAMP/devel/.private/rosplan_interface_mapping/include/rosplan_interface_mapping/AddWaypointRequest.h, /home/glab/fetch_TAMP/devel/include/rosplan_interface_mapping/AddWaypointRequest.h)
Linked: (/home/glab/fetch_TAMP/devel/.private/rosplan_interface_mapping/include/rosplan_interface_mapping/AddWaypointResponse.h, /home/glab/fetch_TAMP/devel/include/rosplan_interface_mapping/AddWaypointResponse.h)
Linked: (/home/glab/fetch_TAMP/devel/.private/rosplan_interface_mapping/include/rosplan_interface_mapping/CreatePRMResponse.h, /home/glab/fetch_TAMP/devel/include/rosplan_interface_mapping/CreatePRMResponse.h)
Linked: (/home/glab/fetch_TAMP/devel/.private/rosplan_interface_mapping/include/rosplan_interface_mapping/CreatePRMRequest.h, /home/glab/fetch_TAMP/devel/include/rosplan_interface_mapping/CreatePRMRequest.h)
Linked: (/home/glab/fetch_TAMP/devel/.private/rosplan_interface_mapping/include/rosplan_interface_mapping/AddWaypoint.h, /home/glab/fetch_TAMP/devel/include/rosplan_interface_mapping/AddWaypoint.h)
Linked: (/home/glab/fetch_TAMP/devel/.private/rosplan_interface_mapping/include/rosplan_interface_mapping/RemoveWaypointRequest.h, /home/glab/fetch_TAMP/devel/include/rosplan_interface_mapping/RemoveWaypointRequest.h)
Linked: (/home/glab/fetch_TAMP/devel/.private/rosplan_interface_mapping/include/rosplan_interface_mapping/RemoveWaypoint.h, /home/glab/fetch_TAMP/devel/include/rosplan_interface_mapping/RemoveWaypoint.h)
Linked: (/home/glab/fetch_TAMP/devel/.private/rosplan_interface_mapping/include/rosplan_interface_mapping/CreatePRM.h, /home/glab/fetch_TAMP/devel/include/rosplan_interface_mapping/CreatePRM.h)
Linked: (/home/glab/fetch_TAMP/devel/.private/rosplan_interface_mapping/share/common-lisp/ros/rosplan_interface_mapping/srv/rosplan_interface_mapping-srv.asd, /home/glab/fetch_TAMP/devel/share/common-lisp/ros/rosplan_interface_mapping/srv/rosplan_interface_mapping-srv.asd)
Linked: (/home/glab/fetch_TAMP/devel/.private/rosplan_interface_mapping/share/common-lisp/ros/rosplan_interface_mapping/srv/_package_RemoveWaypoint.lisp, /home/glab/fetch_TAMP/devel/share/common-lisp/ros/rosplan_interface_mapping/srv/_package_RemoveWaypoint.lisp)
Linked: (/home/glab/fetch_TAMP/devel/.private/rosplan_interface_mapping/share/common-lisp/ros/rosplan_interface_mapping/srv/RemoveWaypoint.lisp, /home/glab/fetch_TAMP/devel/share/common-lisp/ros/rosplan_interface_mapping/srv/RemoveWaypoint.lisp)
Linked: (/home/glab/fetch_TAMP/devel/.private/rosplan_interface_mapping/share/common-lisp/ros/rosplan_interface_mapping/srv/_package.lisp, /home/glab/fetch_TAMP/devel/share/common-lisp/ros/rosplan_interface_mapping/srv/_package.lisp)
Linked: (/home/glab/fetch_TAMP/devel/.private/rosplan_interface_mapping/share/common-lisp/ros/rosplan_interface_mapping/srv/CreatePRM.lisp, /home/glab/fetch_TAMP/devel/share/common-lisp/ros/rosplan_interface_mapping/srv/CreatePRM.lisp)
Linked: (/home/glab/fetch_TAMP/devel/.private/rosplan_interface_mapping/share/common-lisp/ros/rosplan_interface_mapping/srv/AddWaypoint.lisp, /home/glab/fetch_TAMP/devel/share/common-lisp/ros/rosplan_interface_mapping/srv/AddWaypoint.lisp)
Linked: (/home/glab/fetch_TAMP/devel/.private/rosplan_interface_mapping/share/common-lisp/ros/rosplan_interface_mapping/srv/_package_AddWaypoint.lisp, /home/glab/fetch_TAMP/devel/share/common-lisp/ros/rosplan_interface_mapping/srv/_package_AddWaypoint.lisp)
Linked: (/home/glab/fetch_TAMP/devel/.private/rosplan_interface_mapping/share/common-lisp/ros/rosplan_interface_mapping/srv/_package_CreatePRM.lisp, /home/glab/fetch_TAMP/devel/share/common-lisp/ros/rosplan_interface_mapping/srv/_package_CreatePRM.lisp)
Linked: (/home/glab/fetch_TAMP/devel/.private/rosplan_interface_mapping/share/roseus/ros/rosplan_interface_mapping/manifest.l, /home/glab/fetch_TAMP/devel/share/roseus/ros/rosplan_interface_mapping/manifest.l)
Linked: (/home/glab/fetch_TAMP/devel/.private/rosplan_interface_mapping/share/roseus/ros/rosplan_interface_mapping/srv/CreatePRM.l, /home/glab/fetch_TAMP/devel/share/roseus/ros/rosplan_interface_mapping/srv/CreatePRM.l)
Linked: (/home/glab/fetch_TAMP/devel/.private/rosplan_interface_mapping/share/roseus/ros/rosplan_interface_mapping/srv/RemoveWaypoint.l, /home/glab/fetch_TAMP/devel/share/roseus/ros/rosplan_interface_mapping/srv/RemoveWaypoint.l)
Linked: (/home/glab/fetch_TAMP/devel/.private/rosplan_interface_mapping/share/roseus/ros/rosplan_interface_mapping/srv/AddWaypoint.l, /home/glab/fetch_TAMP/devel/share/roseus/ros/rosplan_interface_mapping/srv/AddWaypoint.l)
Linked: (/home/glab/fetch_TAMP/devel/.private/rosplan_interface_mapping/share/rosplan_interface_mapping/cmake/rosplan_interface_mappingConfig.cmake, /home/glab/fetch_TAMP/devel/share/rosplan_interface_mapping/cmake/rosplan_interface_mappingConfig.cmake)
Linked: (/home/glab/fetch_TAMP/devel/.private/rosplan_interface_mapping/share/rosplan_interface_mapping/cmake/rosplan_interface_mapping-msg-paths.cmake, /home/glab/fetch_TAMP/devel/share/rosplan_interface_mapping/cmake/rosplan_interface_mapping-msg-paths.cmake)
Linked: (/home/glab/fetch_TAMP/devel/.private/rosplan_interface_mapping/share/rosplan_interface_mapping/cmake/rosplan_interface_mapping-msg-extras.cmake, /home/glab/fetch_TAMP/devel/share/rosplan_interface_mapping/cmake/rosplan_interface_mapping-msg-extras.cmake)
Linked: (/home/glab/fetch_TAMP/devel/.private/rosplan_interface_mapping/share/rosplan_interface_mapping/cmake/rosplan_interface_mappingConfig-version.cmake, /home/glab/fetch_TAMP/devel/share/rosplan_interface_mapping/cmake/rosplan_interface_mappingConfig-version.cmake)
Linked: (/home/glab/fetch_TAMP/devel/.private/rosplan_interface_mapping/share/gennodejs/ros/rosplan_interface_mapping/_index.js, /home/glab/fetch_TAMP/devel/share/gennodejs/ros/rosplan_interface_mapping/_index.js)
Linked: (/home/glab/fetch_TAMP/devel/.private/rosplan_interface_mapping/share/gennodejs/ros/rosplan_interface_mapping/srv/AddWaypoint.js, /home/glab/fetch_TAMP/devel/share/gennodejs/ros/rosplan_interface_mapping/srv/AddWaypoint.js)
Linked: (/home/glab/fetch_TAMP/devel/.private/rosplan_interface_mapping/share/gennodejs/ros/rosplan_interface_mapping/srv/_index.js, /home/glab/fetch_TAMP/devel/share/gennodejs/ros/rosplan_interface_mapping/srv/_index.js)
Linked: (/home/glab/fetch_TAMP/devel/.private/rosplan_interface_mapping/share/gennodejs/ros/rosplan_interface_mapping/srv/RemoveWaypoint.js, /home/glab/fetch_TAMP/devel/share/gennodejs/ros/rosplan_interface_mapping/srv/RemoveWaypoint.js)
Linked: (/home/glab/fetch_TAMP/devel/.private/rosplan_interface_mapping/share/gennodejs/ros/rosplan_interface_mapping/srv/CreatePRM.js, /home/glab/fetch_TAMP/devel/share/gennodejs/ros/rosplan_interface_mapping/srv/CreatePRM.js)
Linked: (/home/glab/fetch_TAMP/devel/.private/rosplan_interface_mapping/lib/python2.7/dist-packages/rosplan_interface_mapping/__init__.py, /home/glab/fetch_TAMP/devel/lib/python2.7/dist-packages/rosplan_interface_mapping/__init__.py)
Linked: (/home/glab/fetch_TAMP/devel/.private/rosplan_interface_mapping/lib/python2.7/dist-packages/rosplan_interface_mapping/srv/__init__.py, /home/glab/fetch_TAMP/devel/lib/python2.7/dist-packages/rosplan_interface_mapping/srv/__init__.py)
Linked: (/home/glab/fetch_TAMP/devel/.private/rosplan_interface_mapping/lib/python2.7/dist-packages/rosplan_interface_mapping/srv/_AddWaypoint.py, /home/glab/fetch_TAMP/devel/lib/python2.7/dist-packages/rosplan_interface_mapping/srv/_AddWaypoint.py)
Linked: (/home/glab/fetch_TAMP/devel/.private/rosplan_interface_mapping/lib/python2.7/dist-packages/rosplan_interface_mapping/srv/_RemoveWaypoint.py, /home/glab/fetch_TAMP/devel/lib/python2.7/dist-packages/rosplan_interface_mapping/srv/_RemoveWaypoint.py)
Linked: (/home/glab/fetch_TAMP/devel/.private/rosplan_interface_mapping/lib/python2.7/dist-packages/rosplan_interface_mapping/srv/_CreatePRM.py, /home/glab/fetch_TAMP/devel/lib/python2.7/dist-packages/rosplan_interface_mapping/srv/_CreatePRM.py)
Linked: (/home/glab/fetch_TAMP/devel/.private/rosplan_interface_mapping/lib/pkgconfig/rosplan_interface_mapping.pc, /home/glab/fetch_TAMP/devel/lib/pkgconfig/rosplan_interface_mapping.pc)
Linked: (/home/glab/fetch_TAMP/devel/.private/rosplan_interface_mapping/lib/rosplan_interface_mapping/rp_roadmap_server, /home/glab/fetch_TAMP/devel/lib/rosplan_interface_mapping/rp_roadmap_server)
