Determining if the pthread_create exist failed with the following output:
Change Dir: /home/glab/fetch_TAMP/build/gazebo_version_helpers/CMakeFiles/CMakeTmp

Run Build Command:"/usr/bin/make" "cmTC_f397b/fast"
/usr/bin/make -f CMakeFiles/cmTC_f397b.dir/build.make CMakeFiles/cmTC_f397b.dir/build
make[1]: 디렉터리 '/home/glab/fetch_TAMP/build/gazebo_version_helpers/CMakeFiles/CMakeTmp' 들어감
Building C object CMakeFiles/cmTC_f397b.dir/CheckSymbolExists.c.o
/usr/bin/cc    -o CMakeFiles/cmTC_f397b.dir/CheckSymbolExists.c.o   -c /home/glab/fetch_TAMP/build/gazebo_version_helpers/CMakeFiles/CMakeTmp/CheckSymbolExists.c
Linking C executable cmTC_f397b
/usr/bin/cmake -E cmake_link_script CMakeFiles/cmTC_f397b.dir/link.txt --verbose=1
/usr/bin/cc      -rdynamic CMakeFiles/cmTC_f397b.dir/CheckSymbolExists.c.o  -o cmTC_f397b 
CMakeFiles/cmTC_f397b.dir/CheckSymbolExists.c.o: In function `main':
CheckSymbolExists.c:(.text+0x1b): undefined reference to `pthread_create'
collect2: error: ld returned 1 exit status
CMakeFiles/cmTC_f397b.dir/build.make:97: recipe for target 'cmTC_f397b' failed
make[1]: *** [cmTC_f397b] Error 1
make[1]: 디렉터리 '/home/glab/fetch_TAMP/build/gazebo_version_helpers/CMakeFiles/CMakeTmp' 나감
Makefile:126: recipe for target 'cmTC_f397b/fast' failed
make: *** [cmTC_f397b/fast] Error 2

File /home/glab/fetch_TAMP/build/gazebo_version_helpers/CMakeFiles/CMakeTmp/CheckSymbolExists.c:
/* */
#include <pthread.h>

int main(int argc, char** argv)
{
  (void)argv;
#ifndef pthread_create
  return ((int*)(&pthread_create))[argc];
#else
  (void)argc;
  return 0;
#endif
}

Determining if the function pthread_create exists in the pthreads failed with the following output:
Change Dir: /home/glab/fetch_TAMP/build/gazebo_version_helpers/CMakeFiles/CMakeTmp

Run Build Command:"/usr/bin/make" "cmTC_952e7/fast"
/usr/bin/make -f CMakeFiles/cmTC_952e7.dir/build.make CMakeFiles/cmTC_952e7.dir/build
make[1]: 디렉터리 '/home/glab/fetch_TAMP/build/gazebo_version_helpers/CMakeFiles/CMakeTmp' 들어감
Building C object CMakeFiles/cmTC_952e7.dir/CheckFunctionExists.c.o
/usr/bin/cc   -DCHECK_FUNCTION_EXISTS=pthread_create   -o CMakeFiles/cmTC_952e7.dir/CheckFunctionExists.c.o   -c /usr/share/cmake-3.10/Modules/CheckFunctionExists.c
Linking C executable cmTC_952e7
/usr/bin/cmake -E cmake_link_script CMakeFiles/cmTC_952e7.dir/link.txt --verbose=1
/usr/bin/cc  -DCHECK_FUNCTION_EXISTS=pthread_create    -rdynamic CMakeFiles/cmTC_952e7.dir/CheckFunctionExists.c.o  -o cmTC_952e7 -lpthreads 
/usr/bin/ld: cannot find -lpthreads
collect2: error: ld returned 1 exit status
CMakeFiles/cmTC_952e7.dir/build.make:97: recipe for target 'cmTC_952e7' failed
make[1]: *** [cmTC_952e7] Error 1
make[1]: 디렉터리 '/home/glab/fetch_TAMP/build/gazebo_version_helpers/CMakeFiles/CMakeTmp' 나감
Makefile:126: recipe for target 'cmTC_952e7/fast' failed
make: *** [cmTC_952e7/fast] Error 2


