[  0%] Built target _rosplan_dispatch_msgs_generate_messages_check_deps_GetPlanningParams
[  0%] Built target _rosplan_dispatch_msgs_generate_messages_check_deps_NonBlockingDispatchResult
[  0%] Built target _rosplan_dispatch_msgs_generate_messages_check_deps_CompletePlan
[  0%] Built target _rosplan_dispatch_msgs_generate_messages_check_deps_EsterelPlanEdge
[  0%] Built target _rosplan_dispatch_msgs_generate_messages_check_deps_PlanningService
[  0%] Built target _rosplan_dispatch_msgs_generate_messages_check_deps_PlanFeedback
[  0%] Built target _rosplan_dispatch_msgs_generate_messages_check_deps_ProblemService
[  0%] Built target _rosplan_dispatch_msgs_generate_messages_check_deps_PlanAction
[  0%] Built target _rosplan_dispatch_msgs_generate_messages_check_deps_NonBlockingDispatchActionGoal
[  0%] Built target _rosplan_dispatch_msgs_generate_messages_check_deps_ActionFeedback
[  0%] Built target _rosplan_dispatch_msgs_generate_messages_check_deps_NonBlockingDispatchFeedback
[  0%] Built target _rosplan_dispatch_msgs_generate_messages_check_deps_PlanActionResult
[  0%] Built target _rosplan_dispatch_msgs_generate_messages_check_deps_ParsingService
[  0%] Built target _rosplan_dispatch_msgs_generate_messages_check_deps_ActionDispatch
[  0%] Built target _rosplan_dispatch_msgs_generate_messages_check_deps_EsterelPlanNode
[  0%] Built target std_msgs_generate_messages_py
[  0%] Built target _rosplan_dispatch_msgs_generate_messages_check_deps_NonBlockingDispatchActionFeedback
[  0%] Built target _rosplan_dispatch_msgs_generate_messages_check_deps_NonBlockingDispatchGoal
[  0%] Built target actionlib_msgs_generate_messages_py
[  0%] Built target _rosplan_dispatch_msgs_generate_messages_check_deps_PlanGoal
[  0%] Built target _rosplan_dispatch_msgs_generate_messages_check_deps_PlanActionGoal
[  0%] Built target _rosplan_dispatch_msgs_generate_messages_check_deps_PlanResult
[  0%] Built target _rosplan_dispatch_msgs_generate_messages_check_deps_EsterelPlan
[  0%] Built target _rosplan_dispatch_msgs_generate_messages_check_deps_DispatchService
[  0%] Built target _rosplan_dispatch_msgs_generate_messages_check_deps_NonBlockingDispatchAction
[  0%] Built target diagnostic_msgs_generate_messages_py
[  0%] Built target _rosplan_dispatch_msgs_generate_messages_check_deps_PlanActionFeedback
[  0%] Built target actionlib_msgs_generate_messages_lisp
[  0%] Built target std_msgs_generate_messages_lisp
[  0%] Built target _rosplan_dispatch_msgs_generate_messages_check_deps_NonBlockingDispatchActionResult
[  0%] Built target std_msgs_generate_messages_nodejs
[  0%] Built target diagnostic_msgs_generate_messages_lisp
[  0%] Built target actionlib_msgs_generate_messages_nodejs
[  0%] Built target diagnostic_msgs_generate_messages_nodejs
[  0%] Built target std_msgs_generate_messages_eus
[  0%] Built target actionlib_msgs_generate_messages_eus
[  0%] Built target diagnostic_msgs_generate_messages_eus
[  0%] Built target actionlib_msgs_generate_messages_cpp
[  0%] Built target diagnostic_msgs_generate_messages_cpp
[ 21%] Built target rosplan_dispatch_msgs_generate_messages_py
[ 21%] Built target std_msgs_generate_messages_cpp
[ 40%] Built target rosplan_dispatch_msgs_generate_messages_nodejs
[ 60%] Built target rosplan_dispatch_msgs_generate_messages_lisp
[ 80%] Built target rosplan_dispatch_msgs_generate_messages_eus
[100%] Built target rosplan_dispatch_msgs_generate_messages_cpp
[100%] Built target rosplan_dispatch_msgs_generate_messages
