[35m[1mScanning dependencies of target _rosplan_dispatch_msgs_generate_messages_check_deps_GetPlanningParams[0m
[  0%] Built target _rosplan_dispatch_msgs_generate_messages_check_deps_GetPlanningParams
[35m[1mScanning dependencies of target _rosplan_dispatch_msgs_generate_messages_check_deps_NonBlockingDispatchResult[0m
[  0%] Built target _rosplan_dispatch_msgs_generate_messages_check_deps_NonBlockingDispatchResult
[35m[1mScanning dependencies of target _rosplan_dispatch_msgs_generate_messages_check_deps_CompletePlan[0m
[  0%] Built target _rosplan_dispatch_msgs_generate_messages_check_deps_CompletePlan
[35m[1mScanning dependencies of target _rosplan_dispatch_msgs_generate_messages_check_deps_PlanningService[0m
[35m[1mScanning dependencies of target _rosplan_dispatch_msgs_generate_messages_check_deps_EsterelPlanEdge[0m
[  0%] Built target _rosplan_dispatch_msgs_generate_messages_check_deps_PlanningService
[  0%] Built target _rosplan_dispatch_msgs_generate_messages_check_deps_EsterelPlanEdge
[35m[1mScanning dependencies of target _rosplan_dispatch_msgs_generate_messages_check_deps_PlanFeedback[0m
[  0%] Built target _rosplan_dispatch_msgs_generate_messages_check_deps_PlanFeedback
[35m[1mScanning dependencies of target _rosplan_dispatch_msgs_generate_messages_check_deps_ProblemService[0m
[  0%] Built target _rosplan_dispatch_msgs_generate_messages_check_deps_ProblemService
[35m[1mScanning dependencies of target _rosplan_dispatch_msgs_generate_messages_check_deps_PlanAction[0m
[  0%] Built target _rosplan_dispatch_msgs_generate_messages_check_deps_PlanAction
[35m[1mScanning dependencies of target _rosplan_dispatch_msgs_generate_messages_check_deps_NonBlockingDispatchActionGoal[0m
[  0%] Built target _rosplan_dispatch_msgs_generate_messages_check_deps_NonBlockingDispatchActionGoal
[35m[1mScanning dependencies of target _rosplan_dispatch_msgs_generate_messages_check_deps_ActionFeedback[0m
[  0%] Built target _rosplan_dispatch_msgs_generate_messages_check_deps_ActionFeedback
[35m[1mScanning dependencies of target _rosplan_dispatch_msgs_generate_messages_check_deps_NonBlockingDispatchFeedback[0m
[  0%] Built target _rosplan_dispatch_msgs_generate_messages_check_deps_NonBlockingDispatchFeedback
[35m[1mScanning dependencies of target _rosplan_dispatch_msgs_generate_messages_check_deps_PlanActionResult[0m
[  0%] Built target _rosplan_dispatch_msgs_generate_messages_check_deps_PlanActionResult
[35m[1mScanning dependencies of target _rosplan_dispatch_msgs_generate_messages_check_deps_ActionDispatch[0m
[  0%] Built target _rosplan_dispatch_msgs_generate_messages_check_deps_ActionDispatch
[35m[1mScanning dependencies of target _rosplan_dispatch_msgs_generate_messages_check_deps_ParsingService[0m
[  0%] Built target _rosplan_dispatch_msgs_generate_messages_check_deps_ParsingService
[35m[1mScanning dependencies of target _rosplan_dispatch_msgs_generate_messages_check_deps_EsterelPlanNode[0m
[  0%] Built target _rosplan_dispatch_msgs_generate_messages_check_deps_EsterelPlanNode
[35m[1mScanning dependencies of target _rosplan_dispatch_msgs_generate_messages_check_deps_NonBlockingDispatchActionFeedback[0m
[  0%] Built target _rosplan_dispatch_msgs_generate_messages_check_deps_NonBlockingDispatchActionFeedback
[35m[1mScanning dependencies of target std_msgs_generate_messages_py[0m
[  0%] Built target std_msgs_generate_messages_py
[35m[1mScanning dependencies of target _rosplan_dispatch_msgs_generate_messages_check_deps_NonBlockingDispatchGoal[0m
[  0%] Built target _rosplan_dispatch_msgs_generate_messages_check_deps_NonBlockingDispatchGoal
[35m[1mScanning dependencies of target _rosplan_dispatch_msgs_generate_messages_check_deps_PlanGoal[0m
[  0%] Built target _rosplan_dispatch_msgs_generate_messages_check_deps_PlanGoal
[35m[1mScanning dependencies of target actionlib_msgs_generate_messages_py[0m
[  0%] Built target actionlib_msgs_generate_messages_py
[35m[1mScanning dependencies of target _rosplan_dispatch_msgs_generate_messages_check_deps_PlanActionGoal[0m
[  0%] Built target _rosplan_dispatch_msgs_generate_messages_check_deps_PlanActionGoal
[35m[1mScanning dependencies of target _rosplan_dispatch_msgs_generate_messages_check_deps_EsterelPlan[0m
[  0%] Built target _rosplan_dispatch_msgs_generate_messages_check_deps_EsterelPlan
[35m[1mScanning dependencies of target _rosplan_dispatch_msgs_generate_messages_check_deps_DispatchService[0m
[  0%] Built target _rosplan_dispatch_msgs_generate_messages_check_deps_DispatchService
[35m[1mScanning dependencies of target _rosplan_dispatch_msgs_generate_messages_check_deps_PlanResult[0m
[  0%] Built target _rosplan_dispatch_msgs_generate_messages_check_deps_PlanResult
[35m[1mScanning dependencies of target _rosplan_dispatch_msgs_generate_messages_check_deps_NonBlockingDispatchAction[0m
[  0%] Built target _rosplan_dispatch_msgs_generate_messages_check_deps_NonBlockingDispatchAction
[35m[1mScanning dependencies of target diagnostic_msgs_generate_messages_py[0m
[  0%] Built target diagnostic_msgs_generate_messages_py
[35m[1mScanning dependencies of target _rosplan_dispatch_msgs_generate_messages_check_deps_PlanActionFeedback[0m
[  0%] Built target _rosplan_dispatch_msgs_generate_messages_check_deps_PlanActionFeedback
[35m[1mScanning dependencies of target _rosplan_dispatch_msgs_generate_messages_check_deps_NonBlockingDispatchActionResult[0m
[  0%] Built target _rosplan_dispatch_msgs_generate_messages_check_deps_NonBlockingDispatchActionResult
[35m[1mScanning dependencies of target std_msgs_generate_messages_lisp[0m
[  0%] Built target std_msgs_generate_messages_lisp
[35m[1mScanning dependencies of target actionlib_msgs_generate_messages_lisp[0m
[  0%] Built target actionlib_msgs_generate_messages_lisp
[35m[1mScanning dependencies of target diagnostic_msgs_generate_messages_lisp[0m
[  0%] Built target diagnostic_msgs_generate_messages_lisp
[35m[1mScanning dependencies of target std_msgs_generate_messages_nodejs[0m
[  0%] Built target std_msgs_generate_messages_nodejs
[35m[1mScanning dependencies of target actionlib_msgs_generate_messages_nodejs[0m
[  0%] Built target actionlib_msgs_generate_messages_nodejs
[35m[1mScanning dependencies of target diagnostic_msgs_generate_messages_nodejs[0m
[  0%] Built target diagnostic_msgs_generate_messages_nodejs
[35m[1mScanning dependencies of target std_msgs_generate_messages_eus[0m
[  0%] Built target std_msgs_generate_messages_eus
[35m[1mScanning dependencies of target actionlib_msgs_generate_messages_eus[0m
[  0%] Built target actionlib_msgs_generate_messages_eus
[35m[1mScanning dependencies of target diagnostic_msgs_generate_messages_eus[0m
[  0%] Built target diagnostic_msgs_generate_messages_eus
[35m[1mScanning dependencies of target actionlib_msgs_generate_messages_cpp[0m
[  0%] Built target actionlib_msgs_generate_messages_cpp
[35m[1mScanning dependencies of target std_msgs_generate_messages_cpp[0m
[  0%] Built target std_msgs_generate_messages_cpp
[35m[1mScanning dependencies of target diagnostic_msgs_generate_messages_cpp[0m
[  0%] Built target diagnostic_msgs_generate_messages_cpp
[35m[1mScanning dependencies of target rosplan_dispatch_msgs_generate_messages_py[0m
[  1%] [34m[1mGenerating Python from MSG rosplan_dispatch_msgs/PlanActionFeedback[0m
[  2%] [34m[1mGenerating Python from MSG rosplan_dispatch_msgs/EsterelPlan[0m
[  2%] [34m[1mGenerating Python from MSG rosplan_dispatch_msgs/EsterelPlanNode[0m
[  3%] [34m[1mGenerating Python from MSG rosplan_dispatch_msgs/PlanFeedback[0m
[  4%] [34m[1mGenerating Python from MSG rosplan_dispatch_msgs/NonBlockingDispatchActionGoal[0m
[  4%] [34m[1mGenerating Python from MSG rosplan_dispatch_msgs/NonBlockingDispatchFeedback[0m
[  5%] [34m[1mGenerating Python from MSG rosplan_dispatch_msgs/NonBlockingDispatchActionResult[0m
[  6%] [34m[1mGenerating Python from MSG rosplan_dispatch_msgs/NonBlockingDispatchResult[0m
[  7%] [34m[1mGenerating Python from MSG rosplan_dispatch_msgs/PlanGoal[0m
[  7%] [34m[1mGenerating Python from MSG rosplan_dispatch_msgs/NonBlockingDispatchActionFeedback[0m
[  8%] [34m[1mGenerating Python from MSG rosplan_dispatch_msgs/NonBlockingDispatchAction[0m
[  9%] [34m[1mGenerating Python from MSG rosplan_dispatch_msgs/EsterelPlanEdge[0m
[  9%] [34m[1mGenerating Python from MSG rosplan_dispatch_msgs/PlanResult[0m
[ 10%] [34m[1mGenerating Python from MSG rosplan_dispatch_msgs/PlanAction[0m
[ 11%] [34m[1mGenerating Python from MSG rosplan_dispatch_msgs/PlanActionGoal[0m
[ 12%] [34m[1mGenerating Python from MSG rosplan_dispatch_msgs/ActionDispatch[0m
[ 12%] [34m[1mGenerating Python from MSG rosplan_dispatch_msgs/NonBlockingDispatchGoal[0m
[ 13%] [34m[1mGenerating Python from MSG rosplan_dispatch_msgs/CompletePlan[0m
[ 15%] [34m[1mGenerating Python from MSG rosplan_dispatch_msgs/PlanActionResult[0m
[ 15%] [34m[1mGenerating Python from MSG rosplan_dispatch_msgs/ActionFeedback[0m
[ 16%] [34m[1mGenerating Python code from SRV rosplan_dispatch_msgs/ProblemService[0m
[ 17%] [34m[1mGenerating Python code from SRV rosplan_dispatch_msgs/PlanningService[0m
[ 18%] [34m[1mGenerating Python code from SRV rosplan_dispatch_msgs/GetPlanningParams[0m
[ 18%] [34m[1mGenerating Python code from SRV rosplan_dispatch_msgs/ParsingService[0m
[ 19%] [34m[1mGenerating Python code from SRV rosplan_dispatch_msgs/DispatchService[0m
[ 20%] [34m[1mGenerating Python msg __init__.py for rosplan_dispatch_msgs[0m
[ 21%] [34m[1mGenerating Python srv __init__.py for rosplan_dispatch_msgs[0m
[ 21%] Built target rosplan_dispatch_msgs_generate_messages_py
[35m[1mScanning dependencies of target rosplan_dispatch_msgs_generate_messages_lisp[0m
[ 22%] [34m[1mGenerating Lisp code from rosplan_dispatch_msgs/PlanActionFeedback.msg[0m
[ 23%] [34m[1mGenerating Lisp code from rosplan_dispatch_msgs/EsterelPlan.msg[0m
[ 23%] [34m[1mGenerating Lisp code from rosplan_dispatch_msgs/EsterelPlanNode.msg[0m
[ 24%] [34m[1mGenerating Lisp code from rosplan_dispatch_msgs/PlanFeedback.msg[0m
[ 25%] [34m[1mGenerating Lisp code from rosplan_dispatch_msgs/NonBlockingDispatchActionGoal.msg[0m
[ 25%] [34m[1mGenerating Lisp code from rosplan_dispatch_msgs/NonBlockingDispatchFeedback.msg[0m
[ 26%] [34m[1mGenerating Lisp code from rosplan_dispatch_msgs/NonBlockingDispatchActionResult.msg[0m
[ 27%] [34m[1mGenerating Lisp code from rosplan_dispatch_msgs/NonBlockingDispatchResult.msg[0m
[ 29%] [34m[1mGenerating Lisp code from rosplan_dispatch_msgs/PlanGoal.msg[0m
[ 29%] [34m[1mGenerating Lisp code from rosplan_dispatch_msgs/NonBlockingDispatchActionFeedback.msg[0m
[ 30%] [34m[1mGenerating Lisp code from rosplan_dispatch_msgs/NonBlockingDispatchAction.msg[0m
[ 31%] [34m[1mGenerating Lisp code from rosplan_dispatch_msgs/EsterelPlanEdge.msg[0m
[ 31%] [34m[1mGenerating Lisp code from rosplan_dispatch_msgs/PlanResult.msg[0m
[ 32%] [34m[1mGenerating Lisp code from rosplan_dispatch_msgs/PlanAction.msg[0m
[ 33%] [34m[1mGenerating Lisp code from rosplan_dispatch_msgs/PlanActionGoal.msg[0m
[ 34%] [34m[1mGenerating Lisp code from rosplan_dispatch_msgs/ActionDispatch.msg[0m
[ 34%] [34m[1mGenerating Lisp code from rosplan_dispatch_msgs/NonBlockingDispatchGoal.msg[0m
[ 35%] [34m[1mGenerating Lisp code from rosplan_dispatch_msgs/CompletePlan.msg[0m
[ 36%] [34m[1mGenerating Lisp code from rosplan_dispatch_msgs/PlanActionResult.msg[0m
[ 36%] [34m[1mGenerating Lisp code from rosplan_dispatch_msgs/ActionFeedback.msg[0m
[ 37%] [34m[1mGenerating Lisp code from rosplan_dispatch_msgs/ProblemService.srv[0m
[ 38%] [34m[1mGenerating Lisp code from rosplan_dispatch_msgs/PlanningService.srv[0m
[ 39%] [34m[1mGenerating Lisp code from rosplan_dispatch_msgs/GetPlanningParams.srv[0m
[ 39%] [34m[1mGenerating Lisp code from rosplan_dispatch_msgs/ParsingService.srv[0m
[ 40%] [34m[1mGenerating Lisp code from rosplan_dispatch_msgs/DispatchService.srv[0m
[ 40%] Built target rosplan_dispatch_msgs_generate_messages_lisp
[35m[1mScanning dependencies of target rosplan_dispatch_msgs_generate_messages_nodejs[0m
[ 41%] [34m[1mGenerating Javascript code from rosplan_dispatch_msgs/PlanActionFeedback.msg[0m
[ 43%] [34m[1mGenerating Javascript code from rosplan_dispatch_msgs/EsterelPlan.msg[0m
[ 43%] [34m[1mGenerating Javascript code from rosplan_dispatch_msgs/EsterelPlanNode.msg[0m
[ 44%] [34m[1mGenerating Javascript code from rosplan_dispatch_msgs/PlanFeedback.msg[0m
[ 45%] [34m[1mGenerating Javascript code from rosplan_dispatch_msgs/NonBlockingDispatchActionGoal.msg[0m
[ 45%] [34m[1mGenerating Javascript code from rosplan_dispatch_msgs/NonBlockingDispatchFeedback.msg[0m
[35m[1mScanning dependencies of target rosplan_dispatch_msgs_generate_messages_eus[0m
[ 46%] [34m[1mGenerating EusLisp code from rosplan_dispatch_msgs/PlanActionFeedback.msg[0m
[ 47%] [34m[1mGenerating Javascript code from rosplan_dispatch_msgs/NonBlockingDispatchActionResult.msg[0m
[ 48%] [34m[1mGenerating EusLisp code from rosplan_dispatch_msgs/EsterelPlan.msg[0m
[ 49%] [34m[1mGenerating Javascript code from rosplan_dispatch_msgs/NonBlockingDispatchResult.msg[0m
[ 50%] [34m[1mGenerating Javascript code from rosplan_dispatch_msgs/PlanGoal.msg[0m
[ 51%] [34m[1mGenerating EusLisp code from rosplan_dispatch_msgs/EsterelPlanNode.msg[0m
[ 51%] [34m[1mGenerating Javascript code from rosplan_dispatch_msgs/NonBlockingDispatchActionFeedback.msg[0m
[ 51%] [34m[1mGenerating EusLisp code from rosplan_dispatch_msgs/PlanFeedback.msg[0m
[ 52%] [34m[1mGenerating Javascript code from rosplan_dispatch_msgs/NonBlockingDispatchAction.msg[0m
[ 53%] [34m[1mGenerating Javascript code from rosplan_dispatch_msgs/EsterelPlanEdge.msg[0m
[ 54%] [34m[1mGenerating EusLisp code from rosplan_dispatch_msgs/NonBlockingDispatchActionGoal.msg[0m
[ 54%] [34m[1mGenerating Javascript code from rosplan_dispatch_msgs/PlanResult.msg[0m
[ 55%] [34m[1mGenerating EusLisp code from rosplan_dispatch_msgs/NonBlockingDispatchFeedback.msg[0m
[ 56%] [34m[1mGenerating Javascript code from rosplan_dispatch_msgs/PlanAction.msg[0m
[ 58%] [34m[1mGenerating Javascript code from rosplan_dispatch_msgs/PlanActionGoal.msg[0m
[ 58%] [34m[1mGenerating EusLisp code from rosplan_dispatch_msgs/NonBlockingDispatchActionResult.msg[0m
[ 59%] [34m[1mGenerating Javascript code from rosplan_dispatch_msgs/ActionDispatch.msg[0m
[ 60%] [34m[1mGenerating EusLisp code from rosplan_dispatch_msgs/NonBlockingDispatchResult.msg[0m
[ 60%] [34m[1mGenerating Javascript code from rosplan_dispatch_msgs/NonBlockingDispatchGoal.msg[0m
[ 61%] [34m[1mGenerating EusLisp code from rosplan_dispatch_msgs/PlanGoal.msg[0m
[ 62%] [34m[1mGenerating Javascript code from rosplan_dispatch_msgs/CompletePlan.msg[0m
[ 63%] [34m[1mGenerating Javascript code from rosplan_dispatch_msgs/PlanActionResult.msg[0m
[ 64%] [34m[1mGenerating EusLisp code from rosplan_dispatch_msgs/NonBlockingDispatchActionFeedback.msg[0m
[ 64%] [34m[1mGenerating Javascript code from rosplan_dispatch_msgs/ActionFeedback.msg[0m
[ 64%] [34m[1mGenerating EusLisp code from rosplan_dispatch_msgs/NonBlockingDispatchAction.msg[0m
[ 65%] [34m[1mGenerating Javascript code from rosplan_dispatch_msgs/ProblemService.srv[0m
[ 66%] [34m[1mGenerating Javascript code from rosplan_dispatch_msgs/PlanningService.srv[0m
[ 67%] [34m[1mGenerating EusLisp code from rosplan_dispatch_msgs/EsterelPlanEdge.msg[0m
[ 68%] [34m[1mGenerating Javascript code from rosplan_dispatch_msgs/GetPlanningParams.srv[0m
[ 68%] [34m[1mGenerating Javascript code from rosplan_dispatch_msgs/ParsingService.srv[0m
[ 69%] [34m[1mGenerating EusLisp code from rosplan_dispatch_msgs/PlanResult.msg[0m
[ 70%] [34m[1mGenerating Javascript code from rosplan_dispatch_msgs/DispatchService.srv[0m
[ 70%] [34m[1mGenerating EusLisp code from rosplan_dispatch_msgs/PlanAction.msg[0m
[ 70%] Built target rosplan_dispatch_msgs_generate_messages_nodejs
[35m[1mScanning dependencies of target rosplan_dispatch_msgs_generate_messages_cpp[0m
[ 72%] [34m[1mGenerating C++ code from rosplan_dispatch_msgs/PlanActionFeedback.msg[0m
[ 73%] [34m[1mGenerating EusLisp code from rosplan_dispatch_msgs/PlanActionGoal.msg[0m
[ 74%] [34m[1mGenerating EusLisp code from rosplan_dispatch_msgs/ActionDispatch.msg[0m
[ 75%] [34m[1mGenerating EusLisp code from rosplan_dispatch_msgs/NonBlockingDispatchGoal.msg[0m
[ 76%] [34m[1mGenerating C++ code from rosplan_dispatch_msgs/EsterelPlan.msg[0m
[ 77%] [34m[1mGenerating C++ code from rosplan_dispatch_msgs/EsterelPlanNode.msg[0m
[ 77%] [34m[1mGenerating EusLisp code from rosplan_dispatch_msgs/CompletePlan.msg[0m
[ 78%] [34m[1mGenerating EusLisp code from rosplan_dispatch_msgs/PlanActionResult.msg[0m
[ 78%] [34m[1mGenerating C++ code from rosplan_dispatch_msgs/PlanFeedback.msg[0m
[ 79%] [34m[1mGenerating EusLisp code from rosplan_dispatch_msgs/ActionFeedback.msg[0m
[ 80%] [34m[1mGenerating C++ code from rosplan_dispatch_msgs/NonBlockingDispatchActionGoal.msg[0m
[ 81%] [34m[1mGenerating EusLisp code from rosplan_dispatch_msgs/ProblemService.srv[0m
[ 82%] [34m[1mGenerating C++ code from rosplan_dispatch_msgs/NonBlockingDispatchFeedback.msg[0m
[ 82%] [34m[1mGenerating EusLisp code from rosplan_dispatch_msgs/PlanningService.srv[0m
[ 83%] [34m[1mGenerating EusLisp code from rosplan_dispatch_msgs/GetPlanningParams.srv[0m
[ 84%] [34m[1mGenerating EusLisp code from rosplan_dispatch_msgs/ParsingService.srv[0m
[ 84%] [34m[1mGenerating C++ code from rosplan_dispatch_msgs/NonBlockingDispatchActionResult.msg[0m
[ 86%] [34m[1mGenerating C++ code from rosplan_dispatch_msgs/NonBlockingDispatchResult.msg[0m
[ 86%] [34m[1mGenerating EusLisp code from rosplan_dispatch_msgs/DispatchService.srv[0m
[ 87%] [34m[1mGenerating EusLisp manifest code for rosplan_dispatch_msgs[0m
[ 88%] [34m[1mGenerating C++ code from rosplan_dispatch_msgs/PlanGoal.msg[0m
[ 89%] [34m[1mGenerating C++ code from rosplan_dispatch_msgs/NonBlockingDispatchActionFeedback.msg[0m
[ 89%] [34m[1mGenerating C++ code from rosplan_dispatch_msgs/NonBlockingDispatchAction.msg[0m
[ 90%] [34m[1mGenerating C++ code from rosplan_dispatch_msgs/EsterelPlanEdge.msg[0m
[ 91%] [34m[1mGenerating C++ code from rosplan_dispatch_msgs/PlanResult.msg[0m
[ 91%] [34m[1mGenerating C++ code from rosplan_dispatch_msgs/PlanAction.msg[0m
[ 91%] Built target rosplan_dispatch_msgs_generate_messages_eus
[ 92%] [34m[1mGenerating C++ code from rosplan_dispatch_msgs/PlanActionGoal.msg[0m
[ 93%] [34m[1mGenerating C++ code from rosplan_dispatch_msgs/ActionDispatch.msg[0m
[ 94%] [34m[1mGenerating C++ code from rosplan_dispatch_msgs/NonBlockingDispatchGoal.msg[0m
[ 94%] [34m[1mGenerating C++ code from rosplan_dispatch_msgs/CompletePlan.msg[0m
[ 95%] [34m[1mGenerating C++ code from rosplan_dispatch_msgs/PlanActionResult.msg[0m
[ 96%] [34m[1mGenerating C++ code from rosplan_dispatch_msgs/ActionFeedback.msg[0m
[ 97%] [34m[1mGenerating C++ code from rosplan_dispatch_msgs/ProblemService.srv[0m
[ 97%] [34m[1mGenerating C++ code from rosplan_dispatch_msgs/PlanningService.srv[0m
[ 98%] [34m[1mGenerating C++ code from rosplan_dispatch_msgs/GetPlanningParams.srv[0m
[100%] [34m[1mGenerating C++ code from rosplan_dispatch_msgs/ParsingService.srv[0m
[100%] [34m[1mGenerating C++ code from rosplan_dispatch_msgs/DispatchService.srv[0m
[100%] Built target rosplan_dispatch_msgs_generate_messages_cpp
[35m[1mScanning dependencies of target rosplan_dispatch_msgs_generate_messages[0m
[100%] Built target rosplan_dispatch_msgs_generate_messages
