Linked: (/home/glab/fetch_TAMP/devel/.private/path_navigation_msgs/include/path_navigation_msgs/PathExecutionFeedback.h, /home/glab/fetch_TAMP/devel/include/path_navigation_msgs/PathExecutionFeedback.h)
Linked: (/home/glab/fetch_TAMP/devel/.private/path_navigation_msgs/include/path_navigation_msgs/PathExecutionActionResult.h, /home/glab/fetch_TAMP/devel/include/path_navigation_msgs/PathExecutionActionResult.h)
Linked: (/home/glab/fetch_TAMP/devel/.private/path_navigation_msgs/include/path_navigation_msgs/PathExecutionActionFeedback.h, /home/glab/fetch_TAMP/devel/include/path_navigation_msgs/PathExecutionActionFeedback.h)
Linked: (/home/glab/fetch_TAMP/devel/.private/path_navigation_msgs/include/path_navigation_msgs/TransformPathExecutionActionFeedback.h, /home/glab/fetch_TAMP/devel/include/path_navigation_msgs/TransformPathExecutionActionFeedback.h)
Linked: (/home/glab/fetch_TAMP/devel/.private/path_navigation_msgs/include/path_navigation_msgs/PathExecutionGoal.h, /home/glab/fetch_TAMP/devel/include/path_navigation_msgs/PathExecutionGoal.h)
Linked: (/home/glab/fetch_TAMP/devel/.private/path_navigation_msgs/include/path_navigation_msgs/TransformPathExecutionAction.h, /home/glab/fetch_TAMP/devel/include/path_navigation_msgs/TransformPathExecutionAction.h)
Linked: (/home/glab/fetch_TAMP/devel/.private/path_navigation_msgs/include/path_navigation_msgs/PathExecutionAction.h, /home/glab/fetch_TAMP/devel/include/path_navigation_msgs/PathExecutionAction.h)
Linked: (/home/glab/fetch_TAMP/devel/.private/path_navigation_msgs/include/path_navigation_msgs/TransformPathExecutionActionResult.h, /home/glab/fetch_TAMP/devel/include/path_navigation_msgs/TransformPathExecutionActionResult.h)
Linked: (/home/glab/fetch_TAMP/devel/.private/path_navigation_msgs/include/path_navigation_msgs/TransformPathExecutionGoal.h, /home/glab/fetch_TAMP/devel/include/path_navigation_msgs/TransformPathExecutionGoal.h)
Linked: (/home/glab/fetch_TAMP/devel/.private/path_navigation_msgs/include/path_navigation_msgs/PathExecutionResult.h, /home/glab/fetch_TAMP/devel/include/path_navigation_msgs/PathExecutionResult.h)
Linked: (/home/glab/fetch_TAMP/devel/.private/path_navigation_msgs/include/path_navigation_msgs/PathExecutionActionGoal.h, /home/glab/fetch_TAMP/devel/include/path_navigation_msgs/PathExecutionActionGoal.h)
Linked: (/home/glab/fetch_TAMP/devel/.private/path_navigation_msgs/include/path_navigation_msgs/TransformPathExecutionResult.h, /home/glab/fetch_TAMP/devel/include/path_navigation_msgs/TransformPathExecutionResult.h)
Linked: (/home/glab/fetch_TAMP/devel/.private/path_navigation_msgs/include/path_navigation_msgs/TransformPathExecutionFeedback.h, /home/glab/fetch_TAMP/devel/include/path_navigation_msgs/TransformPathExecutionFeedback.h)
Linked: (/home/glab/fetch_TAMP/devel/.private/path_navigation_msgs/include/path_navigation_msgs/TransformPathExecutionActionGoal.h, /home/glab/fetch_TAMP/devel/include/path_navigation_msgs/TransformPathExecutionActionGoal.h)
Linked: (/home/glab/fetch_TAMP/devel/.private/path_navigation_msgs/share/path_navigation_msgs/msg/PathExecutionActionGoal.msg, /home/glab/fetch_TAMP/devel/share/path_navigation_msgs/msg/PathExecutionActionGoal.msg)
Linked: (/home/glab/fetch_TAMP/devel/.private/path_navigation_msgs/share/path_navigation_msgs/msg/PathExecutionFeedback.msg, /home/glab/fetch_TAMP/devel/share/path_navigation_msgs/msg/PathExecutionFeedback.msg)
Linked: (/home/glab/fetch_TAMP/devel/.private/path_navigation_msgs/share/path_navigation_msgs/msg/TransformPathExecutionFeedback.msg, /home/glab/fetch_TAMP/devel/share/path_navigation_msgs/msg/TransformPathExecutionFeedback.msg)
Linked: (/home/glab/fetch_TAMP/devel/.private/path_navigation_msgs/share/path_navigation_msgs/msg/PathExecutionActionFeedback.msg, /home/glab/fetch_TAMP/devel/share/path_navigation_msgs/msg/PathExecutionActionFeedback.msg)
Linked: (/home/glab/fetch_TAMP/devel/.private/path_navigation_msgs/share/path_navigation_msgs/msg/TransformPathExecutionResult.msg, /home/glab/fetch_TAMP/devel/share/path_navigation_msgs/msg/TransformPathExecutionResult.msg)
Linked: (/home/glab/fetch_TAMP/devel/.private/path_navigation_msgs/share/path_navigation_msgs/msg/TransformPathExecutionActionGoal.msg, /home/glab/fetch_TAMP/devel/share/path_navigation_msgs/msg/TransformPathExecutionActionGoal.msg)
Linked: (/home/glab/fetch_TAMP/devel/.private/path_navigation_msgs/share/path_navigation_msgs/msg/TransformPathExecutionActionResult.msg, /home/glab/fetch_TAMP/devel/share/path_navigation_msgs/msg/TransformPathExecutionActionResult.msg)
Linked: (/home/glab/fetch_TAMP/devel/.private/path_navigation_msgs/share/path_navigation_msgs/msg/PathExecutionGoal.msg, /home/glab/fetch_TAMP/devel/share/path_navigation_msgs/msg/PathExecutionGoal.msg)
Linked: (/home/glab/fetch_TAMP/devel/.private/path_navigation_msgs/share/path_navigation_msgs/msg/PathExecutionResult.msg, /home/glab/fetch_TAMP/devel/share/path_navigation_msgs/msg/PathExecutionResult.msg)
Linked: (/home/glab/fetch_TAMP/devel/.private/path_navigation_msgs/share/path_navigation_msgs/msg/PathExecutionAction.msg, /home/glab/fetch_TAMP/devel/share/path_navigation_msgs/msg/PathExecutionAction.msg)
Linked: (/home/glab/fetch_TAMP/devel/.private/path_navigation_msgs/share/path_navigation_msgs/msg/TransformPathExecutionGoal.msg, /home/glab/fetch_TAMP/devel/share/path_navigation_msgs/msg/TransformPathExecutionGoal.msg)
Linked: (/home/glab/fetch_TAMP/devel/.private/path_navigation_msgs/share/path_navigation_msgs/msg/TransformPathExecutionActionFeedback.msg, /home/glab/fetch_TAMP/devel/share/path_navigation_msgs/msg/TransformPathExecutionActionFeedback.msg)
Linked: (/home/glab/fetch_TAMP/devel/.private/path_navigation_msgs/share/path_navigation_msgs/msg/PathExecutionActionResult.msg, /home/glab/fetch_TAMP/devel/share/path_navigation_msgs/msg/PathExecutionActionResult.msg)
Linked: (/home/glab/fetch_TAMP/devel/.private/path_navigation_msgs/share/path_navigation_msgs/msg/TransformPathExecutionAction.msg, /home/glab/fetch_TAMP/devel/share/path_navigation_msgs/msg/TransformPathExecutionAction.msg)
Linked: (/home/glab/fetch_TAMP/devel/.private/path_navigation_msgs/share/path_navigation_msgs/cmake/path_navigation_msgs-msg-extras.cmake, /home/glab/fetch_TAMP/devel/share/path_navigation_msgs/cmake/path_navigation_msgs-msg-extras.cmake)
Linked: (/home/glab/fetch_TAMP/devel/.private/path_navigation_msgs/share/path_navigation_msgs/cmake/path_navigation_msgsConfig-version.cmake, /home/glab/fetch_TAMP/devel/share/path_navigation_msgs/cmake/path_navigation_msgsConfig-version.cmake)
Linked: (/home/glab/fetch_TAMP/devel/.private/path_navigation_msgs/share/path_navigation_msgs/cmake/path_navigation_msgs-msg-paths.cmake, /home/glab/fetch_TAMP/devel/share/path_navigation_msgs/cmake/path_navigation_msgs-msg-paths.cmake)
Linked: (/home/glab/fetch_TAMP/devel/.private/path_navigation_msgs/share/path_navigation_msgs/cmake/path_navigation_msgsConfig.cmake, /home/glab/fetch_TAMP/devel/share/path_navigation_msgs/cmake/path_navigation_msgsConfig.cmake)
Linked: (/home/glab/fetch_TAMP/devel/.private/path_navigation_msgs/share/common-lisp/ros/path_navigation_msgs/msg/PathExecutionGoal.lisp, /home/glab/fetch_TAMP/devel/share/common-lisp/ros/path_navigation_msgs/msg/PathExecutionGoal.lisp)
Linked: (/home/glab/fetch_TAMP/devel/.private/path_navigation_msgs/share/common-lisp/ros/path_navigation_msgs/msg/PathExecutionResult.lisp, /home/glab/fetch_TAMP/devel/share/common-lisp/ros/path_navigation_msgs/msg/PathExecutionResult.lisp)
Linked: (/home/glab/fetch_TAMP/devel/.private/path_navigation_msgs/share/common-lisp/ros/path_navigation_msgs/msg/TransformPathExecutionActionFeedback.lisp, /home/glab/fetch_TAMP/devel/share/common-lisp/ros/path_navigation_msgs/msg/TransformPathExecutionActionFeedback.lisp)
Linked: (/home/glab/fetch_TAMP/devel/.private/path_navigation_msgs/share/common-lisp/ros/path_navigation_msgs/msg/TransformPathExecutionAction.lisp, /home/glab/fetch_TAMP/devel/share/common-lisp/ros/path_navigation_msgs/msg/TransformPathExecutionAction.lisp)
Linked: (/home/glab/fetch_TAMP/devel/.private/path_navigation_msgs/share/common-lisp/ros/path_navigation_msgs/msg/path_navigation_msgs-msg.asd, /home/glab/fetch_TAMP/devel/share/common-lisp/ros/path_navigation_msgs/msg/path_navigation_msgs-msg.asd)
Linked: (/home/glab/fetch_TAMP/devel/.private/path_navigation_msgs/share/common-lisp/ros/path_navigation_msgs/msg/_package_PathExecutionResult.lisp, /home/glab/fetch_TAMP/devel/share/common-lisp/ros/path_navigation_msgs/msg/_package_PathExecutionResult.lisp)
Linked: (/home/glab/fetch_TAMP/devel/.private/path_navigation_msgs/share/common-lisp/ros/path_navigation_msgs/msg/_package_TransformPathExecutionGoal.lisp, /home/glab/fetch_TAMP/devel/share/common-lisp/ros/path_navigation_msgs/msg/_package_TransformPathExecutionGoal.lisp)
Linked: (/home/glab/fetch_TAMP/devel/.private/path_navigation_msgs/share/common-lisp/ros/path_navigation_msgs/msg/_package_PathExecutionActionResult.lisp, /home/glab/fetch_TAMP/devel/share/common-lisp/ros/path_navigation_msgs/msg/_package_PathExecutionActionResult.lisp)
Linked: (/home/glab/fetch_TAMP/devel/.private/path_navigation_msgs/share/common-lisp/ros/path_navigation_msgs/msg/_package_PathExecutionActionFeedback.lisp, /home/glab/fetch_TAMP/devel/share/common-lisp/ros/path_navigation_msgs/msg/_package_PathExecutionActionFeedback.lisp)
Linked: (/home/glab/fetch_TAMP/devel/.private/path_navigation_msgs/share/common-lisp/ros/path_navigation_msgs/msg/PathExecutionActionResult.lisp, /home/glab/fetch_TAMP/devel/share/common-lisp/ros/path_navigation_msgs/msg/PathExecutionActionResult.lisp)
Linked: (/home/glab/fetch_TAMP/devel/.private/path_navigation_msgs/share/common-lisp/ros/path_navigation_msgs/msg/PathExecutionFeedback.lisp, /home/glab/fetch_TAMP/devel/share/common-lisp/ros/path_navigation_msgs/msg/PathExecutionFeedback.lisp)
Linked: (/home/glab/fetch_TAMP/devel/.private/path_navigation_msgs/share/common-lisp/ros/path_navigation_msgs/msg/PathExecutionAction.lisp, /home/glab/fetch_TAMP/devel/share/common-lisp/ros/path_navigation_msgs/msg/PathExecutionAction.lisp)
Linked: (/home/glab/fetch_TAMP/devel/.private/path_navigation_msgs/share/common-lisp/ros/path_navigation_msgs/msg/_package_TransformPathExecutionFeedback.lisp, /home/glab/fetch_TAMP/devel/share/common-lisp/ros/path_navigation_msgs/msg/_package_TransformPathExecutionFeedback.lisp)
Linked: (/home/glab/fetch_TAMP/devel/.private/path_navigation_msgs/share/common-lisp/ros/path_navigation_msgs/msg/PathExecutionActionGoal.lisp, /home/glab/fetch_TAMP/devel/share/common-lisp/ros/path_navigation_msgs/msg/PathExecutionActionGoal.lisp)
Linked: (/home/glab/fetch_TAMP/devel/.private/path_navigation_msgs/share/common-lisp/ros/path_navigation_msgs/msg/_package_PathExecutionFeedback.lisp, /home/glab/fetch_TAMP/devel/share/common-lisp/ros/path_navigation_msgs/msg/_package_PathExecutionFeedback.lisp)
Linked: (/home/glab/fetch_TAMP/devel/.private/path_navigation_msgs/share/common-lisp/ros/path_navigation_msgs/msg/_package_TransformPathExecutionActionResult.lisp, /home/glab/fetch_TAMP/devel/share/common-lisp/ros/path_navigation_msgs/msg/_package_TransformPathExecutionActionResult.lisp)
Linked: (/home/glab/fetch_TAMP/devel/.private/path_navigation_msgs/share/common-lisp/ros/path_navigation_msgs/msg/_package_TransformPathExecutionActionFeedback.lisp, /home/glab/fetch_TAMP/devel/share/common-lisp/ros/path_navigation_msgs/msg/_package_TransformPathExecutionActionFeedback.lisp)
Linked: (/home/glab/fetch_TAMP/devel/.private/path_navigation_msgs/share/common-lisp/ros/path_navigation_msgs/msg/TransformPathExecutionFeedback.lisp, /home/glab/fetch_TAMP/devel/share/common-lisp/ros/path_navigation_msgs/msg/TransformPathExecutionFeedback.lisp)
Linked: (/home/glab/fetch_TAMP/devel/.private/path_navigation_msgs/share/common-lisp/ros/path_navigation_msgs/msg/_package.lisp, /home/glab/fetch_TAMP/devel/share/common-lisp/ros/path_navigation_msgs/msg/_package.lisp)
Linked: (/home/glab/fetch_TAMP/devel/.private/path_navigation_msgs/share/common-lisp/ros/path_navigation_msgs/msg/TransformPathExecutionActionGoal.lisp, /home/glab/fetch_TAMP/devel/share/common-lisp/ros/path_navigation_msgs/msg/TransformPathExecutionActionGoal.lisp)
Linked: (/home/glab/fetch_TAMP/devel/.private/path_navigation_msgs/share/common-lisp/ros/path_navigation_msgs/msg/_package_PathExecutionAction.lisp, /home/glab/fetch_TAMP/devel/share/common-lisp/ros/path_navigation_msgs/msg/_package_PathExecutionAction.lisp)
Linked: (/home/glab/fetch_TAMP/devel/.private/path_navigation_msgs/share/common-lisp/ros/path_navigation_msgs/msg/TransformPathExecutionResult.lisp, /home/glab/fetch_TAMP/devel/share/common-lisp/ros/path_navigation_msgs/msg/TransformPathExecutionResult.lisp)
Linked: (/home/glab/fetch_TAMP/devel/.private/path_navigation_msgs/share/common-lisp/ros/path_navigation_msgs/msg/_package_TransformPathExecutionActionGoal.lisp, /home/glab/fetch_TAMP/devel/share/common-lisp/ros/path_navigation_msgs/msg/_package_TransformPathExecutionActionGoal.lisp)
Linked: (/home/glab/fetch_TAMP/devel/.private/path_navigation_msgs/share/common-lisp/ros/path_navigation_msgs/msg/TransformPathExecutionActionResult.lisp, /home/glab/fetch_TAMP/devel/share/common-lisp/ros/path_navigation_msgs/msg/TransformPathExecutionActionResult.lisp)
Linked: (/home/glab/fetch_TAMP/devel/.private/path_navigation_msgs/share/common-lisp/ros/path_navigation_msgs/msg/_package_TransformPathExecutionResult.lisp, /home/glab/fetch_TAMP/devel/share/common-lisp/ros/path_navigation_msgs/msg/_package_TransformPathExecutionResult.lisp)
Linked: (/home/glab/fetch_TAMP/devel/.private/path_navigation_msgs/share/common-lisp/ros/path_navigation_msgs/msg/PathExecutionActionFeedback.lisp, /home/glab/fetch_TAMP/devel/share/common-lisp/ros/path_navigation_msgs/msg/PathExecutionActionFeedback.lisp)
Linked: (/home/glab/fetch_TAMP/devel/.private/path_navigation_msgs/share/common-lisp/ros/path_navigation_msgs/msg/TransformPathExecutionGoal.lisp, /home/glab/fetch_TAMP/devel/share/common-lisp/ros/path_navigation_msgs/msg/TransformPathExecutionGoal.lisp)
Linked: (/home/glab/fetch_TAMP/devel/.private/path_navigation_msgs/share/common-lisp/ros/path_navigation_msgs/msg/_package_TransformPathExecutionAction.lisp, /home/glab/fetch_TAMP/devel/share/common-lisp/ros/path_navigation_msgs/msg/_package_TransformPathExecutionAction.lisp)
Linked: (/home/glab/fetch_TAMP/devel/.private/path_navigation_msgs/share/common-lisp/ros/path_navigation_msgs/msg/_package_PathExecutionActionGoal.lisp, /home/glab/fetch_TAMP/devel/share/common-lisp/ros/path_navigation_msgs/msg/_package_PathExecutionActionGoal.lisp)
Linked: (/home/glab/fetch_TAMP/devel/.private/path_navigation_msgs/share/common-lisp/ros/path_navigation_msgs/msg/_package_PathExecutionGoal.lisp, /home/glab/fetch_TAMP/devel/share/common-lisp/ros/path_navigation_msgs/msg/_package_PathExecutionGoal.lisp)
Linked: (/home/glab/fetch_TAMP/devel/.private/path_navigation_msgs/share/roseus/ros/path_navigation_msgs/manifest.l, /home/glab/fetch_TAMP/devel/share/roseus/ros/path_navigation_msgs/manifest.l)
Linked: (/home/glab/fetch_TAMP/devel/.private/path_navigation_msgs/share/roseus/ros/path_navigation_msgs/msg/TransformPathExecutionGoal.l, /home/glab/fetch_TAMP/devel/share/roseus/ros/path_navigation_msgs/msg/TransformPathExecutionGoal.l)
Linked: (/home/glab/fetch_TAMP/devel/.private/path_navigation_msgs/share/roseus/ros/path_navigation_msgs/msg/PathExecutionActionGoal.l, /home/glab/fetch_TAMP/devel/share/roseus/ros/path_navigation_msgs/msg/PathExecutionActionGoal.l)
Linked: (/home/glab/fetch_TAMP/devel/.private/path_navigation_msgs/share/roseus/ros/path_navigation_msgs/msg/PathExecutionResult.l, /home/glab/fetch_TAMP/devel/share/roseus/ros/path_navigation_msgs/msg/PathExecutionResult.l)
Linked: (/home/glab/fetch_TAMP/devel/.private/path_navigation_msgs/share/roseus/ros/path_navigation_msgs/msg/TransformPathExecutionAction.l, /home/glab/fetch_TAMP/devel/share/roseus/ros/path_navigation_msgs/msg/TransformPathExecutionAction.l)
Linked: (/home/glab/fetch_TAMP/devel/.private/path_navigation_msgs/share/roseus/ros/path_navigation_msgs/msg/TransformPathExecutionActionFeedback.l, /home/glab/fetch_TAMP/devel/share/roseus/ros/path_navigation_msgs/msg/TransformPathExecutionActionFeedback.l)
Linked: (/home/glab/fetch_TAMP/devel/.private/path_navigation_msgs/share/roseus/ros/path_navigation_msgs/msg/TransformPathExecutionFeedback.l, /home/glab/fetch_TAMP/devel/share/roseus/ros/path_navigation_msgs/msg/TransformPathExecutionFeedback.l)
Linked: (/home/glab/fetch_TAMP/devel/.private/path_navigation_msgs/share/roseus/ros/path_navigation_msgs/msg/PathExecutionActionResult.l, /home/glab/fetch_TAMP/devel/share/roseus/ros/path_navigation_msgs/msg/PathExecutionActionResult.l)
Linked: (/home/glab/fetch_TAMP/devel/.private/path_navigation_msgs/share/roseus/ros/path_navigation_msgs/msg/PathExecutionAction.l, /home/glab/fetch_TAMP/devel/share/roseus/ros/path_navigation_msgs/msg/PathExecutionAction.l)
Linked: (/home/glab/fetch_TAMP/devel/.private/path_navigation_msgs/share/roseus/ros/path_navigation_msgs/msg/PathExecutionGoal.l, /home/glab/fetch_TAMP/devel/share/roseus/ros/path_navigation_msgs/msg/PathExecutionGoal.l)
Linked: (/home/glab/fetch_TAMP/devel/.private/path_navigation_msgs/share/roseus/ros/path_navigation_msgs/msg/PathExecutionActionFeedback.l, /home/glab/fetch_TAMP/devel/share/roseus/ros/path_navigation_msgs/msg/PathExecutionActionFeedback.l)
Linked: (/home/glab/fetch_TAMP/devel/.private/path_navigation_msgs/share/roseus/ros/path_navigation_msgs/msg/TransformPathExecutionResult.l, /home/glab/fetch_TAMP/devel/share/roseus/ros/path_navigation_msgs/msg/TransformPathExecutionResult.l)
Linked: (/home/glab/fetch_TAMP/devel/.private/path_navigation_msgs/share/roseus/ros/path_navigation_msgs/msg/PathExecutionFeedback.l, /home/glab/fetch_TAMP/devel/share/roseus/ros/path_navigation_msgs/msg/PathExecutionFeedback.l)
Linked: (/home/glab/fetch_TAMP/devel/.private/path_navigation_msgs/share/roseus/ros/path_navigation_msgs/msg/TransformPathExecutionActionGoal.l, /home/glab/fetch_TAMP/devel/share/roseus/ros/path_navigation_msgs/msg/TransformPathExecutionActionGoal.l)
Linked: (/home/glab/fetch_TAMP/devel/.private/path_navigation_msgs/share/roseus/ros/path_navigation_msgs/msg/TransformPathExecutionActionResult.l, /home/glab/fetch_TAMP/devel/share/roseus/ros/path_navigation_msgs/msg/TransformPathExecutionActionResult.l)
Linked: (/home/glab/fetch_TAMP/devel/.private/path_navigation_msgs/share/gennodejs/ros/path_navigation_msgs/_index.js, /home/glab/fetch_TAMP/devel/share/gennodejs/ros/path_navigation_msgs/_index.js)
Linked: (/home/glab/fetch_TAMP/devel/.private/path_navigation_msgs/share/gennodejs/ros/path_navigation_msgs/msg/PathExecutionActionResult.js, /home/glab/fetch_TAMP/devel/share/gennodejs/ros/path_navigation_msgs/msg/PathExecutionActionResult.js)
Linked: (/home/glab/fetch_TAMP/devel/.private/path_navigation_msgs/share/gennodejs/ros/path_navigation_msgs/msg/TransformPathExecutionAction.js, /home/glab/fetch_TAMP/devel/share/gennodejs/ros/path_navigation_msgs/msg/TransformPathExecutionAction.js)
Linked: (/home/glab/fetch_TAMP/devel/.private/path_navigation_msgs/share/gennodejs/ros/path_navigation_msgs/msg/TransformPathExecutionResult.js, /home/glab/fetch_TAMP/devel/share/gennodejs/ros/path_navigation_msgs/msg/TransformPathExecutionResult.js)
Linked: (/home/glab/fetch_TAMP/devel/.private/path_navigation_msgs/share/gennodejs/ros/path_navigation_msgs/msg/PathExecutionGoal.js, /home/glab/fetch_TAMP/devel/share/gennodejs/ros/path_navigation_msgs/msg/PathExecutionGoal.js)
Linked: (/home/glab/fetch_TAMP/devel/.private/path_navigation_msgs/share/gennodejs/ros/path_navigation_msgs/msg/TransformPathExecutionActionGoal.js, /home/glab/fetch_TAMP/devel/share/gennodejs/ros/path_navigation_msgs/msg/TransformPathExecutionActionGoal.js)
Linked: (/home/glab/fetch_TAMP/devel/.private/path_navigation_msgs/share/gennodejs/ros/path_navigation_msgs/msg/TransformPathExecutionFeedback.js, /home/glab/fetch_TAMP/devel/share/gennodejs/ros/path_navigation_msgs/msg/TransformPathExecutionFeedback.js)
Linked: (/home/glab/fetch_TAMP/devel/.private/path_navigation_msgs/share/gennodejs/ros/path_navigation_msgs/msg/PathExecutionActionFeedback.js, /home/glab/fetch_TAMP/devel/share/gennodejs/ros/path_navigation_msgs/msg/PathExecutionActionFeedback.js)
Linked: (/home/glab/fetch_TAMP/devel/.private/path_navigation_msgs/share/gennodejs/ros/path_navigation_msgs/msg/PathExecutionFeedback.js, /home/glab/fetch_TAMP/devel/share/gennodejs/ros/path_navigation_msgs/msg/PathExecutionFeedback.js)
Linked: (/home/glab/fetch_TAMP/devel/.private/path_navigation_msgs/share/gennodejs/ros/path_navigation_msgs/msg/TransformPathExecutionGoal.js, /home/glab/fetch_TAMP/devel/share/gennodejs/ros/path_navigation_msgs/msg/TransformPathExecutionGoal.js)
Linked: (/home/glab/fetch_TAMP/devel/.private/path_navigation_msgs/share/gennodejs/ros/path_navigation_msgs/msg/_index.js, /home/glab/fetch_TAMP/devel/share/gennodejs/ros/path_navigation_msgs/msg/_index.js)
Linked: (/home/glab/fetch_TAMP/devel/.private/path_navigation_msgs/share/gennodejs/ros/path_navigation_msgs/msg/TransformPathExecutionActionResult.js, /home/glab/fetch_TAMP/devel/share/gennodejs/ros/path_navigation_msgs/msg/TransformPathExecutionActionResult.js)
Linked: (/home/glab/fetch_TAMP/devel/.private/path_navigation_msgs/share/gennodejs/ros/path_navigation_msgs/msg/TransformPathExecutionActionFeedback.js, /home/glab/fetch_TAMP/devel/share/gennodejs/ros/path_navigation_msgs/msg/TransformPathExecutionActionFeedback.js)
Linked: (/home/glab/fetch_TAMP/devel/.private/path_navigation_msgs/share/gennodejs/ros/path_navigation_msgs/msg/PathExecutionResult.js, /home/glab/fetch_TAMP/devel/share/gennodejs/ros/path_navigation_msgs/msg/PathExecutionResult.js)
Linked: (/home/glab/fetch_TAMP/devel/.private/path_navigation_msgs/share/gennodejs/ros/path_navigation_msgs/msg/PathExecutionAction.js, /home/glab/fetch_TAMP/devel/share/gennodejs/ros/path_navigation_msgs/msg/PathExecutionAction.js)
Linked: (/home/glab/fetch_TAMP/devel/.private/path_navigation_msgs/share/gennodejs/ros/path_navigation_msgs/msg/PathExecutionActionGoal.js, /home/glab/fetch_TAMP/devel/share/gennodejs/ros/path_navigation_msgs/msg/PathExecutionActionGoal.js)
Linked: (/home/glab/fetch_TAMP/devel/.private/path_navigation_msgs/lib/python2.7/dist-packages/path_navigation_msgs/__init__.py, /home/glab/fetch_TAMP/devel/lib/python2.7/dist-packages/path_navigation_msgs/__init__.py)
Linked: (/home/glab/fetch_TAMP/devel/.private/path_navigation_msgs/lib/python2.7/dist-packages/path_navigation_msgs/msg/_TransformPathExecutionActionResult.py, /home/glab/fetch_TAMP/devel/lib/python2.7/dist-packages/path_navigation_msgs/msg/_TransformPathExecutionActionResult.py)
Linked: (/home/glab/fetch_TAMP/devel/.private/path_navigation_msgs/lib/python2.7/dist-packages/path_navigation_msgs/msg/_TransformPathExecutionResult.py, /home/glab/fetch_TAMP/devel/lib/python2.7/dist-packages/path_navigation_msgs/msg/_TransformPathExecutionResult.py)
Linked: (/home/glab/fetch_TAMP/devel/.private/path_navigation_msgs/lib/python2.7/dist-packages/path_navigation_msgs/msg/_TransformPathExecutionActionFeedback.py, /home/glab/fetch_TAMP/devel/lib/python2.7/dist-packages/path_navigation_msgs/msg/_TransformPathExecutionActionFeedback.py)
Linked: (/home/glab/fetch_TAMP/devel/.private/path_navigation_msgs/lib/python2.7/dist-packages/path_navigation_msgs/msg/__init__.py, /home/glab/fetch_TAMP/devel/lib/python2.7/dist-packages/path_navigation_msgs/msg/__init__.py)
Linked: (/home/glab/fetch_TAMP/devel/.private/path_navigation_msgs/lib/python2.7/dist-packages/path_navigation_msgs/msg/_TransformPathExecutionActionGoal.py, /home/glab/fetch_TAMP/devel/lib/python2.7/dist-packages/path_navigation_msgs/msg/_TransformPathExecutionActionGoal.py)
Linked: (/home/glab/fetch_TAMP/devel/.private/path_navigation_msgs/lib/python2.7/dist-packages/path_navigation_msgs/msg/_PathExecutionFeedback.py, /home/glab/fetch_TAMP/devel/lib/python2.7/dist-packages/path_navigation_msgs/msg/_PathExecutionFeedback.py)
Linked: (/home/glab/fetch_TAMP/devel/.private/path_navigation_msgs/lib/python2.7/dist-packages/path_navigation_msgs/msg/_TransformPathExecutionAction.py, /home/glab/fetch_TAMP/devel/lib/python2.7/dist-packages/path_navigation_msgs/msg/_TransformPathExecutionAction.py)
Linked: (/home/glab/fetch_TAMP/devel/.private/path_navigation_msgs/lib/python2.7/dist-packages/path_navigation_msgs/msg/_PathExecutionGoal.py, /home/glab/fetch_TAMP/devel/lib/python2.7/dist-packages/path_navigation_msgs/msg/_PathExecutionGoal.py)
Linked: (/home/glab/fetch_TAMP/devel/.private/path_navigation_msgs/lib/python2.7/dist-packages/path_navigation_msgs/msg/_PathExecutionAction.py, /home/glab/fetch_TAMP/devel/lib/python2.7/dist-packages/path_navigation_msgs/msg/_PathExecutionAction.py)
Linked: (/home/glab/fetch_TAMP/devel/.private/path_navigation_msgs/lib/python2.7/dist-packages/path_navigation_msgs/msg/_PathExecutionActionFeedback.py, /home/glab/fetch_TAMP/devel/lib/python2.7/dist-packages/path_navigation_msgs/msg/_PathExecutionActionFeedback.py)
Linked: (/home/glab/fetch_TAMP/devel/.private/path_navigation_msgs/lib/python2.7/dist-packages/path_navigation_msgs/msg/_PathExecutionActionGoal.py, /home/glab/fetch_TAMP/devel/lib/python2.7/dist-packages/path_navigation_msgs/msg/_PathExecutionActionGoal.py)
Linked: (/home/glab/fetch_TAMP/devel/.private/path_navigation_msgs/lib/python2.7/dist-packages/path_navigation_msgs/msg/_PathExecutionResult.py, /home/glab/fetch_TAMP/devel/lib/python2.7/dist-packages/path_navigation_msgs/msg/_PathExecutionResult.py)
Linked: (/home/glab/fetch_TAMP/devel/.private/path_navigation_msgs/lib/python2.7/dist-packages/path_navigation_msgs/msg/_PathExecutionActionResult.py, /home/glab/fetch_TAMP/devel/lib/python2.7/dist-packages/path_navigation_msgs/msg/_PathExecutionActionResult.py)
Linked: (/home/glab/fetch_TAMP/devel/.private/path_navigation_msgs/lib/python2.7/dist-packages/path_navigation_msgs/msg/_TransformPathExecutionGoal.py, /home/glab/fetch_TAMP/devel/lib/python2.7/dist-packages/path_navigation_msgs/msg/_TransformPathExecutionGoal.py)
Linked: (/home/glab/fetch_TAMP/devel/.private/path_navigation_msgs/lib/python2.7/dist-packages/path_navigation_msgs/msg/_TransformPathExecutionFeedback.py, /home/glab/fetch_TAMP/devel/lib/python2.7/dist-packages/path_navigation_msgs/msg/_TransformPathExecutionFeedback.py)
Linked: (/home/glab/fetch_TAMP/devel/.private/path_navigation_msgs/lib/pkgconfig/path_navigation_msgs.pc, /home/glab/fetch_TAMP/devel/lib/pkgconfig/path_navigation_msgs.pc)
