Determining if the pthread_create exist failed with the following output:
Change Dir: /home/glab/fetch_TAMP/build/fetch_maps/CMakeFiles/CMakeTmp

Run Build Command:"/usr/bin/make" "cmTC_b073e/fast"
/usr/bin/make -f CMakeFiles/cmTC_b073e.dir/build.make CMakeFiles/cmTC_b073e.dir/build
make[1]: 디렉터리 '/home/glab/fetch_TAMP/build/fetch_maps/CMakeFiles/CMakeTmp' 들어감
Building C object CMakeFiles/cmTC_b073e.dir/CheckSymbolExists.c.o
/usr/bin/cc    -o CMakeFiles/cmTC_b073e.dir/CheckSymbolExists.c.o   -c /home/glab/fetch_TAMP/build/fetch_maps/CMakeFiles/CMakeTmp/CheckSymbolExists.c
Linking C executable cmTC_b073e
/usr/bin/cmake -E cmake_link_script CMakeFiles/cmTC_b073e.dir/link.txt --verbose=1
/usr/bin/cc      -rdynamic CMakeFiles/cmTC_b073e.dir/CheckSymbolExists.c.o  -o cmTC_b073e 
CMakeFiles/cmTC_b073e.dir/CheckSymbolExists.c.o: In function `main':
CheckSymbolExists.c:(.text+0x1b): undefined reference to `pthread_create'
collect2: error: ld returned 1 exit status
CMakeFiles/cmTC_b073e.dir/build.make:97: recipe for target 'cmTC_b073e' failed
make[1]: *** [cmTC_b073e] Error 1
make[1]: 디렉터리 '/home/glab/fetch_TAMP/build/fetch_maps/CMakeFiles/CMakeTmp' 나감
Makefile:126: recipe for target 'cmTC_b073e/fast' failed
make: *** [cmTC_b073e/fast] Error 2

File /home/glab/fetch_TAMP/build/fetch_maps/CMakeFiles/CMakeTmp/CheckSymbolExists.c:
/* */
#include <pthread.h>

int main(int argc, char** argv)
{
  (void)argv;
#ifndef pthread_create
  return ((int*)(&pthread_create))[argc];
#else
  (void)argc;
  return 0;
#endif
}

Determining if the function pthread_create exists in the pthreads failed with the following output:
Change Dir: /home/glab/fetch_TAMP/build/fetch_maps/CMakeFiles/CMakeTmp

Run Build Command:"/usr/bin/make" "cmTC_56f56/fast"
/usr/bin/make -f CMakeFiles/cmTC_56f56.dir/build.make CMakeFiles/cmTC_56f56.dir/build
make[1]: 디렉터리 '/home/glab/fetch_TAMP/build/fetch_maps/CMakeFiles/CMakeTmp' 들어감
Building C object CMakeFiles/cmTC_56f56.dir/CheckFunctionExists.c.o
/usr/bin/cc   -DCHECK_FUNCTION_EXISTS=pthread_create   -o CMakeFiles/cmTC_56f56.dir/CheckFunctionExists.c.o   -c /usr/share/cmake-3.10/Modules/CheckFunctionExists.c
Linking C executable cmTC_56f56
/usr/bin/cmake -E cmake_link_script CMakeFiles/cmTC_56f56.dir/link.txt --verbose=1
/usr/bin/cc  -DCHECK_FUNCTION_EXISTS=pthread_create    -rdynamic CMakeFiles/cmTC_56f56.dir/CheckFunctionExists.c.o  -o cmTC_56f56 -lpthreads 
/usr/bin/ld: cannot find -lpthreads
collect2: error: ld returned 1 exit status
CMakeFiles/cmTC_56f56.dir/build.make:97: recipe for target 'cmTC_56f56' failed
make[1]: *** [cmTC_56f56] Error 1
make[1]: 디렉터리 '/home/glab/fetch_TAMP/build/fetch_maps/CMakeFiles/CMakeTmp' 나감
Makefile:126: recipe for target 'cmTC_56f56/fast' failed
make: *** [cmTC_56f56/fast] Error 2


