Determining if the pthread_create exist failed with the following output:
Change Dir: /home/glab/fetch_TAMP/build/fetchit_challenge/CMakeFiles/CMakeTmp

Run Build Command:"/usr/bin/make" "cmTC_c5fb8/fast"
/usr/bin/make -f CMakeFiles/cmTC_c5fb8.dir/build.make CMakeFiles/cmTC_c5fb8.dir/build
make[1]: 디렉터리 '/home/glab/fetch_TAMP/build/fetchit_challenge/CMakeFiles/CMakeTmp' 들어감
Building C object CMakeFiles/cmTC_c5fb8.dir/CheckSymbolExists.c.o
/usr/bin/cc    -o CMakeFiles/cmTC_c5fb8.dir/CheckSymbolExists.c.o   -c /home/glab/fetch_TAMP/build/fetchit_challenge/CMakeFiles/CMakeTmp/CheckSymbolExists.c
Linking C executable cmTC_c5fb8
/usr/bin/cmake -E cmake_link_script CMakeFiles/cmTC_c5fb8.dir/link.txt --verbose=1
/usr/bin/cc      -rdynamic CMakeFiles/cmTC_c5fb8.dir/CheckSymbolExists.c.o  -o cmTC_c5fb8 
CMakeFiles/cmTC_c5fb8.dir/CheckSymbolExists.c.o: In function `main':
CheckSymbolExists.c:(.text+0x1b): undefined reference to `pthread_create'
collect2: error: ld returned 1 exit status
CMakeFiles/cmTC_c5fb8.dir/build.make:97: recipe for target 'cmTC_c5fb8' failed
make[1]: *** [cmTC_c5fb8] Error 1
make[1]: 디렉터리 '/home/glab/fetch_TAMP/build/fetchit_challenge/CMakeFiles/CMakeTmp' 나감
Makefile:126: recipe for target 'cmTC_c5fb8/fast' failed
make: *** [cmTC_c5fb8/fast] Error 2

File /home/glab/fetch_TAMP/build/fetchit_challenge/CMakeFiles/CMakeTmp/CheckSymbolExists.c:
/* */
#include <pthread.h>

int main(int argc, char** argv)
{
  (void)argv;
#ifndef pthread_create
  return ((int*)(&pthread_create))[argc];
#else
  (void)argc;
  return 0;
#endif
}

Determining if the function pthread_create exists in the pthreads failed with the following output:
Change Dir: /home/glab/fetch_TAMP/build/fetchit_challenge/CMakeFiles/CMakeTmp

Run Build Command:"/usr/bin/make" "cmTC_4f097/fast"
/usr/bin/make -f CMakeFiles/cmTC_4f097.dir/build.make CMakeFiles/cmTC_4f097.dir/build
make[1]: 디렉터리 '/home/glab/fetch_TAMP/build/fetchit_challenge/CMakeFiles/CMakeTmp' 들어감
Building C object CMakeFiles/cmTC_4f097.dir/CheckFunctionExists.c.o
/usr/bin/cc   -DCHECK_FUNCTION_EXISTS=pthread_create   -o CMakeFiles/cmTC_4f097.dir/CheckFunctionExists.c.o   -c /usr/share/cmake-3.10/Modules/CheckFunctionExists.c
Linking C executable cmTC_4f097
/usr/bin/cmake -E cmake_link_script CMakeFiles/cmTC_4f097.dir/link.txt --verbose=1
/usr/bin/cc  -DCHECK_FUNCTION_EXISTS=pthread_create    -rdynamic CMakeFiles/cmTC_4f097.dir/CheckFunctionExists.c.o  -o cmTC_4f097 -lpthreads 
/usr/bin/ld: cannot find -lpthreads
collect2: error: ld returned 1 exit status
CMakeFiles/cmTC_4f097.dir/build.make:97: recipe for target 'cmTC_4f097' failed
make[1]: *** [cmTC_4f097] Error 1
make[1]: 디렉터리 '/home/glab/fetch_TAMP/build/fetchit_challenge/CMakeFiles/CMakeTmp' 나감
Makefile:126: recipe for target 'cmTC_4f097/fast' failed
make: *** [cmTC_4f097/fast] Error 2


