Determining if the pthread_create exist failed with the following output:
Change Dir: /home/glab/fetch_TAMP/build/fetch_description/CMakeFiles/CMakeTmp

Run Build Command:"/usr/bin/make" "cmTC_8568d/fast"
/usr/bin/make -f CMakeFiles/cmTC_8568d.dir/build.make CMakeFiles/cmTC_8568d.dir/build
make[1]: 디렉터리 '/home/glab/fetch_TAMP/build/fetch_description/CMakeFiles/CMakeTmp' 들어감
Building C object CMakeFiles/cmTC_8568d.dir/CheckSymbolExists.c.o
/usr/bin/cc    -o CMakeFiles/cmTC_8568d.dir/CheckSymbolExists.c.o   -c /home/glab/fetch_TAMP/build/fetch_description/CMakeFiles/CMakeTmp/CheckSymbolExists.c
Linking C executable cmTC_8568d
/usr/bin/cmake -E cmake_link_script CMakeFiles/cmTC_8568d.dir/link.txt --verbose=1
/usr/bin/cc      -rdynamic CMakeFiles/cmTC_8568d.dir/CheckSymbolExists.c.o  -o cmTC_8568d 
CMakeFiles/cmTC_8568d.dir/CheckSymbolExists.c.o: In function `main':
CheckSymbolExists.c:(.text+0x1b): undefined reference to `pthread_create'
collect2: error: ld returned 1 exit status
CMakeFiles/cmTC_8568d.dir/build.make:97: recipe for target 'cmTC_8568d' failed
make[1]: *** [cmTC_8568d] Error 1
make[1]: 디렉터리 '/home/glab/fetch_TAMP/build/fetch_description/CMakeFiles/CMakeTmp' 나감
Makefile:126: recipe for target 'cmTC_8568d/fast' failed
make: *** [cmTC_8568d/fast] Error 2

File /home/glab/fetch_TAMP/build/fetch_description/CMakeFiles/CMakeTmp/CheckSymbolExists.c:
/* */
#include <pthread.h>

int main(int argc, char** argv)
{
  (void)argv;
#ifndef pthread_create
  return ((int*)(&pthread_create))[argc];
#else
  (void)argc;
  return 0;
#endif
}

Determining if the function pthread_create exists in the pthreads failed with the following output:
Change Dir: /home/glab/fetch_TAMP/build/fetch_description/CMakeFiles/CMakeTmp

Run Build Command:"/usr/bin/make" "cmTC_05e82/fast"
/usr/bin/make -f CMakeFiles/cmTC_05e82.dir/build.make CMakeFiles/cmTC_05e82.dir/build
make[1]: 디렉터리 '/home/glab/fetch_TAMP/build/fetch_description/CMakeFiles/CMakeTmp' 들어감
Building C object CMakeFiles/cmTC_05e82.dir/CheckFunctionExists.c.o
/usr/bin/cc   -DCHECK_FUNCTION_EXISTS=pthread_create   -o CMakeFiles/cmTC_05e82.dir/CheckFunctionExists.c.o   -c /usr/share/cmake-3.10/Modules/CheckFunctionExists.c
Linking C executable cmTC_05e82
/usr/bin/cmake -E cmake_link_script CMakeFiles/cmTC_05e82.dir/link.txt --verbose=1
/usr/bin/cc  -DCHECK_FUNCTION_EXISTS=pthread_create    -rdynamic CMakeFiles/cmTC_05e82.dir/CheckFunctionExists.c.o  -o cmTC_05e82 -lpthreads 
/usr/bin/ld: cannot find -lpthreads
collect2: error: ld returned 1 exit status
CMakeFiles/cmTC_05e82.dir/build.make:97: recipe for target 'cmTC_05e82' failed
make[1]: *** [cmTC_05e82] Error 1
make[1]: 디렉터리 '/home/glab/fetch_TAMP/build/fetch_description/CMakeFiles/CMakeTmp' 나감
Makefile:126: recipe for target 'cmTC_05e82/fast' failed
make: *** [cmTC_05e82/fast] Error 2


