Determining if the pthread_create exist failed with the following output:
Change Dir: /home/glab/fetch_TAMP/build/panda_moveit_config/CMakeFiles/CMakeTmp

Run Build Command:"/usr/bin/make" "cmTC_2dc9e/fast"
/usr/bin/make -f CMakeFiles/cmTC_2dc9e.dir/build.make CMakeFiles/cmTC_2dc9e.dir/build
make[1]: 디렉터리 '/home/glab/fetch_TAMP/build/panda_moveit_config/CMakeFiles/CMakeTmp' 들어감
Building C object CMakeFiles/cmTC_2dc9e.dir/CheckSymbolExists.c.o
/usr/bin/cc    -o CMakeFiles/cmTC_2dc9e.dir/CheckSymbolExists.c.o   -c /home/glab/fetch_TAMP/build/panda_moveit_config/CMakeFiles/CMakeTmp/CheckSymbolExists.c
Linking C executable cmTC_2dc9e
/usr/bin/cmake -E cmake_link_script CMakeFiles/cmTC_2dc9e.dir/link.txt --verbose=1
/usr/bin/cc      -rdynamic CMakeFiles/cmTC_2dc9e.dir/CheckSymbolExists.c.o  -o cmTC_2dc9e 
CMakeFiles/cmTC_2dc9e.dir/CheckSymbolExists.c.o: In function `main':
CheckSymbolExists.c:(.text+0x1b): undefined reference to `pthread_create'
collect2: error: ld returned 1 exit status
CMakeFiles/cmTC_2dc9e.dir/build.make:97: recipe for target 'cmTC_2dc9e' failed
make[1]: *** [cmTC_2dc9e] Error 1
make[1]: 디렉터리 '/home/glab/fetch_TAMP/build/panda_moveit_config/CMakeFiles/CMakeTmp' 나감
Makefile:126: recipe for target 'cmTC_2dc9e/fast' failed
make: *** [cmTC_2dc9e/fast] Error 2

File /home/glab/fetch_TAMP/build/panda_moveit_config/CMakeFiles/CMakeTmp/CheckSymbolExists.c:
/* */
#include <pthread.h>

int main(int argc, char** argv)
{
  (void)argv;
#ifndef pthread_create
  return ((int*)(&pthread_create))[argc];
#else
  (void)argc;
  return 0;
#endif
}

Determining if the function pthread_create exists in the pthreads failed with the following output:
Change Dir: /home/glab/fetch_TAMP/build/panda_moveit_config/CMakeFiles/CMakeTmp

Run Build Command:"/usr/bin/make" "cmTC_7738e/fast"
/usr/bin/make -f CMakeFiles/cmTC_7738e.dir/build.make CMakeFiles/cmTC_7738e.dir/build
make[1]: 디렉터리 '/home/glab/fetch_TAMP/build/panda_moveit_config/CMakeFiles/CMakeTmp' 들어감
Building C object CMakeFiles/cmTC_7738e.dir/CheckFunctionExists.c.o
/usr/bin/cc   -DCHECK_FUNCTION_EXISTS=pthread_create   -o CMakeFiles/cmTC_7738e.dir/CheckFunctionExists.c.o   -c /usr/share/cmake-3.10/Modules/CheckFunctionExists.c
Linking C executable cmTC_7738e
/usr/bin/cmake -E cmake_link_script CMakeFiles/cmTC_7738e.dir/link.txt --verbose=1
/usr/bin/cc  -DCHECK_FUNCTION_EXISTS=pthread_create    -rdynamic CMakeFiles/cmTC_7738e.dir/CheckFunctionExists.c.o  -o cmTC_7738e -lpthreads 
/usr/bin/ld: cannot find -lpthreads
collect2: error: ld returned 1 exit status
CMakeFiles/cmTC_7738e.dir/build.make:97: recipe for target 'cmTC_7738e' failed
make[1]: *** [cmTC_7738e] Error 1
make[1]: 디렉터리 '/home/glab/fetch_TAMP/build/panda_moveit_config/CMakeFiles/CMakeTmp' 나감
Makefile:126: recipe for target 'cmTC_7738e/fast' failed
make: *** [cmTC_7738e/fast] Error 2


