Determining if the pthread_create exist failed with the following output:
Change Dir: /home/glab/fetch_TAMP/build/fetch_moveit_config/CMakeFiles/CMakeTmp

Run Build Command:"/usr/bin/make" "cmTC_3467a/fast"
/usr/bin/make -f CMakeFiles/cmTC_3467a.dir/build.make CMakeFiles/cmTC_3467a.dir/build
make[1]: 디렉터리 '/home/glab/fetch_TAMP/build/fetch_moveit_config/CMakeFiles/CMakeTmp' 들어감
Building C object CMakeFiles/cmTC_3467a.dir/CheckSymbolExists.c.o
/usr/bin/cc    -o CMakeFiles/cmTC_3467a.dir/CheckSymbolExists.c.o   -c /home/glab/fetch_TAMP/build/fetch_moveit_config/CMakeFiles/CMakeTmp/CheckSymbolExists.c
Linking C executable cmTC_3467a
/usr/bin/cmake -E cmake_link_script CMakeFiles/cmTC_3467a.dir/link.txt --verbose=1
/usr/bin/cc      -rdynamic CMakeFiles/cmTC_3467a.dir/CheckSymbolExists.c.o  -o cmTC_3467a 
CMakeFiles/cmTC_3467a.dir/CheckSymbolExists.c.o: In function `main':
CheckSymbolExists.c:(.text+0x1b): undefined reference to `pthread_create'
collect2: error: ld returned 1 exit status
CMakeFiles/cmTC_3467a.dir/build.make:97: recipe for target 'cmTC_3467a' failed
make[1]: *** [cmTC_3467a] Error 1
make[1]: 디렉터리 '/home/glab/fetch_TAMP/build/fetch_moveit_config/CMakeFiles/CMakeTmp' 나감
Makefile:126: recipe for target 'cmTC_3467a/fast' failed
make: *** [cmTC_3467a/fast] Error 2

File /home/glab/fetch_TAMP/build/fetch_moveit_config/CMakeFiles/CMakeTmp/CheckSymbolExists.c:
/* */
#include <pthread.h>

int main(int argc, char** argv)
{
  (void)argv;
#ifndef pthread_create
  return ((int*)(&pthread_create))[argc];
#else
  (void)argc;
  return 0;
#endif
}

Determining if the function pthread_create exists in the pthreads failed with the following output:
Change Dir: /home/glab/fetch_TAMP/build/fetch_moveit_config/CMakeFiles/CMakeTmp

Run Build Command:"/usr/bin/make" "cmTC_ddf4b/fast"
/usr/bin/make -f CMakeFiles/cmTC_ddf4b.dir/build.make CMakeFiles/cmTC_ddf4b.dir/build
make[1]: 디렉터리 '/home/glab/fetch_TAMP/build/fetch_moveit_config/CMakeFiles/CMakeTmp' 들어감
Building C object CMakeFiles/cmTC_ddf4b.dir/CheckFunctionExists.c.o
/usr/bin/cc   -DCHECK_FUNCTION_EXISTS=pthread_create   -o CMakeFiles/cmTC_ddf4b.dir/CheckFunctionExists.c.o   -c /usr/share/cmake-3.10/Modules/CheckFunctionExists.c
Linking C executable cmTC_ddf4b
/usr/bin/cmake -E cmake_link_script CMakeFiles/cmTC_ddf4b.dir/link.txt --verbose=1
/usr/bin/cc  -DCHECK_FUNCTION_EXISTS=pthread_create    -rdynamic CMakeFiles/cmTC_ddf4b.dir/CheckFunctionExists.c.o  -o cmTC_ddf4b -lpthreads 
/usr/bin/ld: cannot find -lpthreads
collect2: error: ld returned 1 exit status
CMakeFiles/cmTC_ddf4b.dir/build.make:97: recipe for target 'cmTC_ddf4b' failed
make[1]: *** [cmTC_ddf4b] Error 1
make[1]: 디렉터리 '/home/glab/fetch_TAMP/build/fetch_moveit_config/CMakeFiles/CMakeTmp' 나감
Makefile:126: recipe for target 'cmTC_ddf4b/fast' failed
make: *** [cmTC_ddf4b/fast] Error 2


