Determining if the pthread_create exist failed with the following output:
Change Dir: /home/glab/fetch_TAMP/build/occupancy_grid_utils/CMakeFiles/CMakeTmp

Run Build Command:"/usr/bin/make" "cmTC_8ea5c/fast"
/usr/bin/make -f CMakeFiles/cmTC_8ea5c.dir/build.make CMakeFiles/cmTC_8ea5c.dir/build
make[1]: 디렉터리 '/home/glab/fetch_TAMP/build/occupancy_grid_utils/CMakeFiles/CMakeTmp' 들어감
Building C object CMakeFiles/cmTC_8ea5c.dir/CheckSymbolExists.c.o
/usr/bin/cc    -o CMakeFiles/cmTC_8ea5c.dir/CheckSymbolExists.c.o   -c /home/glab/fetch_TAMP/build/occupancy_grid_utils/CMakeFiles/CMakeTmp/CheckSymbolExists.c
Linking C executable cmTC_8ea5c
/usr/bin/cmake -E cmake_link_script CMakeFiles/cmTC_8ea5c.dir/link.txt --verbose=1
/usr/bin/cc      -rdynamic CMakeFiles/cmTC_8ea5c.dir/CheckSymbolExists.c.o  -o cmTC_8ea5c 
CMakeFiles/cmTC_8ea5c.dir/CheckSymbolExists.c.o: In function `main':
CheckSymbolExists.c:(.text+0x1b): undefined reference to `pthread_create'
collect2: error: ld returned 1 exit status
CMakeFiles/cmTC_8ea5c.dir/build.make:97: recipe for target 'cmTC_8ea5c' failed
make[1]: *** [cmTC_8ea5c] Error 1
make[1]: 디렉터리 '/home/glab/fetch_TAMP/build/occupancy_grid_utils/CMakeFiles/CMakeTmp' 나감
Makefile:126: recipe for target 'cmTC_8ea5c/fast' failed
make: *** [cmTC_8ea5c/fast] Error 2

File /home/glab/fetch_TAMP/build/occupancy_grid_utils/CMakeFiles/CMakeTmp/CheckSymbolExists.c:
/* */
#include <pthread.h>

int main(int argc, char** argv)
{
  (void)argv;
#ifndef pthread_create
  return ((int*)(&pthread_create))[argc];
#else
  (void)argc;
  return 0;
#endif
}

Determining if the function pthread_create exists in the pthreads failed with the following output:
Change Dir: /home/glab/fetch_TAMP/build/occupancy_grid_utils/CMakeFiles/CMakeTmp

Run Build Command:"/usr/bin/make" "cmTC_4bbb9/fast"
/usr/bin/make -f CMakeFiles/cmTC_4bbb9.dir/build.make CMakeFiles/cmTC_4bbb9.dir/build
make[1]: 디렉터리 '/home/glab/fetch_TAMP/build/occupancy_grid_utils/CMakeFiles/CMakeTmp' 들어감
Building C object CMakeFiles/cmTC_4bbb9.dir/CheckFunctionExists.c.o
/usr/bin/cc   -DCHECK_FUNCTION_EXISTS=pthread_create   -o CMakeFiles/cmTC_4bbb9.dir/CheckFunctionExists.c.o   -c /usr/share/cmake-3.10/Modules/CheckFunctionExists.c
Linking C executable cmTC_4bbb9
/usr/bin/cmake -E cmake_link_script CMakeFiles/cmTC_4bbb9.dir/link.txt --verbose=1
/usr/bin/cc  -DCHECK_FUNCTION_EXISTS=pthread_create    -rdynamic CMakeFiles/cmTC_4bbb9.dir/CheckFunctionExists.c.o  -o cmTC_4bbb9 -lpthreads 
/usr/bin/ld: cannot find -lpthreads
collect2: error: ld returned 1 exit status
CMakeFiles/cmTC_4bbb9.dir/build.make:97: recipe for target 'cmTC_4bbb9' failed
make[1]: *** [cmTC_4bbb9] Error 1
make[1]: 디렉터리 '/home/glab/fetch_TAMP/build/occupancy_grid_utils/CMakeFiles/CMakeTmp' 나감
Makefile:126: recipe for target 'cmTC_4bbb9/fast' failed
make: *** [cmTC_4bbb9/fast] Error 2


